#
# There is insufficient memory for the Java Runtime Environment to continue.
# Native memory allocation (malloc) failed to allocate 32744 bytes for Chunk::new
# Possible reasons:
#   The system is out of physical RAM or swap space
#   The process is running with CompressedOops enabled, and the Java Heap may be blocking the growth of the native heap
# Possible solutions:
#   Reduce memory load on the system
#   Increase physical memory or swap space
#   Check if swap backing store is full
#   Decrease Java heap size (-Xmx/-Xms)
#   Decrease number of Java threads
#   Decrease Java thread stack sizes (-Xss)
#   Set larger code cache with -XX:ReservedCodeCacheSize=
#   JVM is running with Zero Based Compressed Oops mode in which the Java heap is
#     placed in the first 32GB address space. The Java Heap base address is the
#     maximum limit for the native heap growth. Please use -XX:HeapBaseMinAddress
#     to set the Java Heap base and to place the Java Heap above 32GB virtual address.
# This output file may be truncated or incomplete.
#
#  Out of Memory Error (arena.cpp:184), pid=12136, tid=23112
#
# JRE version: Java(TM) SE Runtime Environment (18.0.1.1+2) (build 18.0.1.1+2-6)
# Java VM: Java HotSpot(TM) 64-Bit Server VM (18.0.1.1+2-6, mixed mode, sharing, tiered, compressed oops, compressed class ptrs, g1 gc, windows-amd64)
# No core dump will be written. Minidumps are not enabled by default on client versions of Windows
#

---------------  S U M M A R Y ------------

Command Line: -Dfile.encoding=UTF-8 -XX:+ShowCodeDetailsInExceptionMessages SistemaVentas.Menu_Principal

Host: 11th Gen Intel(R) Core(TM) i3-1115G4 @ 3.00GHz, 4 cores, 11G,  Windows 11 , 64 bit Build 22000 (10.0.22000.708)
Time: Tue Jun 21 23:11:58 2022 Hora estándar, América Central elapsed time: 14000.960128 seconds (0d 3h 53m 20s)

---------------  T H R E A D  ---------------

Current thread (0x0000026f34789eb0):  JavaThread "C2 CompilerThread0" daemon [_thread_in_native, id=23112, stack(0x000000f602100000,0x000000f602200000)]


Current CompileTask:
C2:14000960 1877       4       sun.util.logging.PlatformLogger::isLoggable (23 bytes)

Stack: [0x000000f602100000,0x000000f602200000]
Native frames: (J=compiled Java code, j=interpreted, Vv=VM code, C=native code)
V  [jvm.dll+0x69887a]
V  [jvm.dll+0x7f38bd]
V  [jvm.dll+0x7f51ce]
V  [jvm.dll+0x7f5883]
V  [jvm.dll+0x25ca3f]
V  [jvm.dll+0xb8c2f]
V  [jvm.dll+0xb8fa5]
V  [jvm.dll+0x625770]
V  [jvm.dll+0x625906]
V  [jvm.dll+0x62b707]
V  [jvm.dll+0x62c662]
V  [jvm.dll+0x62aae4]
V  [jvm.dll+0x22fa98]
V  [jvm.dll+0x22eff1]
V  [jvm.dll+0x1b9cfc]
V  [jvm.dll+0x23e8ca]
V  [jvm.dll+0x23cbb5]
V  [jvm.dll+0x7a5fb1]
V  [jvm.dll+0x7a03ea]
V  [jvm.dll+0x697725]
C  [ucrtbase.dll+0x26c0c]
C  [KERNEL32.DLL+0x154e0]
C  [ntdll.dll+0x485b]


---------------  P R O C E S S  ---------------

Threads class SMR info:
_java_thread_list=0x0000026f398cced0, length=17, elements={
0x0000026f14b28700, 0x0000026f14b29ba0, 0x0000026f34785f80, 0x0000026f34788840,
0x0000026f347891e0, 0x0000026f3478c370, 0x0000026f34789eb0, 0x0000026f347ee570,
0x0000026f3480a200, 0x0000026f38c8c600, 0x0000026f38c92f00, 0x0000026f38ea70a0,
0x0000026f38ea7560, 0x0000026f38ee6090, 0x0000026f38fe6840, 0x0000026f3991f500,
0x0000026f39921b80
}

Java Threads: ( => current thread )
  0x0000026f14b28700 JavaThread "Reference Handler" daemon [_thread_blocked, id=23588, stack(0x000000f601b00000,0x000000f601c00000)]
  0x0000026f14b29ba0 JavaThread "Finalizer" daemon [_thread_blocked, id=6700, stack(0x000000f601c00000,0x000000f601d00000)]
  0x0000026f34785f80 JavaThread "Signal Dispatcher" daemon [_thread_blocked, id=25584, stack(0x000000f601d00000,0x000000f601e00000)]
  0x0000026f34788840 JavaThread "Attach Listener" daemon [_thread_blocked, id=10060, stack(0x000000f601e00000,0x000000f601f00000)]
  0x0000026f347891e0 JavaThread "Service Thread" daemon [_thread_blocked, id=27388, stack(0x000000f601f00000,0x000000f602000000)]
  0x0000026f3478c370 JavaThread "Monitor Deflation Thread" daemon [_thread_blocked, id=25788, stack(0x000000f602000000,0x000000f602100000)]
=>0x0000026f34789eb0 JavaThread "C2 CompilerThread0" daemon [_thread_in_native, id=23112, stack(0x000000f602100000,0x000000f602200000)]
  0x0000026f347ee570 JavaThread "C1 CompilerThread0" daemon [_thread_blocked, id=28080, stack(0x000000f602200000,0x000000f602300000)]
  0x0000026f3480a200 JavaThread "Sweeper thread" daemon [_thread_blocked, id=21692, stack(0x000000f602300000,0x000000f602400000)]
  0x0000026f38c8c600 JavaThread "Notification Thread" daemon [_thread_blocked, id=17328, stack(0x000000f602400000,0x000000f602500000)]
  0x0000026f38c92f00 JavaThread "Common-Cleaner" daemon [_thread_blocked, id=14044, stack(0x000000f602600000,0x000000f602700000)]
  0x0000026f38ea70a0 JavaThread "Java2D Disposer" daemon [_thread_blocked, id=20044, stack(0x000000f602700000,0x000000f602800000)]
  0x0000026f38ea7560 JavaThread "AWT-Shutdown" [_thread_blocked, id=24808, stack(0x000000f602800000,0x000000f602900000)]
  0x0000026f38ee6090 JavaThread "AWT-Windows" daemon [_thread_in_native, id=21592, stack(0x000000f602900000,0x000000f602a00000)]
  0x0000026f38fe6840 JavaThread "AWT-EventQueue-0" [_thread_blocked, id=19352, stack(0x000000f602a00000,0x000000f602b00000)]
  0x0000026f3991f500 JavaThread "TimerQueue" daemon [_thread_blocked, id=10892, stack(0x000000f602b00000,0x000000f602c00000)]
  0x0000026f39921b80 JavaThread "DestroyJavaVM" [_thread_blocked, id=10764, stack(0x000000f601400000,0x000000f601500000)]

Other Threads:
  0x0000026f14b236f0 VMThread "VM Thread" [stack: 0x000000f601a00000,0x000000f601b00000] [id=4996]
  0x0000026f38c92ae0 WatcherThread "VM Periodic Task Thread" [stack: 0x000000f602500000,0x000000f602600000] [id=26688]
  0x0000026f14abc770 WorkerThread "GC Thread#0" [stack: 0x000000f601500000,0x000000f601600000] [id=21812]
  0x0000026f398f8430 WorkerThread "GC Thread#1" [stack: 0x000000f603000000,0x000000f603100000] [id=9464]
  0x0000026f39c26800 WorkerThread "GC Thread#2" [stack: 0x000000f603100000,0x000000f603200000] [id=12816]
  0x0000026f39c26aa0 WorkerThread "GC Thread#3" [stack: 0x000000f603200000,0x000000f603300000] [id=28100]
  0x0000026f14ac9a00 ConcurrentGCThread "G1 Main Marker" [stack: 0x000000f601600000,0x000000f601700000] [id=12708]
  0x0000026f14aca3f0 WorkerThread "G1 Conc#0" [stack: 0x000000f601700000,0x000000f601800000] [id=27776]
  0x0000026f14afd930 ConcurrentGCThread "G1 Refine#0" [stack: 0x000000f601800000,0x000000f601900000] [id=25772]
  0x0000026f398f3e80 ConcurrentGCThread "G1 Refine#1" [stack: 0x000000f603300000,0x000000f603400000] [id=25800]
  0x0000026f14afe240 ConcurrentGCThread "G1 Service" [stack: 0x000000f601900000,0x000000f601a00000] [id=27912]

Threads with active compile tasks:
C2 CompilerThread0  14001221 1877       4       sun.util.logging.PlatformLogger::isLoggable (23 bytes)

VM state: not at safepoint (normal execution)

VM Mutex/Monitor currently owned by a thread: None

Heap address: 0x0000000744400000, size: 3004 MB, Compressed Oops mode: Zero based, Oop shift amount: 3

CDS archive(s) mapped at: [0x0000000800000000-0x0000000800ba0000-0x0000000800ba0000), size 12189696, SharedBaseAddress: 0x0000000800000000, ArchiveRelocationMode: 0.
Compressed class space mapped at: 0x0000000800c00000-0x0000000840c00000, reserved size: 1073741824
Narrow klass base: 0x0000000800000000, Narrow klass shift: 0, Narrow klass range: 0x100000000

GC Precious Log:
 CardTable entry size: 512
 Card Set container configuration: InlinePtr #cards 4 size 8 Array Of Cards #cards 16 size 48 Howl #buckets 8 coarsen threshold 3686 Howl Bitmap #cards 512 size 80 coarsen threshold 460 Card regions per heap region 1 cards per card region 4096
 CPUs: 4 total, 4 available
 Memory: 12014M
 Large Page Support: Disabled
 NUMA Support: Disabled
 Compressed Oops: Enabled (Zero based)
 Heap Region Size: 2M
 Heap Min Capacity: 8M
 Heap Initial Capacity: 188M
 Heap Max Capacity: 3004M
 Pre-touch: Disabled
 Parallel Workers: 4
 Concurrent Workers: 1
 Concurrent Refinement Workers: 4
 Periodic GC: Disabled

Heap:
 garbage-first heap   total 192512K, used 11567K [0x0000000744400000, 0x0000000800000000)
  region size 2048K, 3 young (6144K), 1 survivors (2048K)
 Metaspace       used 10982K, committed 11136K, reserved 1114112K
  class space    used 1196K, committed 1280K, reserved 1048576K

Heap Regions: E=young(eden), S=young(survivor), O=old, HS=humongous(starts), HC=humongous(continues), CS=collection set, F=free, OA=open archive, CA=closed archive, TAMS=top-at-mark-start (previous, next)
|   0|0x0000000744400000, 0x0000000744600000, 0x0000000744600000|100%|HS|  |TAMS 0x0000000744400000, 0x0000000744400000| Complete 
|   1|0x0000000744600000, 0x0000000744800000, 0x0000000744800000|100%|HS|  |TAMS 0x0000000744600000, 0x0000000744600000| Complete 
|   2|0x0000000744800000, 0x0000000744a00000, 0x0000000744a00000|100%|HC|  |TAMS 0x0000000744800000, 0x0000000744800000| Complete 
|   3|0x0000000744a00000, 0x0000000744b4be00, 0x0000000744c00000| 64%| O|  |TAMS 0x0000000744a00000, 0x0000000744a00000| Untracked 
|   4|0x0000000744c00000, 0x0000000744c00000, 0x0000000744e00000|  0%| F|  |TAMS 0x0000000744c00000, 0x0000000744c00000| Untracked 
|   5|0x0000000744e00000, 0x0000000744e00000, 0x0000000745000000|  0%| F|  |TAMS 0x0000000744e00000, 0x0000000744e00000| Untracked 
|   6|0x0000000745000000, 0x0000000745000000, 0x0000000745200000|  0%| F|  |TAMS 0x0000000745000000, 0x0000000745000000| Untracked 
|   7|0x0000000745200000, 0x0000000745200000, 0x0000000745400000|  0%| F|  |TAMS 0x0000000745200000, 0x0000000745200000| Untracked 
|   8|0x0000000745400000, 0x0000000745400000, 0x0000000745600000|  0%| F|  |TAMS 0x0000000745400000, 0x0000000745400000| Untracked 
|   9|0x0000000745600000, 0x0000000745600000, 0x0000000745800000|  0%| F|  |TAMS 0x0000000745600000, 0x0000000745600000| Untracked 
|  10|0x0000000745800000, 0x0000000745800000, 0x0000000745a00000|  0%| F|  |TAMS 0x0000000745800000, 0x0000000745800000| Untracked 
|  11|0x0000000745a00000, 0x0000000745a00000, 0x0000000745c00000|  0%| F|  |TAMS 0x0000000745a00000, 0x0000000745a00000| Untracked 
|  12|0x0000000745c00000, 0x0000000745c00000, 0x0000000745e00000|  0%| F|  |TAMS 0x0000000745c00000, 0x0000000745c00000| Untracked 
|  13|0x0000000745e00000, 0x0000000745e00000, 0x0000000746000000|  0%| F|  |TAMS 0x0000000745e00000, 0x0000000745e00000| Untracked 
|  14|0x0000000746000000, 0x0000000746000000, 0x0000000746200000|  0%| F|  |TAMS 0x0000000746000000, 0x0000000746000000| Untracked 
|  15|0x0000000746200000, 0x0000000746200000, 0x0000000746400000|  0%| F|  |TAMS 0x0000000746200000, 0x0000000746200000| Untracked 
|  16|0x0000000746400000, 0x0000000746400000, 0x0000000746600000|  0%| F|  |TAMS 0x0000000746400000, 0x0000000746400000| Untracked 
|  17|0x0000000746600000, 0x0000000746600000, 0x0000000746800000|  0%| F|  |TAMS 0x0000000746600000, 0x0000000746600000| Untracked 
|  18|0x0000000746800000, 0x0000000746800000, 0x0000000746a00000|  0%| F|  |TAMS 0x0000000746800000, 0x0000000746800000| Untracked 
|  19|0x0000000746a00000, 0x0000000746a00000, 0x0000000746c00000|  0%| F|  |TAMS 0x0000000746a00000, 0x0000000746a00000| Untracked 
|  20|0x0000000746c00000, 0x0000000746c00000, 0x0000000746e00000|  0%| F|  |TAMS 0x0000000746c00000, 0x0000000746c00000| Untracked 
|  21|0x0000000746e00000, 0x0000000746e00000, 0x0000000747000000|  0%| F|  |TAMS 0x0000000746e00000, 0x0000000746e00000| Untracked 
|  22|0x0000000747000000, 0x0000000747000000, 0x0000000747200000|  0%| F|  |TAMS 0x0000000747000000, 0x0000000747000000| Untracked 
|  23|0x0000000747200000, 0x0000000747200000, 0x0000000747400000|  0%| F|  |TAMS 0x0000000747200000, 0x0000000747200000| Untracked 
|  24|0x0000000747400000, 0x0000000747400000, 0x0000000747600000|  0%| F|  |TAMS 0x0000000747400000, 0x0000000747400000| Untracked 
|  25|0x0000000747600000, 0x0000000747600000, 0x0000000747800000|  0%| F|  |TAMS 0x0000000747600000, 0x0000000747600000| Untracked 
|  26|0x0000000747800000, 0x0000000747800000, 0x0000000747a00000|  0%| F|  |TAMS 0x0000000747800000, 0x0000000747800000| Untracked 
|  27|0x0000000747a00000, 0x0000000747a00000, 0x0000000747c00000|  0%| F|  |TAMS 0x0000000747a00000, 0x0000000747a00000| Untracked 
|  28|0x0000000747c00000, 0x0000000747c00000, 0x0000000747e00000|  0%| F|  |TAMS 0x0000000747c00000, 0x0000000747c00000| Untracked 
|  29|0x0000000747e00000, 0x0000000747e00000, 0x0000000748000000|  0%| F|  |TAMS 0x0000000747e00000, 0x0000000747e00000| Untracked 
|  30|0x0000000748000000, 0x0000000748000000, 0x0000000748200000|  0%| F|  |TAMS 0x0000000748000000, 0x0000000748000000| Untracked 
|  31|0x0000000748200000, 0x0000000748200000, 0x0000000748400000|  0%| F|  |TAMS 0x0000000748200000, 0x0000000748200000| Untracked 
|  32|0x0000000748400000, 0x0000000748400000, 0x0000000748600000|  0%| F|  |TAMS 0x0000000748400000, 0x0000000748400000| Untracked 
|  33|0x0000000748600000, 0x0000000748600000, 0x0000000748800000|  0%| F|  |TAMS 0x0000000748600000, 0x0000000748600000| Untracked 
|  34|0x0000000748800000, 0x0000000748800000, 0x0000000748a00000|  0%| F|  |TAMS 0x0000000748800000, 0x0000000748800000| Untracked 
|  35|0x0000000748a00000, 0x0000000748a00000, 0x0000000748c00000|  0%| F|  |TAMS 0x0000000748a00000, 0x0000000748a00000| Untracked 
|  36|0x0000000748c00000, 0x0000000748c00000, 0x0000000748e00000|  0%| F|  |TAMS 0x0000000748c00000, 0x0000000748c00000| Untracked 
|  37|0x0000000748e00000, 0x0000000748e00000, 0x0000000749000000|  0%| F|  |TAMS 0x0000000748e00000, 0x0000000748e00000| Untracked 
|  38|0x0000000749000000, 0x0000000749000000, 0x0000000749200000|  0%| F|  |TAMS 0x0000000749000000, 0x0000000749000000| Untracked 
|  39|0x0000000749200000, 0x0000000749200000, 0x0000000749400000|  0%| F|  |TAMS 0x0000000749200000, 0x0000000749200000| Untracked 
|  40|0x0000000749400000, 0x0000000749400000, 0x0000000749600000|  0%| F|  |TAMS 0x0000000749400000, 0x0000000749400000| Untracked 
|  41|0x0000000749600000, 0x0000000749600000, 0x0000000749800000|  0%| F|  |TAMS 0x0000000749600000, 0x0000000749600000| Untracked 
|  42|0x0000000749800000, 0x0000000749800000, 0x0000000749a00000|  0%| F|  |TAMS 0x0000000749800000, 0x0000000749800000| Untracked 
|  43|0x0000000749a00000, 0x0000000749a00000, 0x0000000749c00000|  0%| F|  |TAMS 0x0000000749a00000, 0x0000000749a00000| Untracked 
|  44|0x0000000749c00000, 0x0000000749c00000, 0x0000000749e00000|  0%| F|  |TAMS 0x0000000749c00000, 0x0000000749c00000| Untracked 
|  45|0x0000000749e00000, 0x0000000749e00000, 0x000000074a000000|  0%| F|  |TAMS 0x0000000749e00000, 0x0000000749e00000| Untracked 
|  46|0x000000074a000000, 0x000000074a000000, 0x000000074a200000|  0%| F|  |TAMS 0x000000074a000000, 0x000000074a000000| Untracked 
|  47|0x000000074a200000, 0x000000074a200000, 0x000000074a400000|  0%| F|  |TAMS 0x000000074a200000, 0x000000074a200000| Untracked 
|  48|0x000000074a400000, 0x000000074a400000, 0x000000074a600000|  0%| F|  |TAMS 0x000000074a400000, 0x000000074a400000| Untracked 
|  49|0x000000074a600000, 0x000000074a600000, 0x000000074a800000|  0%| F|  |TAMS 0x000000074a600000, 0x000000074a600000| Untracked 
|  50|0x000000074a800000, 0x000000074a800000, 0x000000074aa00000|  0%| F|  |TAMS 0x000000074a800000, 0x000000074a800000| Untracked 
|  51|0x000000074aa00000, 0x000000074aa00000, 0x000000074ac00000|  0%| F|  |TAMS 0x000000074aa00000, 0x000000074aa00000| Untracked 
|  52|0x000000074ac00000, 0x000000074ac00000, 0x000000074ae00000|  0%| F|  |TAMS 0x000000074ac00000, 0x000000074ac00000| Untracked 
|  53|0x000000074ae00000, 0x000000074ae00000, 0x000000074b000000|  0%| F|  |TAMS 0x000000074ae00000, 0x000000074ae00000| Untracked 
|  54|0x000000074b000000, 0x000000074b000000, 0x000000074b200000|  0%| F|  |TAMS 0x000000074b000000, 0x000000074b000000| Untracked 
|  55|0x000000074b200000, 0x000000074b200000, 0x000000074b400000|  0%| F|  |TAMS 0x000000074b200000, 0x000000074b200000| Untracked 
|  56|0x000000074b400000, 0x000000074b400000, 0x000000074b600000|  0%| F|  |TAMS 0x000000074b400000, 0x000000074b400000| Untracked 
|  57|0x000000074b600000, 0x000000074b600000, 0x000000074b800000|  0%| F|  |TAMS 0x000000074b600000, 0x000000074b600000| Untracked 
|  58|0x000000074b800000, 0x000000074b800000, 0x000000074ba00000|  0%| F|  |TAMS 0x000000074b800000, 0x000000074b800000| Untracked 
|  59|0x000000074ba00000, 0x000000074ba00000, 0x000000074bc00000|  0%| F|  |TAMS 0x000000074ba00000, 0x000000074ba00000| Untracked 
|  60|0x000000074bc00000, 0x000000074bc00000, 0x000000074be00000|  0%| F|  |TAMS 0x000000074bc00000, 0x000000074bc00000| Untracked 
|  61|0x000000074be00000, 0x000000074be00000, 0x000000074c000000|  0%| F|  |TAMS 0x000000074be00000, 0x000000074be00000| Untracked 
|  62|0x000000074c000000, 0x000000074c000000, 0x000000074c200000|  0%| F|  |TAMS 0x000000074c000000, 0x000000074c000000| Untracked 
|  63|0x000000074c200000, 0x000000074c200000, 0x000000074c400000|  0%| F|  |TAMS 0x000000074c200000, 0x000000074c200000| Untracked 
|  64|0x000000074c400000, 0x000000074c400000, 0x000000074c600000|  0%| F|  |TAMS 0x000000074c400000, 0x000000074c400000| Untracked 
|  65|0x000000074c600000, 0x000000074c600000, 0x000000074c800000|  0%| F|  |TAMS 0x000000074c600000, 0x000000074c600000| Untracked 
|  66|0x000000074c800000, 0x000000074c800000, 0x000000074ca00000|  0%| F|  |TAMS 0x000000074c800000, 0x000000074c800000| Untracked 
|  67|0x000000074ca00000, 0x000000074ca00000, 0x000000074cc00000|  0%| F|  |TAMS 0x000000074ca00000, 0x000000074ca00000| Untracked 
|  68|0x000000074cc00000, 0x000000074cc00000, 0x000000074ce00000|  0%| F|  |TAMS 0x000000074cc00000, 0x000000074cc00000| Untracked 
|  69|0x000000074ce00000, 0x000000074ce00000, 0x000000074d000000|  0%| F|  |TAMS 0x000000074ce00000, 0x000000074ce00000| Untracked 
|  70|0x000000074d000000, 0x000000074d000000, 0x000000074d200000|  0%| F|  |TAMS 0x000000074d000000, 0x000000074d000000| Untracked 
|  71|0x000000074d200000, 0x000000074d200000, 0x000000074d400000|  0%| F|  |TAMS 0x000000074d200000, 0x000000074d200000| Untracked 
|  72|0x000000074d400000, 0x000000074d400000, 0x000000074d600000|  0%| F|  |TAMS 0x000000074d400000, 0x000000074d400000| Untracked 
|  73|0x000000074d600000, 0x000000074d600000, 0x000000074d800000|  0%| F|  |TAMS 0x000000074d600000, 0x000000074d600000| Untracked 
|  74|0x000000074d800000, 0x000000074d800000, 0x000000074da00000|  0%| F|  |TAMS 0x000000074d800000, 0x000000074d800000| Untracked 
|  75|0x000000074da00000, 0x000000074da00000, 0x000000074dc00000|  0%| F|  |TAMS 0x000000074da00000, 0x000000074da00000| Untracked 
|  76|0x000000074dc00000, 0x000000074dc00000, 0x000000074de00000|  0%| F|  |TAMS 0x000000074dc00000, 0x000000074dc00000| Untracked 
|  77|0x000000074de00000, 0x000000074de00000, 0x000000074e000000|  0%| F|  |TAMS 0x000000074de00000, 0x000000074de00000| Untracked 
|  78|0x000000074e000000, 0x000000074e000000, 0x000000074e200000|  0%| F|  |TAMS 0x000000074e000000, 0x000000074e000000| Untracked 
|  79|0x000000074e200000, 0x000000074e200000, 0x000000074e400000|  0%| F|  |TAMS 0x000000074e200000, 0x000000074e200000| Untracked 
|  80|0x000000074e400000, 0x000000074e400000, 0x000000074e600000|  0%| F|  |TAMS 0x000000074e400000, 0x000000074e400000| Untracked 
|  81|0x000000074e600000, 0x000000074e600000, 0x000000074e800000|  0%| F|  |TAMS 0x000000074e600000, 0x000000074e600000| Untracked 
|  82|0x000000074e800000, 0x000000074e800000, 0x000000074ea00000|  0%| F|  |TAMS 0x000000074e800000, 0x000000074e800000| Untracked 
|  83|0x000000074ea00000, 0x000000074ea00000, 0x000000074ec00000|  0%| F|  |TAMS 0x000000074ea00000, 0x000000074ea00000| Untracked 
|  84|0x000000074ec00000, 0x000000074ec00000, 0x000000074ee00000|  0%| F|  |TAMS 0x000000074ec00000, 0x000000074ec00000| Untracked 
|  85|0x000000074ee00000, 0x000000074ee00000, 0x000000074f000000|  0%| F|  |TAMS 0x000000074ee00000, 0x000000074ee00000| Untracked 
|  86|0x000000074f000000, 0x000000074f000000, 0x000000074f200000|  0%| F|  |TAMS 0x000000074f000000, 0x000000074f000000| Untracked 
|  87|0x000000074f200000, 0x000000074f400000, 0x000000074f400000|100%| S|CS|TAMS 0x000000074f200000, 0x000000074f200000| Complete 
|  88|0x000000074f400000, 0x000000074f400000, 0x000000074f600000|  0%| F|  |TAMS 0x000000074f400000, 0x000000074f400000| Untracked 
|  89|0x000000074f600000, 0x000000074f600000, 0x000000074f800000|  0%| F|  |TAMS 0x000000074f600000, 0x000000074f600000| Untracked 
|  90|0x000000074f800000, 0x000000074f800000, 0x000000074fa00000|  0%| F|  |TAMS 0x000000074f800000, 0x000000074f800000| Untracked 
|  91|0x000000074fa00000, 0x000000074fa00000, 0x000000074fc00000|  0%| F|  |TAMS 0x000000074fa00000, 0x000000074fa00000| Untracked 
|  92|0x000000074fc00000, 0x000000074fcdf2b8, 0x000000074fe00000| 43%| E|  |TAMS 0x000000074fc00000, 0x000000074fc00000| Complete 
|  93|0x000000074fe00000, 0x0000000750000000, 0x0000000750000000|100%| E|CS|TAMS 0x000000074fe00000, 0x000000074fe00000| Complete 

Card table byte_map: [0x0000026f2b980000,0x0000026f2bf60000] _byte_map_base: 0x0000026f27f5e000

Marking Bits (Prev, Next): (CMBitMap*) 0x0000026f14abcd70, (CMBitMap*) 0x0000026f14abcdb0
 Prev Bits: [0x0000026f2c540000, 0x0000026f2f430000)
 Next Bits: [0x0000026f2f430000, 0x0000026f32320000)

Polling page: 0x0000026f129d0000

Metaspace:

Usage:
  Non-class:      9.56 MB used.
      Class:      1.17 MB used.
       Both:     10.73 MB used.

Virtual space:
  Non-class space:       64.00 MB reserved,       9.62 MB ( 15%) committed,  1 nodes.
      Class space:        1.00 GB reserved,       1.25 MB ( <1%) committed,  1 nodes.
             Both:        1.06 GB reserved,      10.88 MB ( <1%) committed. 

Chunk freelists:
   Non-Class:  2.21 MB
       Class:  2.72 MB
        Both:  4.92 MB

MaxMetaspaceSize: unlimited
CompressedClassSpaceSize: 1.00 GB
Initial GC threshold: 21.00 MB
Current GC threshold: 21.00 MB
CDS: on
MetaspaceReclaimPolicy: balanced
 - commit_granule_bytes: 65536.
 - commit_granule_words: 8192.
 - virtual_space_node_default_size: 8388608.
 - enlarge_chunks_in_place: 1.
 - new_chunks_are_fully_committed: 0.
 - uncommit_free_chunks: 1.
 - use_allocation_guard: 0.


Internal statistics:

num_allocs_failed_limit: 0.
num_arena_births: 140.
num_arena_deaths: 0.
num_vsnodes_births: 2.
num_vsnodes_deaths: 0.
num_space_committed: 174.
num_space_uncommitted: 0.
num_chunks_returned_to_freelist: 0.
num_chunks_taken_from_freelist: 220.
num_chunk_merges: 0.
num_chunk_splits: 119.
num_chunks_enlarged: 42.
num_inconsistent_stats: 0.

CodeHeap 'non-profiled nmethods': size=120000Kb used=680Kb max_used=680Kb free=119319Kb
 bounds [0x0000026f23e70000, 0x0000026f240e0000, 0x0000026f2b3a0000]
CodeHeap 'profiled nmethods': size=120000Kb used=3594Kb max_used=3594Kb free=116406Kb
 bounds [0x0000026f1c940000, 0x0000026f1ccd0000, 0x0000026f23e70000]
CodeHeap 'non-nmethods': size=5760Kb used=1316Kb max_used=1380Kb free=4443Kb
 bounds [0x0000026f1c3a0000, 0x0000026f1c610000, 0x0000026f1c940000]
 total_blobs=2497 nmethods=1870 adapters=538
 compilation: enabled
              stopped_count=0, restarted_count=0
 full_count=0

Compilation events (20 events):
Event: 1507.685 Thread 0x0000026f347ee570 nmethod 1867 0x0000026f1ccbfb10 code [0x0000026f1ccbfca0, 0x0000026f1ccbfe98]
Event: 11347.388 Thread 0x0000026f347ee570 1868       3       sun.awt.SunHints$LCDContrastKey::isCompatibleValue (36 bytes)
Event: 11347.398 Thread 0x0000026f347ee570 nmethod 1868 0x0000026f1ccbff10 code [0x0000026f1ccc00c0, 0x0000026f1ccc04d8]
Event: 11347.398 Thread 0x0000026f347ee570 1870       3       java.util.HashMap$EntryIterator::next (5 bytes)
Event: 11347.398 Thread 0x0000026f347ee570 nmethod 1870 0x0000026f1ccc0590 code [0x0000026f1ccc0720, 0x0000026f1ccc0868]
Event: 11347.398 Thread 0x0000026f347ee570 1869       3       java.util.HashMap$EntryIterator::next (5 bytes)
Event: 11347.398 Thread 0x0000026f347ee570 nmethod 1869 0x0000026f1ccc0910 code [0x0000026f1ccc0ac0, 0x0000026f1ccc0c48]
Event: 11347.666 Thread 0x0000026f347ee570 1871       1       sun.awt.NullComponentPeer::updateGraphicsData (2 bytes)
Event: 11347.666 Thread 0x0000026f347ee570 nmethod 1871 0x0000026f23f19810 code [0x0000026f23f199a0, 0x0000026f23f19a78]
Event: 11347.679 Thread 0x0000026f347ee570 1872       3       java.lang.Integer::equals (29 bytes)
Event: 11347.680 Thread 0x0000026f347ee570 nmethod 1872 0x0000026f1ccc0d10 code [0x0000026f1ccc0ec0, 0x0000026f1ccc12b8]
Event: 11414.028 Thread 0x0000026f347ee570 1873   !   3       java.awt.Toolkit::setDesktopProperty (81 bytes)
Event: 11414.028 Thread 0x0000026f347ee570 nmethod 1873 0x0000026f1ccc1390 code [0x0000026f1ccc15a0, 0x0000026f1ccc1e08]
Event: 14000.393 Thread 0x0000026f347ee570 1875       3       java.util.HashMap$HashIterator::<init> (79 bytes)
Event: 14000.393 Thread 0x0000026f34789eb0 1874       4       java.lang.StringLatin1::compareTo (52 bytes)
Event: 14000.393 Thread 0x0000026f347ee570 nmethod 1875 0x0000026f1ccc2090 code [0x0000026f1ccc2240, 0x0000026f1ccc2698]
Event: 14000.403 Thread 0x0000026f34789eb0 nmethod 1874 0x0000026f23f19b10 code [0x0000026f23f19c80, 0x0000026f23f19e58]
Event: 14000.442 Thread 0x0000026f34789eb0 1876       4       java.util.HashMap::put (13 bytes)
Event: 14000.448 Thread 0x0000026f34789eb0 nmethod 1876 0x0000026f23f19f10 code [0x0000026f23f1a0a0, 0x0000026f23f1a1e8]
Event: 14000.642 Thread 0x0000026f34789eb0 1877       4       sun.util.logging.PlatformLogger::isLoggable (23 bytes)

GC Heap History (2 events):
Event: 7.502 GC heap before
{Heap before GC invocations=0 (full 0):
 garbage-first heap   total 192512K, used 18432K [0x0000000744400000, 0x0000000800000000)
  region size 2048K, 6 young (12288K), 0 survivors (0K)
 Metaspace       used 10624K, committed 10816K, reserved 1114112K
  class space    used 1179K, committed 1280K, reserved 1048576K
}
Event: 7.507 GC heap after
{Heap after GC invocations=1 (full 0):
 garbage-first heap   total 192512K, used 9519K [0x0000000744400000, 0x0000000800000000)
  region size 2048K, 1 young (2048K), 1 survivors (2048K)
 Metaspace       used 10624K, committed 10816K, reserved 1114112K
  class space    used 1179K, committed 1280K, reserved 1048576K
}

Deoptimization events (20 events):
Event: 7.513 Thread 0x0000026f38fe6840 Uncommon trap: trap_request=0xffffff45 fr.pc=0x0000026f23ed0560 relative=0x00000000000000e0
Event: 7.513 Thread 0x0000026f38fe6840 Uncommon trap: reason=unstable_if action=reinterpret pc=0x0000026f23ed0560 method=java.lang.ref.SoftReference.get()Ljava/lang/Object; @ 17 c2
Event: 7.513 Thread 0x0000026f38fe6840 DEOPT PACKING pc=0x0000026f23ed0560 sp=0x000000f602afcfa0
Event: 7.513 Thread 0x0000026f38fe6840 DEOPT UNPACKING pc=0x0000026f1c3f5c23 sp=0x000000f602afcf50 mode 2
Event: 9.847 Thread 0x0000026f38fe6840 Uncommon trap: trap_request=0xffffffde fr.pc=0x0000026f23f0bfb4 relative=0x0000000000000114
Event: 9.847 Thread 0x0000026f38fe6840 Uncommon trap: reason=class_check action=maybe_recompile pc=0x0000026f23f0bfb4 method=jdk.internal.misc.Unsafe.allocateUninitializedArray(Ljava/lang/Class;I)Ljava/lang/Object; @ 51 c2
Event: 9.847 Thread 0x0000026f38fe6840 DEOPT PACKING pc=0x0000026f23f0bfb4 sp=0x000000f602afd820
Event: 9.847 Thread 0x0000026f38fe6840 DEOPT UNPACKING pc=0x0000026f1c3f5c23 sp=0x000000f602afd7a8 mode 2
Event: 9.847 Thread 0x0000026f38fe6840 Uncommon trap: trap_request=0xffffffde fr.pc=0x0000026f23f0bfb4 relative=0x0000000000000114
Event: 9.847 Thread 0x0000026f38fe6840 Uncommon trap: reason=class_check action=maybe_recompile pc=0x0000026f23f0bfb4 method=jdk.internal.misc.Unsafe.allocateUninitializedArray(Ljava/lang/Class;I)Ljava/lang/Object; @ 51 c2
Event: 9.847 Thread 0x0000026f38fe6840 DEOPT PACKING pc=0x0000026f23f0bfb4 sp=0x000000f602afd820
Event: 9.847 Thread 0x0000026f38fe6840 DEOPT UNPACKING pc=0x0000026f1c3f5c23 sp=0x000000f602afd7a8 mode 2
Event: 9.847 Thread 0x0000026f38fe6840 Uncommon trap: trap_request=0xffffffde fr.pc=0x0000026f23f0bfb4 relative=0x0000000000000114
Event: 9.847 Thread 0x0000026f38fe6840 Uncommon trap: reason=class_check action=maybe_recompile pc=0x0000026f23f0bfb4 method=jdk.internal.misc.Unsafe.allocateUninitializedArray(Ljava/lang/Class;I)Ljava/lang/Object; @ 51 c2
Event: 9.847 Thread 0x0000026f38fe6840 DEOPT PACKING pc=0x0000026f23f0bfb4 sp=0x000000f602afd820
Event: 9.847 Thread 0x0000026f38fe6840 DEOPT UNPACKING pc=0x0000026f1c3f5c23 sp=0x000000f602afd7a8 mode 2
Event: 9.847 Thread 0x0000026f38fe6840 Uncommon trap: trap_request=0xffffffde fr.pc=0x0000026f23f0bfb4 relative=0x0000000000000114
Event: 9.847 Thread 0x0000026f38fe6840 Uncommon trap: reason=class_check action=maybe_recompile pc=0x0000026f23f0bfb4 method=jdk.internal.misc.Unsafe.allocateUninitializedArray(Ljava/lang/Class;I)Ljava/lang/Object; @ 51 c2
Event: 9.847 Thread 0x0000026f38fe6840 DEOPT PACKING pc=0x0000026f23f0bfb4 sp=0x000000f602afd760
Event: 9.847 Thread 0x0000026f38fe6840 DEOPT UNPACKING pc=0x0000026f1c3f5c23 sp=0x000000f602afd6e8 mode 2

Classes loaded (20 events):
Event: 12.057 Loading class sun/text/CompactByteArray
Event: 12.057 Loading class sun/text/CompactByteArray done
Event: 12.058 Loading class sun/text/SupplementaryCharacterData
Event: 12.058 Loading class sun/text/SupplementaryCharacterData done
Event: 12.058 Loading class java/text/BreakIterator$BreakIteratorCache
Event: 12.058 Loading class java/text/BreakIterator$BreakIteratorCache done
Event: 12.058 Loading class javax/swing/text/DefaultHighlighter$LayeredHighlightInfo
Event: 12.058 Loading class javax/swing/text/DefaultHighlighter$HighlightInfo
Event: 12.058 Loading class javax/swing/text/DefaultHighlighter$HighlightInfo done
Event: 12.058 Loading class javax/swing/text/DefaultHighlighter$LayeredHighlightInfo done
Event: 13.018 Loading class javax/swing/text/GapContent$RemoveUndo
Event: 13.018 Loading class javax/swing/text/GapContent$RemoveUndo done
Event: 13.018 Loading class javax/swing/text/GapContent$UndoPosRef
Event: 13.018 Loading class javax/swing/text/GapContent$UndoPosRef done
Event: 11347.383 Loading class java/util/WeakHashMap$KeyIterator
Event: 11347.636 Loading class java/util/WeakHashMap$HashIterator
Event: 11347.637 Loading class java/util/WeakHashMap$HashIterator done
Event: 11347.637 Loading class java/util/WeakHashMap$KeyIterator done
Event: 11347.641 Loading class javax/swing/RepaintManager$DisplayChangedRunnable
Event: 11347.648 Loading class javax/swing/RepaintManager$DisplayChangedRunnable done

Classes unloaded (0 events):
No events

Classes redefined (0 events):
No events

Internal exceptions (16 events):
Event: 0.094 Thread 0x0000026f14a5f140 Exception <a 'java/lang/ClassNotFoundException'{0x000000074ff68e80}: sun/awt/resources/spi/awtProvider> (0x000000074ff68e80) 
thrown [s\open\src\hotspot\share\classfile\systemDictionary.cpp, line 255]
Event: 0.116 Thread 0x0000026f14a5f140 Exception <a 'java/io/FileNotFoundException'{0x000000074ffbe4f0}> (0x000000074ffbe4f0) 
thrown [s\open\src\hotspot\share\prims\jni.cpp, line 516]
Event: 0.123 Thread 0x0000026f14a5f140 Exception <a 'java/io/FileNotFoundException'{0x000000074ffeb528}> (0x000000074ffeb528) 
thrown [s\open\src\hotspot\share\prims\jni.cpp, line 516]
Event: 0.157 Thread 0x0000026f14a5f140 Exception <a 'java/lang/NoSuchMethodError'{0x000000074fc2b320}: 'java.lang.Object java.lang.invoke.DirectMethodHandle$Holder.invokeStaticInit(java.lang.Object)'> (0x000000074fc2b320) 
thrown [s\open\src\hotspot\share\interpreter\linkResolver.cpp, line 766]
Event: 0.191 Thread 0x0000026f14a5f140 Exception <a 'java/lang/NoSuchMethodError'{0x000000074fcb2880}: 'void java.lang.invoke.DirectMethodHandle$Holder.invokeSpecial(java.lang.Object, java.lang.Object, java.lang.Object)'> (0x000000074fcb2880) 
thrown [s\open\src\hotspot\share\interpreter\linkResolver.cpp, line 766]
Event: 0.197 Thread 0x0000026f14a5f140 Exception <a 'java/lang/NoSuchMethodError'{0x000000074fcde378}: 'java.lang.Object java.lang.invoke.DirectMethodHandle$Holder.newInvokeSpecial(java.lang.Object, java.lang.Object, java.lang.Object, java.lang.Object, java.lang.Object)'> (0x000000074fcde378) 
thrown [s\open\src\hotspot\share\interpreter\linkResolver.cpp, line 766]
Event: 0.203 Thread 0x0000026f14a5f140 Exception <a 'java/lang/NoSuchMethodError'{0x000000074fd100d8}: 'java.lang.Object java.lang.invoke.DirectMethodHandle$Holder.invokeStatic(java.lang.Object, int, java.lang.Object)'> (0x000000074fd100d8) 
thrown [s\open\src\hotspot\share\interpreter\linkResolver.cpp, line 766]
Event: 0.226 Thread 0x0000026f14a5f140 Exception <a 'java/lang/ClassNotFoundException'{0x000000074fdcd310}: com/sun/swing/internal/plaf/metal/resources/spi/metalProvider> (0x000000074fdcd310) 
thrown [s\open\src\hotspot\share\classfile\systemDictionary.cpp, line 255]
Event: 0.227 Thread 0x0000026f14a5f140 Exception <a 'java/lang/ClassNotFoundException'{0x000000074fdd1378}: com/sun/swing/internal/plaf/basic/resources/spi/basicProvider> (0x000000074fdd1378) 
thrown [s\open\src\hotspot\share\classfile\systemDictionary.cpp, line 255]
Event: 0.234 Thread 0x0000026f14a5f140 Exception <a 'java/lang/NoSuchMethodError'{0x000000074fdf20a8}: 'int java.lang.invoke.Invokers$Holder.invokeExact_MT(java.lang.Object, java.lang.Object)'> (0x000000074fdf20a8) 
thrown [s\open\src\hotspot\share\interpreter\linkResolver.cpp, line 766]
Event: 0.346 Thread 0x0000026f14a5f140 Exception <a 'java/lang/NoSuchMethodError'{0x000000074f835158}: 'void java.lang.invoke.DirectMethodHandle$Holder.invokeStaticInit(java.lang.Object)'> (0x000000074f835158) 
thrown [s\open\src\hotspot\share\interpreter\linkResolver.cpp, line 766]
Event: 0.385 Thread 0x0000026f38ee6090 Exception <a 'java/lang/NoSuchMethodError'{0x000000074fc4dc10}: 'void java.lang.invoke.DirectMethodHandle$Holder.invokeVirtual(java.lang.Object, java.lang.Object)'> (0x000000074fc4dc10) 
thrown [s\open\src\hotspot\share\interpreter\linkResolver.cpp, line 766]
Event: 0.467 Thread 0x0000026f14a5f140 Exception <a 'java/lang/NoSuchMethodError'{0x000000074f9346a8}: 'long java.lang.invoke.DirectMethodHandle$Holder.invokeSpecial(java.lang.Object, java.lang.Object)'> (0x000000074f9346a8) 
thrown [s\open\src\hotspot\share\interpreter\linkResolver.cpp, line 766]
Event: 0.467 Thread 0x0000026f14a5f140 Exception <a 'java/lang/NoSuchMethodError'{0x000000074f937d40}: 'long java.lang.invoke.Invokers$Holder.invokeExact_MT(java.lang.Object, java.lang.Object)'> (0x000000074f937d40) 
thrown [s\open\src\hotspot\share\interpreter\linkResolver.cpp, line 766]
Event: 6.226 Thread 0x0000026f38fe6840 Implicit null exception at 0x0000026f23ebe109 to 0x0000026f23ebf808
Event: 7.499 Thread 0x0000026f38fe6840 Exception <a 'java/lang/NoSuchMethodError'{0x000000074f5e2670}: 'void java.lang.invoke.DirectMethodHandle$Holder.invokeSpecial(java.lang.Object, java.lang.Object, java.lang.Object, java.lang.Object, java.lang.Object)'> (0x000000074f5e2670) 
thrown [s\open\src\hotspot\share\interpreter\linkResolver.cpp, line 766]

VM Operations (20 events):
Event: 9.520 Executing VM operation: Cleanup
Event: 9.520 Executing VM operation: Cleanup done
Event: 10.529 Executing VM operation: Cleanup
Event: 10.529 Executing VM operation: Cleanup done
Event: 11.539 Executing VM operation: Cleanup
Event: 11.539 Executing VM operation: Cleanup done
Event: 12.548 Executing VM operation: Cleanup
Event: 12.548 Executing VM operation: Cleanup done
Event: 13.557 Executing VM operation: Cleanup
Event: 13.557 Executing VM operation: Cleanup done
Event: 14.567 Executing VM operation: Cleanup
Event: 14.567 Executing VM operation: Cleanup done
Event: 15.578 Executing VM operation: Cleanup
Event: 15.578 Executing VM operation: Cleanup done
Event: 18.607 Executing VM operation: Cleanup
Event: 18.607 Executing VM operation: Cleanup done
Event: 11346.683 Executing VM operation: Cleanup
Event: 11346.855 Executing VM operation: Cleanup done
Event: 11347.864 Executing VM operation: Cleanup
Event: 11347.864 Executing VM operation: Cleanup done

Events (20 events):
Event: 0.029 Thread 0x0000026f347ee570 Thread added: 0x0000026f347ee570
Event: 0.030 Thread 0x0000026f3480a200 Thread added: 0x0000026f3480a200
Event: 0.048 Thread 0x0000026f38c8c600 Thread added: 0x0000026f38c8c600
Event: 0.050 Thread 0x0000026f38c92f00 Thread added: 0x0000026f38c92f00
Event: 0.071 Loaded shared library C:\Program Files\Java\jdk-18.0.1.1\bin\jimage.dll
Event: 0.079 Loaded shared library C:\Program Files\Java\jdk-18.0.1.1\bin\net.dll
Event: 0.080 Loaded shared library C:\Program Files\Java\jdk-18.0.1.1\bin\nio.dll
Event: 0.084 Loaded shared library C:\Program Files\Java\jdk-18.0.1.1\bin\zip.dll
Event: 0.105 Loaded shared library C:\Program Files\Java\jdk-18.0.1.1\bin\awt.dll
Event: 0.158 Thread 0x0000026f38ea70a0 Thread added: 0x0000026f38ea70a0
Event: 0.158 Thread 0x0000026f38ea7560 Thread added: 0x0000026f38ea7560
Event: 0.160 Thread 0x0000026f38ee6090 Thread added: 0x0000026f38ee6090
Event: 0.325 Thread 0x0000026f38fe6840 Thread added: 0x0000026f38fe6840
Event: 0.349 Loaded shared library C:\Program Files\Java\jdk-18.0.1.1\bin\freetype.dll
Event: 0.350 Loaded shared library C:\Program Files\Java\jdk-18.0.1.1\bin\fontmanager.dll
Event: 0.465 Thread 0x0000026f3991f500 Thread added: 0x0000026f3991f500
Event: 0.525 Thread 0x0000026f14a5f140 Thread exited: 0x0000026f14a5f140
Event: 0.525 Thread 0x0000026f39921b80 Thread added: 0x0000026f39921b80
Event: 7.477 Thread 0x0000026f39e3a7b0 Thread added: 0x0000026f39e3a7b0
Event: 7.876 Thread 0x0000026f39e3a7b0 Thread exited: 0x0000026f39e3a7b0


Dynamic libraries:
0x00007ff7eff30000 - 0x00007ff7eff40000 	C:\Program Files\Java\jdk-18.0.1.1\bin\javaw.exe
0x00007ffb50460000 - 0x00007ffb50669000 	C:\WINDOWS\SYSTEM32\ntdll.dll
0x00007ffb4f010000 - 0x00007ffb4f0cd000 	C:\WINDOWS\System32\KERNEL32.DLL
0x00007ffb4dc20000 - 0x00007ffb4df99000 	C:\WINDOWS\System32\KERNELBASE.dll
0x00007ffb4e060000 - 0x00007ffb4e171000 	C:\WINDOWS\System32\ucrtbase.dll
0x00007ffb2e970000 - 0x00007ffb2e988000 	C:\Program Files\Java\jdk-18.0.1.1\bin\jli.dll
0x00007ffb4e410000 - 0x00007ffb4e4be000 	C:\WINDOWS\System32\ADVAPI32.dll
0x00007ffb501c0000 - 0x00007ffb50263000 	C:\WINDOWS\System32\msvcrt.dll
0x00007ffb4ef70000 - 0x00007ffb4f00e000 	C:\WINDOWS\System32\sechost.dll
0x00007ffb4e750000 - 0x00007ffb4e870000 	C:\WINDOWS\System32\RPCRT4.dll
0x00007ffb50270000 - 0x00007ffb5041c000 	C:\WINDOWS\System32\USER32.dll
0x00007ffb4da60000 - 0x00007ffb4da86000 	C:\WINDOWS\System32\win32u.dll
0x00007ffb4e9e0000 - 0x00007ffb4ea09000 	C:\WINDOWS\System32\GDI32.dll
0x00007ffb4da90000 - 0x00007ffb4dba2000 	C:\WINDOWS\System32\gdi32full.dll
0x00007ffb4d9c0000 - 0x00007ffb4da5d000 	C:\WINDOWS\System32\msvcp_win.dll
0x00007ffb2e430000 - 0x00007ffb2e44a000 	C:\Program Files\Java\jdk-18.0.1.1\bin\VCRUNTIME140.dll
0x00007ffb26ac0000 - 0x00007ffb26d65000 	C:\WINDOWS\WinSxS\amd64_microsoft.windows.common-controls_6595b64144ccf1df_6.0.22000.120_none_9d947278b86cc467\COMCTL32.dll
0x00007ffb44980000 - 0x00007ffb4498a000 	C:\WINDOWS\SYSTEM32\VERSION.dll
0x00007ffb4f1b0000 - 0x00007ffb4f1e1000 	C:\WINDOWS\System32\IMM32.DLL
0x00007ffb46520000 - 0x00007ffb4652c000 	C:\Program Files\Java\jdk-18.0.1.1\bin\vcruntime140_1.dll
0x00007ffb2e3a0000 - 0x00007ffb2e42d000 	C:\Program Files\Java\jdk-18.0.1.1\bin\msvcp140.dll
0x00007ffaf0860000 - 0x00007ffaf1470000 	C:\Program Files\Java\jdk-18.0.1.1\bin\server\jvm.dll
0x00007ffb4eae0000 - 0x00007ffb4eae8000 	C:\WINDOWS\System32\PSAPI.DLL
0x00007ffb45170000 - 0x00007ffb45179000 	C:\WINDOWS\SYSTEM32\WSOCK32.dll
0x00007ffb4e680000 - 0x00007ffb4e6ef000 	C:\WINDOWS\System32\WS2_32.dll
0x00007ffb45130000 - 0x00007ffb45163000 	C:\WINDOWS\SYSTEM32\WINMM.dll
0x00007ffb4ca30000 - 0x00007ffb4ca48000 	C:\WINDOWS\SYSTEM32\kernel.appcore.dll
0x00007ffb44570000 - 0x00007ffb4457a000 	C:\Program Files\Java\jdk-18.0.1.1\bin\jimage.dll
0x00007ffb4b490000 - 0x00007ffb4b6b1000 	C:\WINDOWS\SYSTEM32\DBGHELP.DLL
0x00007ffb3beb0000 - 0x00007ffb3bee1000 	C:\WINDOWS\SYSTEM32\dbgcore.DLL
0x00007ffb4d940000 - 0x00007ffb4d9bf000 	C:\WINDOWS\System32\bcryptPrimitives.dll
0x00007ffb2e370000 - 0x00007ffb2e395000 	C:\Program Files\Java\jdk-18.0.1.1\bin\java.dll
0x00007ffb02f70000 - 0x00007ffb03046000 	C:\Program Files\Java\jdk-18.0.1.1\bin\jsvml.dll
0x00007ffb4f360000 - 0x00007ffb4fb18000 	C:\WINDOWS\System32\SHELL32.dll
0x00007ffb4bab0000 - 0x00007ffb4c318000 	C:\WINDOWS\SYSTEM32\windows.storage.dll
0x00007ffb4fb20000 - 0x00007ffb4fe99000 	C:\WINDOWS\System32\combase.dll
0x00007ffb4b940000 - 0x00007ffb4baa6000 	C:\WINDOWS\SYSTEM32\wintypes.dll
0x00007ffb4f270000 - 0x00007ffb4f35a000 	C:\WINDOWS\System32\SHCORE.dll
0x00007ffb4f210000 - 0x00007ffb4f26d000 	C:\WINDOWS\System32\shlwapi.dll
0x00007ffb4d870000 - 0x00007ffb4d891000 	C:\WINDOWS\SYSTEM32\profapi.dll
0x00007ffb2e350000 - 0x00007ffb2e363000 	C:\Program Files\Java\jdk-18.0.1.1\bin\net.dll
0x00007ffb46100000 - 0x00007ffb4620c000 	C:\WINDOWS\SYSTEM32\WINHTTP.dll
0x00007ffb4cee0000 - 0x00007ffb4cf47000 	C:\WINDOWS\system32\mswsock.dll
0x00007ffb2e330000 - 0x00007ffb2e346000 	C:\Program Files\Java\jdk-18.0.1.1\bin\nio.dll
0x00007ffb1b280000 - 0x00007ffb1b298000 	C:\Program Files\Java\jdk-18.0.1.1\bin\zip.dll
0x00007ffaf8400000 - 0x00007ffaf858f000 	C:\Program Files\Java\jdk-18.0.1.1\bin\awt.dll
0x00007ffb4f0d0000 - 0x00007ffb4f1a6000 	C:\WINDOWS\System32\OLEAUT32.dll
0x00007ffb4abf0000 - 0x00007ffb4ac81000 	C:\WINDOWS\SYSTEM32\apphelp.dll
0x00007ffb4b030000 - 0x00007ffb4b05f000 	C:\WINDOWS\system32\DWMAPI.DLL
0x00007ffb4acb0000 - 0x00007ffb4ad5c000 	C:\WINDOWS\system32\uxtheme.dll
0x00007ffb09c00000 - 0x00007ffb09d01000 	C:\WINDOWS\system32\opengl32.dll
0x00007ffb0a560000 - 0x00007ffb0a58d000 	C:\WINDOWS\SYSTEM32\GLU32.dll
0x00007ffb4ad90000 - 0x00007ffb4adc8000 	C:\WINDOWS\SYSTEM32\dxcore.dll
0x00007ffb4e2f0000 - 0x00007ffb4e40e000 	C:\WINDOWS\System32\MSCTF.dll
0x00007ffb4fea0000 - 0x00007ffb5003a000 	C:\WINDOWS\System32\ole32.dll
0x00007ffaf9770000 - 0x00007ffaf97f9000 	C:\Program Files\Java\jdk-18.0.1.1\bin\freetype.dll
0x00007ffaf9020000 - 0x00007ffaf90c8000 	C:\Program Files\Java\jdk-18.0.1.1\bin\fontmanager.dll
0x00007ffb08c00000 - 0x00007ffb08d2d000 	C:\WINDOWS\SYSTEM32\textinputframework.dll
0x00007ffb4a900000 - 0x00007ffb4aa32000 	C:\WINDOWS\SYSTEM32\CoreMessaging.dll
0x00007ffb48b70000 - 0x00007ffb48edd000 	C:\WINDOWS\SYSTEM32\CoreUIComponents.dll
0x00007ffb4d140000 - 0x00007ffb4d14c000 	C:\WINDOWS\SYSTEM32\CRYPTBASE.DLL
0x00007ffb4ea30000 - 0x00007ffb4eadf000 	C:\WINDOWS\System32\clbcatq.dll
0x00007ffb47b00000 - 0x00007ffb47cae000 	C:\WINDOWS\SYSTEM32\WindowsCodecs.dll
0x00007ffb003f0000 - 0x00007ffb0044d000 	C:\WINDOWS\system32\dataexchange.dll
0x00007ffb46ee0000 - 0x00007ffb47146000 	C:\WINDOWS\system32\twinapi.appcore.dll

dbghelp: loaded successfully - version: 4.0.5 - missing functions: none
symbol engine: initialized successfully - sym options: 0x614 - pdb path: .;C:\Program Files\Java\jdk-18.0.1.1\bin;C:\WINDOWS\SYSTEM32;C:\WINDOWS\WinSxS\amd64_microsoft.windows.common-controls_6595b64144ccf1df_6.0.22000.120_none_9d947278b86cc467;C:\Program Files\Java\jdk-18.0.1.1\bin\server

VM Arguments:
jvm_args: -Dfile.encoding=UTF-8 -XX:+ShowCodeDetailsInExceptionMessages 
java_command: SistemaVentas.Menu_Principal
java_class_path (initial): C:\Users\jnfg5\eclipse-workspace\Sistema_Ventas2\bin;C:\Users\jnfg5\eclipse-workspace\Sistema_Ventas2\librerias\gson-2.8.5.jar;C:\Users\jnfg5\eclipse-workspace\Sistema_Ventas2\librerias\itextpdf-5.4.0.jar;C:\Users\jnfg5\eclipse-workspace\Sistema_Ventas2\librerias\json-simple-1.1.1.jar
Launcher Type: SUN_STANDARD

[Global flags]
     intx CICompilerCount                          = 3                                         {product} {ergonomic}
     uint ConcGCThreads                            = 1                                         {product} {ergonomic}
     uint G1ConcRefinementThreads                  = 4                                         {product} {ergonomic}
   size_t G1HeapRegionSize                         = 2097152                                   {product} {ergonomic}
    uintx GCDrainStackTargetSize                   = 64                                        {product} {ergonomic}
   size_t InitialHeapSize                          = 197132288                                 {product} {ergonomic}
   size_t MarkStackSize                            = 4194304                                   {product} {ergonomic}
   size_t MaxHeapSize                              = 3149922304                                {product} {ergonomic}
   size_t MaxNewSize                               = 1889533952                                {product} {ergonomic}
   size_t MinHeapDeltaBytes                        = 2097152                                   {product} {ergonomic}
   size_t MinHeapSize                              = 8388608                                   {product} {ergonomic}
    uintx NonNMethodCodeHeapSize                   = 5832780                                {pd product} {ergonomic}
    uintx NonProfiledCodeHeapSize                  = 122912730                              {pd product} {ergonomic}
    uintx ProfiledCodeHeapSize                     = 122912730                              {pd product} {ergonomic}
    uintx ReservedCodeCacheSize                    = 251658240                              {pd product} {ergonomic}
     bool SegmentedCodeCache                       = true                                      {product} {ergonomic}
     bool ShowCodeDetailsInExceptionMessages       = true                                   {manageable} {command line}
   size_t SoftMaxHeapSize                          = 3149922304                             {manageable} {ergonomic}
     bool UseCompressedClassPointers               = true                           {product lp64_product} {ergonomic}
     bool UseCompressedOops                        = true                           {product lp64_product} {ergonomic}
     bool UseG1GC                                  = true                                      {product} {ergonomic}
     bool UseLargePagesIndividualAllocation        = false                                  {pd product} {ergonomic}

Logging:
Log output configuration:
 #0: stdout all=warning uptime,level,tags foldmultilines=false
 #1: stderr all=off uptime,level,tags foldmultilines=false

Environment Variables:
PATH=C:\Program Files\Common Files\Oracle\Java\javapath;C:\WINDOWS\system32;C:\WINDOWS;C:\WINDOWS\System32\Wbem;C:\WINDOWS\System32\WindowsPowerShell\v1.0\;C:\WINDOWS\System32\OpenSSH\;C:\Program Files (x86)\Microsoft SQL Server\150\Tools\Binn\;C:\Program Files\Microsoft SQL Server\150\Tools\Binn\;C:\Program Files (x86)\Microsoft SQL Server\150\DTS\Binn\;C:\Program Files\Microsoft SQL Server\150\DTS\Binn\;C:\Program Files\Microsoft SQL Server\Client SDK\ODBC\170\Tools\Binn\;C:\Program Files\Azure Data Studio\bin;C:\Program Files\Microsoft SQL Server\130\Tools\Binn\;C:\Program Files (x86)\Microsoft SQL Server\110\DTS\Binn\;C:\Program Files (x86)\Microsoft SQL Server\120\DTS\Binn\;C:\Program Files (x86)\Microsoft SQL Server\130\DTS\Binn\;C:\Program Files (x86)\Microsoft SQL Server\140\DTS\Binn\;C:\Program Files\dotnet\;C:\Program Files\nodejs\;C:\Users\jnfg5\AppData\Local\Microsoft\WindowsApps;;C:\Program Files\Azure Data Studio\bin;C:\Users\jnfg5\.dotnet\tools;C:\Users\jnfg5\AppData\Roaming\npm
USERNAME=jnfg5
OS=Windows_NT
PROCESSOR_IDENTIFIER=Intel64 Family 6 Model 140 Stepping 1, GenuineIntel



---------------  S Y S T E M  ---------------

OS:
 Windows 11 , 64 bit Build 22000 (10.0.22000.708)
OS uptime: 1 days 20:04 hours

CPU: total 4 (initial active 4) (2 cores per cpu, 2 threads per core) family 6 model 140 stepping 1 microcode 0xa4, cx8, cmov, fxsr, ht, mmx, 3dnowpref, sse, sse2, sse3, ssse3, sse4.1, sse4.2, popcnt, lzcnt, tsc, tscinvbit, avx, avx2, aes, erms, clmul, bmi1, bmi2, adx, avx512f, avx512dq, avx512cd, avx512bw, avx512vl, sha, fma, vzeroupper, avx512_vpopcntdq, avx512_vpclmulqdq, avx512_vaes, avx512_vnni, clflush, clflushopt, clwb, avx512_vbmi2, avx512_vbmi

Memory: 4k page, system-wide physical 12014M (2284M free)
TotalPageFile size 48878M (AvailPageFile size 274M)
current process WorkingSet (physical memory assigned to process): 47M, peak: 130M
current process commit charge ("private bytes"): 283M, peak: 335M

vm_info: Java HotSpot(TM) 64-Bit Server VM (18.0.1.1+2-6) for windows-amd64 JRE (18.0.1.1+2-6), built on Apr 25 2022 21:53:15 by "mach5one" with MS VC++ 16.8 / 16.9 (VS2019)

END.
