#
# There is insufficient memory for the Java Runtime Environment to continue.
# Native memory allocation (malloc) failed to allocate 32744 bytes for Chunk::new
# Possible reasons:
#   The system is out of physical RAM or swap space
#   The process is running with CompressedOops enabled, and the Java Heap may be blocking the growth of the native heap
# Possible solutions:
#   Reduce memory load on the system
#   Increase physical memory or swap space
#   Check if swap backing store is full
#   Decrease Java heap size (-Xmx/-Xms)
#   Decrease number of Java threads
#   Decrease Java thread stack sizes (-Xss)
#   Set larger code cache with -XX:ReservedCodeCacheSize=
#   JVM is running with Zero Based Compressed Oops mode in which the Java heap is
#     placed in the first 32GB address space. The Java Heap base address is the
#     maximum limit for the native heap growth. Please use -XX:HeapBaseMinAddress
#     to set the Java Heap base and to place the Java Heap above 32GB virtual address.
# This output file may be truncated or incomplete.
#
#  Out of Memory Error (arena.cpp:184), pid=10348, tid=14188
#
# JRE version: Java(TM) SE Runtime Environment (18.0.1.1+2) (build 18.0.1.1+2-6)
# Java VM: Java HotSpot(TM) 64-Bit Server VM (18.0.1.1+2-6, mixed mode, sharing, tiered, compressed oops, compressed class ptrs, g1 gc, windows-amd64)
# No core dump will be written. Minidumps are not enabled by default on client versions of Windows
#

---------------  S U M M A R Y ------------

Command Line: -Dfile.encoding=UTF-8 -XX:+ShowCodeDetailsInExceptionMessages SistemaVentas.Menu_Principal

Host: 11th Gen Intel(R) Core(TM) i3-1115G4 @ 3.00GHz, 4 cores, 11G,  Windows 11 , 64 bit Build 22000 (10.0.22000.708)
Time: Tue Jun 21 23:11:57 2022 Hora estándar, América Central elapsed time: 89018.739590 seconds (1d 0h 43m 38s)

---------------  T H R E A D  ---------------

Current thread (0x00000297feb9a810):  JavaThread "C2 CompilerThread0" daemon [_thread_in_native, id=14188, stack(0x000000ac8cd00000,0x000000ac8ce00000)]


Current CompileTask:
C2:89018739 2020       4       java.util.HashMap::putVal (300 bytes)

Stack: [0x000000ac8cd00000,0x000000ac8ce00000]
Native frames: (J=compiled Java code, j=interpreted, Vv=VM code, C=native code)
V  [jvm.dll+0x69887a]
V  [jvm.dll+0x7f38bd]
V  [jvm.dll+0x7f51ce]
V  [jvm.dll+0x7f5883]
V  [jvm.dll+0x25ca3f]
V  [jvm.dll+0xb8c2f]
V  [jvm.dll+0xb8fa5]
V  [jvm.dll+0x6760ea]
V  [jvm.dll+0x360e90]
V  [jvm.dll+0x35e98e]
V  [jvm.dll+0x1bd930]
V  [jvm.dll+0x2c6b58]
V  [jvm.dll+0x6b0b0e]
V  [jvm.dll+0x6a8c3b]
V  [jvm.dll+0x6a8275]
V  [jvm.dll+0x6a612b]
V  [jvm.dll+0x1bce5c]
V  [jvm.dll+0x22ebb8]
V  [jvm.dll+0x1b9cfc]
V  [jvm.dll+0x23e8ca]
V  [jvm.dll+0x23cbb5]
V  [jvm.dll+0x7a5fb1]
V  [jvm.dll+0x7a03ea]
V  [jvm.dll+0x697725]
C  [ucrtbase.dll+0x26c0c]
C  [KERNEL32.DLL+0x154e0]
C  [ntdll.dll+0x485b]


---------------  P R O C E S S  ---------------

Threads class SMR info:
_java_thread_list=0x00000297a08c02c0, length=17, elements={
0x00000297fa6972d0, 0x00000297fa698410, 0x00000297feb8eac0, 0x00000297feb91470,
0x00000297feb945c0, 0x00000297feb95700, 0x00000297feb9a810, 0x00000297feb9b1f0,
0x00000297feba5a60, 0x000002979f995e80, 0x000002979f9a1d40, 0x000002979fbc8ae0,
0x000002979fb9d570, 0x000002979fbccfb0, 0x000002979fcd0f70, 0x00000297a0968ec0,
0x00000297a09689f0
}

Java Threads: ( => current thread )
  0x00000297fa6972d0 JavaThread "Reference Handler" daemon [_thread_blocked, id=13420, stack(0x000000ac8c700000,0x000000ac8c800000)]
  0x00000297fa698410 JavaThread "Finalizer" daemon [_thread_blocked, id=2396, stack(0x000000ac8c800000,0x000000ac8c900000)]
  0x00000297feb8eac0 JavaThread "Signal Dispatcher" daemon [_thread_blocked, id=8404, stack(0x000000ac8c900000,0x000000ac8ca00000)]
  0x00000297feb91470 JavaThread "Attach Listener" daemon [_thread_blocked, id=6548, stack(0x000000ac8ca00000,0x000000ac8cb00000)]
  0x00000297feb945c0 JavaThread "Service Thread" daemon [_thread_blocked, id=5620, stack(0x000000ac8cb00000,0x000000ac8cc00000)]
  0x00000297feb95700 JavaThread "Monitor Deflation Thread" daemon [_thread_blocked, id=14528, stack(0x000000ac8cc00000,0x000000ac8cd00000)]
=>0x00000297feb9a810 JavaThread "C2 CompilerThread0" daemon [_thread_in_native, id=14188, stack(0x000000ac8cd00000,0x000000ac8ce00000)]
  0x00000297feb9b1f0 JavaThread "C1 CompilerThread0" daemon [_thread_blocked, id=3424, stack(0x000000ac8ce00000,0x000000ac8cf00000)]
  0x00000297feba5a60 JavaThread "Sweeper thread" daemon [_thread_blocked, id=12540, stack(0x000000ac8cf00000,0x000000ac8d000000)]
  0x000002979f995e80 JavaThread "Notification Thread" daemon [_thread_blocked, id=1288, stack(0x000000ac8d000000,0x000000ac8d100000)]
  0x000002979f9a1d40 JavaThread "Common-Cleaner" daemon [_thread_blocked, id=8276, stack(0x000000ac8d200000,0x000000ac8d300000)]
  0x000002979fbc8ae0 JavaThread "Java2D Disposer" daemon [_thread_blocked, id=12564, stack(0x000000ac8d400000,0x000000ac8d500000)]
  0x000002979fb9d570 JavaThread "AWT-Shutdown" [_thread_blocked, id=12892, stack(0x000000ac8d500000,0x000000ac8d600000)]
  0x000002979fbccfb0 JavaThread "AWT-Windows" daemon [_thread_in_native, id=18956, stack(0x000000ac8d600000,0x000000ac8d700000)]
  0x000002979fcd0f70 JavaThread "AWT-EventQueue-0" [_thread_blocked, id=11248, stack(0x000000ac8d700000,0x000000ac8d800000)]
  0x00000297a0968ec0 JavaThread "TimerQueue" daemon [_thread_blocked, id=4960, stack(0x000000ac8d800000,0x000000ac8d900000)]
  0x00000297a09689f0 JavaThread "DestroyJavaVM" [_thread_blocked, id=13212, stack(0x000000ac8c000000,0x000000ac8c100000)]

Other Threads:
  0x00000297fa691ec0 VMThread "VM Thread" [stack: 0x000000ac8c600000,0x000000ac8c700000] [id=14552]
  0x000002979f940740 WatcherThread "VM Periodic Task Thread" [stack: 0x000000ac8d100000,0x000000ac8d200000] [id=10472]
  0x00000297fa62ad80 WorkerThread "GC Thread#0" [stack: 0x000000ac8c100000,0x000000ac8c200000] [id=3308]
  0x00000297a0966620 WorkerThread "GC Thread#1" [stack: 0x000000ac8dc00000,0x000000ac8dd00000] [id=17460]
  0x00000297a09668c0 WorkerThread "GC Thread#2" [stack: 0x000000ac8dd00000,0x000000ac8de00000] [id=14140]
  0x00000297a0966b60 WorkerThread "GC Thread#3" [stack: 0x000000ac8de00000,0x000000ac8df00000] [id=11868]
  0x00000297fa637870 ConcurrentGCThread "G1 Main Marker" [stack: 0x000000ac8c200000,0x000000ac8c300000] [id=15856]
  0x00000297fa638a00 WorkerThread "G1 Conc#0" [stack: 0x000000ac8c300000,0x000000ac8c400000] [id=1676]
  0x00000297fa66b2e0 ConcurrentGCThread "G1 Refine#0" [stack: 0x000000ac8c400000,0x000000ac8c500000] [id=16864]
  0x00000297a0966e00 ConcurrentGCThread "G1 Refine#1" [stack: 0x000000ac8df00000,0x000000ac8e000000] [id=5872]
  0x00000297fa66bbf0 ConcurrentGCThread "G1 Service" [stack: 0x000000ac8c500000,0x000000ac8c600000] [id=12332]

Threads with active compile tasks:
C2 CompilerThread0  89019158 2020       4       java.util.HashMap::putVal (300 bytes)

VM state: not at safepoint (normal execution)

VM Mutex/Monitor currently owned by a thread: None

Heap address: 0x0000000744400000, size: 3004 MB, Compressed Oops mode: Zero based, Oop shift amount: 3

CDS archive(s) mapped at: [0x0000000800000000-0x0000000800ba0000-0x0000000800ba0000), size 12189696, SharedBaseAddress: 0x0000000800000000, ArchiveRelocationMode: 0.
Compressed class space mapped at: 0x0000000800c00000-0x0000000840c00000, reserved size: 1073741824
Narrow klass base: 0x0000000800000000, Narrow klass shift: 0, Narrow klass range: 0x100000000

GC Precious Log:
 CardTable entry size: 512
 Card Set container configuration: InlinePtr #cards 4 size 8 Array Of Cards #cards 16 size 48 Howl #buckets 8 coarsen threshold 3686 Howl Bitmap #cards 512 size 80 coarsen threshold 460 Card regions per heap region 1 cards per card region 4096
 CPUs: 4 total, 4 available
 Memory: 12014M
 Large Page Support: Disabled
 NUMA Support: Disabled
 Compressed Oops: Enabled (Zero based)
 Heap Region Size: 2M
 Heap Min Capacity: 8M
 Heap Initial Capacity: 188M
 Heap Max Capacity: 3004M
 Pre-touch: Disabled
 Parallel Workers: 4
 Concurrent Workers: 1
 Concurrent Refinement Workers: 4
 Periodic GC: Disabled

Heap:
 garbage-first heap   total 192512K, used 11713K [0x0000000744400000, 0x0000000800000000)
  region size 2048K, 5 young (10240K), 1 survivors (2048K)
 Metaspace       used 10685K, committed 10944K, reserved 1114112K
  class space    used 1125K, committed 1280K, reserved 1048576K

Heap Regions: E=young(eden), S=young(survivor), O=old, HS=humongous(starts), HC=humongous(continues), CS=collection set, F=free, OA=open archive, CA=closed archive, TAMS=top-at-mark-start (previous, next)
|   0|0x0000000744400000, 0x0000000744600000, 0x0000000744600000|100%|HS|  |TAMS 0x0000000744400000, 0x0000000744400000| Complete 
|   1|0x0000000744600000, 0x0000000744770600, 0x0000000744800000| 71%| O|  |TAMS 0x0000000744600000, 0x0000000744600000| Untracked 
|   2|0x0000000744800000, 0x0000000744800000, 0x0000000744a00000|  0%| F|  |TAMS 0x0000000744800000, 0x0000000744800000| Untracked 
|   3|0x0000000744a00000, 0x0000000744a00000, 0x0000000744c00000|  0%| F|  |TAMS 0x0000000744a00000, 0x0000000744a00000| Untracked 
|   4|0x0000000744c00000, 0x0000000744c00000, 0x0000000744e00000|  0%| F|  |TAMS 0x0000000744c00000, 0x0000000744c00000| Untracked 
|   5|0x0000000744e00000, 0x0000000744e00000, 0x0000000745000000|  0%| F|  |TAMS 0x0000000744e00000, 0x0000000744e00000| Untracked 
|   6|0x0000000745000000, 0x0000000745000000, 0x0000000745200000|  0%| F|  |TAMS 0x0000000745000000, 0x0000000745000000| Untracked 
|   7|0x0000000745200000, 0x0000000745200000, 0x0000000745400000|  0%| F|  |TAMS 0x0000000745200000, 0x0000000745200000| Untracked 
|   8|0x0000000745400000, 0x0000000745400000, 0x0000000745600000|  0%| F|  |TAMS 0x0000000745400000, 0x0000000745400000| Untracked 
|   9|0x0000000745600000, 0x0000000745600000, 0x0000000745800000|  0%| F|  |TAMS 0x0000000745600000, 0x0000000745600000| Untracked 
|  10|0x0000000745800000, 0x0000000745800000, 0x0000000745a00000|  0%| F|  |TAMS 0x0000000745800000, 0x0000000745800000| Untracked 
|  11|0x0000000745a00000, 0x0000000745a00000, 0x0000000745c00000|  0%| F|  |TAMS 0x0000000745a00000, 0x0000000745a00000| Untracked 
|  12|0x0000000745c00000, 0x0000000745c00000, 0x0000000745e00000|  0%| F|  |TAMS 0x0000000745c00000, 0x0000000745c00000| Untracked 
|  13|0x0000000745e00000, 0x0000000745e00000, 0x0000000746000000|  0%| F|  |TAMS 0x0000000745e00000, 0x0000000745e00000| Untracked 
|  14|0x0000000746000000, 0x0000000746000000, 0x0000000746200000|  0%| F|  |TAMS 0x0000000746000000, 0x0000000746000000| Untracked 
|  15|0x0000000746200000, 0x0000000746200000, 0x0000000746400000|  0%| F|  |TAMS 0x0000000746200000, 0x0000000746200000| Untracked 
|  16|0x0000000746400000, 0x0000000746400000, 0x0000000746600000|  0%| F|  |TAMS 0x0000000746400000, 0x0000000746400000| Untracked 
|  17|0x0000000746600000, 0x0000000746600000, 0x0000000746800000|  0%| F|  |TAMS 0x0000000746600000, 0x0000000746600000| Untracked 
|  18|0x0000000746800000, 0x0000000746800000, 0x0000000746a00000|  0%| F|  |TAMS 0x0000000746800000, 0x0000000746800000| Untracked 
|  19|0x0000000746a00000, 0x0000000746a00000, 0x0000000746c00000|  0%| F|  |TAMS 0x0000000746a00000, 0x0000000746a00000| Untracked 
|  20|0x0000000746c00000, 0x0000000746c00000, 0x0000000746e00000|  0%| F|  |TAMS 0x0000000746c00000, 0x0000000746c00000| Untracked 
|  21|0x0000000746e00000, 0x0000000746e00000, 0x0000000747000000|  0%| F|  |TAMS 0x0000000746e00000, 0x0000000746e00000| Untracked 
|  22|0x0000000747000000, 0x0000000747000000, 0x0000000747200000|  0%| F|  |TAMS 0x0000000747000000, 0x0000000747000000| Untracked 
|  23|0x0000000747200000, 0x0000000747200000, 0x0000000747400000|  0%| F|  |TAMS 0x0000000747200000, 0x0000000747200000| Untracked 
|  24|0x0000000747400000, 0x0000000747400000, 0x0000000747600000|  0%| F|  |TAMS 0x0000000747400000, 0x0000000747400000| Untracked 
|  25|0x0000000747600000, 0x0000000747600000, 0x0000000747800000|  0%| F|  |TAMS 0x0000000747600000, 0x0000000747600000| Untracked 
|  26|0x0000000747800000, 0x0000000747800000, 0x0000000747a00000|  0%| F|  |TAMS 0x0000000747800000, 0x0000000747800000| Untracked 
|  27|0x0000000747a00000, 0x0000000747a00000, 0x0000000747c00000|  0%| F|  |TAMS 0x0000000747a00000, 0x0000000747a00000| Untracked 
|  28|0x0000000747c00000, 0x0000000747c00000, 0x0000000747e00000|  0%| F|  |TAMS 0x0000000747c00000, 0x0000000747c00000| Untracked 
|  29|0x0000000747e00000, 0x0000000747e00000, 0x0000000748000000|  0%| F|  |TAMS 0x0000000747e00000, 0x0000000747e00000| Untracked 
|  30|0x0000000748000000, 0x0000000748000000, 0x0000000748200000|  0%| F|  |TAMS 0x0000000748000000, 0x0000000748000000| Untracked 
|  31|0x0000000748200000, 0x0000000748200000, 0x0000000748400000|  0%| F|  |TAMS 0x0000000748200000, 0x0000000748200000| Untracked 
|  32|0x0000000748400000, 0x0000000748400000, 0x0000000748600000|  0%| F|  |TAMS 0x0000000748400000, 0x0000000748400000| Untracked 
|  33|0x0000000748600000, 0x0000000748600000, 0x0000000748800000|  0%| F|  |TAMS 0x0000000748600000, 0x0000000748600000| Untracked 
|  34|0x0000000748800000, 0x0000000748800000, 0x0000000748a00000|  0%| F|  |TAMS 0x0000000748800000, 0x0000000748800000| Untracked 
|  35|0x0000000748a00000, 0x0000000748a00000, 0x0000000748c00000|  0%| F|  |TAMS 0x0000000748a00000, 0x0000000748a00000| Untracked 
|  36|0x0000000748c00000, 0x0000000748c00000, 0x0000000748e00000|  0%| F|  |TAMS 0x0000000748c00000, 0x0000000748c00000| Untracked 
|  37|0x0000000748e00000, 0x0000000748e00000, 0x0000000749000000|  0%| F|  |TAMS 0x0000000748e00000, 0x0000000748e00000| Untracked 
|  38|0x0000000749000000, 0x0000000749000000, 0x0000000749200000|  0%| F|  |TAMS 0x0000000749000000, 0x0000000749000000| Untracked 
|  39|0x0000000749200000, 0x0000000749200000, 0x0000000749400000|  0%| F|  |TAMS 0x0000000749200000, 0x0000000749200000| Untracked 
|  40|0x0000000749400000, 0x0000000749400000, 0x0000000749600000|  0%| F|  |TAMS 0x0000000749400000, 0x0000000749400000| Untracked 
|  41|0x0000000749600000, 0x0000000749600000, 0x0000000749800000|  0%| F|  |TAMS 0x0000000749600000, 0x0000000749600000| Untracked 
|  42|0x0000000749800000, 0x0000000749800000, 0x0000000749a00000|  0%| F|  |TAMS 0x0000000749800000, 0x0000000749800000| Untracked 
|  43|0x0000000749a00000, 0x0000000749a00000, 0x0000000749c00000|  0%| F|  |TAMS 0x0000000749a00000, 0x0000000749a00000| Untracked 
|  44|0x0000000749c00000, 0x0000000749c00000, 0x0000000749e00000|  0%| F|  |TAMS 0x0000000749c00000, 0x0000000749c00000| Untracked 
|  45|0x0000000749e00000, 0x0000000749e00000, 0x000000074a000000|  0%| F|  |TAMS 0x0000000749e00000, 0x0000000749e00000| Untracked 
|  46|0x000000074a000000, 0x000000074a000000, 0x000000074a200000|  0%| F|  |TAMS 0x000000074a000000, 0x000000074a000000| Untracked 
|  47|0x000000074a200000, 0x000000074a200000, 0x000000074a400000|  0%| F|  |TAMS 0x000000074a200000, 0x000000074a200000| Untracked 
|  48|0x000000074a400000, 0x000000074a400000, 0x000000074a600000|  0%| F|  |TAMS 0x000000074a400000, 0x000000074a400000| Untracked 
|  49|0x000000074a600000, 0x000000074a600000, 0x000000074a800000|  0%| F|  |TAMS 0x000000074a600000, 0x000000074a600000| Untracked 
|  50|0x000000074a800000, 0x000000074a800000, 0x000000074aa00000|  0%| F|  |TAMS 0x000000074a800000, 0x000000074a800000| Untracked 
|  51|0x000000074aa00000, 0x000000074aa00000, 0x000000074ac00000|  0%| F|  |TAMS 0x000000074aa00000, 0x000000074aa00000| Untracked 
|  52|0x000000074ac00000, 0x000000074ac00000, 0x000000074ae00000|  0%| F|  |TAMS 0x000000074ac00000, 0x000000074ac00000| Untracked 
|  53|0x000000074ae00000, 0x000000074ae00000, 0x000000074b000000|  0%| F|  |TAMS 0x000000074ae00000, 0x000000074ae00000| Untracked 
|  54|0x000000074b000000, 0x000000074b000000, 0x000000074b200000|  0%| F|  |TAMS 0x000000074b000000, 0x000000074b000000| Untracked 
|  55|0x000000074b200000, 0x000000074b200000, 0x000000074b400000|  0%| F|  |TAMS 0x000000074b200000, 0x000000074b200000| Untracked 
|  56|0x000000074b400000, 0x000000074b400000, 0x000000074b600000|  0%| F|  |TAMS 0x000000074b400000, 0x000000074b400000| Untracked 
|  57|0x000000074b600000, 0x000000074b600000, 0x000000074b800000|  0%| F|  |TAMS 0x000000074b600000, 0x000000074b600000| Untracked 
|  58|0x000000074b800000, 0x000000074b800000, 0x000000074ba00000|  0%| F|  |TAMS 0x000000074b800000, 0x000000074b800000| Untracked 
|  59|0x000000074ba00000, 0x000000074ba00000, 0x000000074bc00000|  0%| F|  |TAMS 0x000000074ba00000, 0x000000074ba00000| Untracked 
|  60|0x000000074bc00000, 0x000000074bc00000, 0x000000074be00000|  0%| F|  |TAMS 0x000000074bc00000, 0x000000074bc00000| Untracked 
|  61|0x000000074be00000, 0x000000074be00000, 0x000000074c000000|  0%| F|  |TAMS 0x000000074be00000, 0x000000074be00000| Untracked 
|  62|0x000000074c000000, 0x000000074c000000, 0x000000074c200000|  0%| F|  |TAMS 0x000000074c000000, 0x000000074c000000| Untracked 
|  63|0x000000074c200000, 0x000000074c200000, 0x000000074c400000|  0%| F|  |TAMS 0x000000074c200000, 0x000000074c200000| Untracked 
|  64|0x000000074c400000, 0x000000074c400000, 0x000000074c600000|  0%| F|  |TAMS 0x000000074c400000, 0x000000074c400000| Untracked 
|  65|0x000000074c600000, 0x000000074c600000, 0x000000074c800000|  0%| F|  |TAMS 0x000000074c600000, 0x000000074c600000| Untracked 
|  66|0x000000074c800000, 0x000000074c800000, 0x000000074ca00000|  0%| F|  |TAMS 0x000000074c800000, 0x000000074c800000| Untracked 
|  67|0x000000074ca00000, 0x000000074ca00000, 0x000000074cc00000|  0%| F|  |TAMS 0x000000074ca00000, 0x000000074ca00000| Untracked 
|  68|0x000000074cc00000, 0x000000074cc00000, 0x000000074ce00000|  0%| F|  |TAMS 0x000000074cc00000, 0x000000074cc00000| Untracked 
|  69|0x000000074ce00000, 0x000000074ce00000, 0x000000074d000000|  0%| F|  |TAMS 0x000000074ce00000, 0x000000074ce00000| Untracked 
|  70|0x000000074d000000, 0x000000074d000000, 0x000000074d200000|  0%| F|  |TAMS 0x000000074d000000, 0x000000074d000000| Untracked 
|  71|0x000000074d200000, 0x000000074d200000, 0x000000074d400000|  0%| F|  |TAMS 0x000000074d200000, 0x000000074d200000| Untracked 
|  72|0x000000074d400000, 0x000000074d400000, 0x000000074d600000|  0%| F|  |TAMS 0x000000074d400000, 0x000000074d400000| Untracked 
|  73|0x000000074d600000, 0x000000074d600000, 0x000000074d800000|  0%| F|  |TAMS 0x000000074d600000, 0x000000074d600000| Untracked 
|  74|0x000000074d800000, 0x000000074d800000, 0x000000074da00000|  0%| F|  |TAMS 0x000000074d800000, 0x000000074d800000| Untracked 
|  75|0x000000074da00000, 0x000000074da00000, 0x000000074dc00000|  0%| F|  |TAMS 0x000000074da00000, 0x000000074da00000| Untracked 
|  76|0x000000074dc00000, 0x000000074dc00000, 0x000000074de00000|  0%| F|  |TAMS 0x000000074dc00000, 0x000000074dc00000| Untracked 
|  77|0x000000074de00000, 0x000000074de00000, 0x000000074e000000|  0%| F|  |TAMS 0x000000074de00000, 0x000000074de00000| Untracked 
|  78|0x000000074e000000, 0x000000074e000000, 0x000000074e200000|  0%| F|  |TAMS 0x000000074e000000, 0x000000074e000000| Untracked 
|  79|0x000000074e200000, 0x000000074e200000, 0x000000074e400000|  0%| F|  |TAMS 0x000000074e200000, 0x000000074e200000| Untracked 
|  80|0x000000074e400000, 0x000000074e400000, 0x000000074e600000|  0%| F|  |TAMS 0x000000074e400000, 0x000000074e400000| Untracked 
|  81|0x000000074e600000, 0x000000074e600000, 0x000000074e800000|  0%| F|  |TAMS 0x000000074e600000, 0x000000074e600000| Untracked 
|  82|0x000000074e800000, 0x000000074e800000, 0x000000074ea00000|  0%| F|  |TAMS 0x000000074e800000, 0x000000074e800000| Untracked 
|  83|0x000000074ea00000, 0x000000074ea00000, 0x000000074ec00000|  0%| F|  |TAMS 0x000000074ea00000, 0x000000074ea00000| Untracked 
|  84|0x000000074ec00000, 0x000000074ec00000, 0x000000074ee00000|  0%| F|  |TAMS 0x000000074ec00000, 0x000000074ec00000| Untracked 
|  85|0x000000074ee00000, 0x000000074ee00000, 0x000000074f000000|  0%| F|  |TAMS 0x000000074ee00000, 0x000000074ee00000| Untracked 
|  86|0x000000074f000000, 0x000000074f000000, 0x000000074f200000|  0%| F|  |TAMS 0x000000074f000000, 0x000000074f000000| Untracked 
|  87|0x000000074f200000, 0x000000074f400000, 0x000000074f400000|100%| S|CS|TAMS 0x000000074f200000, 0x000000074f200000| Complete 
|  88|0x000000074f400000, 0x000000074f400000, 0x000000074f600000|  0%| F|  |TAMS 0x000000074f400000, 0x000000074f400000| Untracked 
|  89|0x000000074f600000, 0x000000074f600000, 0x000000074f800000|  0%| F|  |TAMS 0x000000074f600000, 0x000000074f600000| Untracked 
|  90|0x000000074f800000, 0x000000074f85b0f0, 0x000000074fa00000| 17%| E|  |TAMS 0x000000074f800000, 0x000000074f800000| Complete 
|  91|0x000000074fa00000, 0x000000074fc00000, 0x000000074fc00000|100%| E|CS|TAMS 0x000000074fa00000, 0x000000074fa00000| Complete 
|  92|0x000000074fc00000, 0x000000074fe00000, 0x000000074fe00000|100%| E|CS|TAMS 0x000000074fc00000, 0x000000074fc00000| Complete 
|  93|0x000000074fe00000, 0x0000000750000000, 0x0000000750000000|100%| E|CS|TAMS 0x000000074fe00000, 0x000000074fe00000| Complete 

Card table byte_map: [0x00000297fac80000,0x00000297fb260000] _byte_map_base: 0x00000297f725e000

Marking Bits (Prev, Next): (CMBitMap*) 0x00000297fa62b380, (CMBitMap*) 0x00000297fa62b3c0
 Prev Bits: [0x00000297fb840000, 0x00000297fe730000)
 Next Bits: [0x0000029796870000, 0x0000029799760000)

Polling page: 0x00000297f8440000

Metaspace:

Usage:
  Non-class:      9.34 MB used.
      Class:      1.10 MB used.
       Both:     10.44 MB used.

Virtual space:
  Non-class space:       64.00 MB reserved,       9.44 MB ( 15%) committed,  1 nodes.
      Class space:        1.00 GB reserved,       1.25 MB ( <1%) committed,  1 nodes.
             Both:        1.06 GB reserved,      10.69 MB ( <1%) committed. 

Chunk freelists:
   Non-Class:  2.48 MB
       Class:  2.73 MB
        Both:  5.21 MB

MaxMetaspaceSize: unlimited
CompressedClassSpaceSize: 1.00 GB
Initial GC threshold: 21.00 MB
Current GC threshold: 21.00 MB
CDS: on
MetaspaceReclaimPolicy: balanced
 - commit_granule_bytes: 65536.
 - commit_granule_words: 8192.
 - virtual_space_node_default_size: 8388608.
 - enlarge_chunks_in_place: 1.
 - new_chunks_are_fully_committed: 0.
 - uncommit_free_chunks: 1.
 - use_allocation_guard: 0.


Internal statistics:

num_allocs_failed_limit: 0.
num_arena_births: 132.
num_arena_deaths: 0.
num_vsnodes_births: 2.
num_vsnodes_deaths: 0.
num_space_committed: 171.
num_space_uncommitted: 0.
num_chunks_returned_to_freelist: 0.
num_chunks_taken_from_freelist: 213.
num_chunk_merges: 0.
num_chunk_splits: 111.
num_chunks_enlarged: 36.
num_inconsistent_stats: 0.

CodeHeap 'non-profiled nmethods': size=120000Kb used=615Kb max_used=615Kb free=119384Kb
 bounds [0x000002978f340000, 0x000002978f5b0000, 0x0000029796870000]
CodeHeap 'profiled nmethods': size=120000Kb used=3726Kb max_used=3726Kb free=116273Kb
 bounds [0x0000029787e10000, 0x00000297881c0000, 0x000002978f340000]
CodeHeap 'non-nmethods': size=5760Kb used=1316Kb max_used=1353Kb free=4443Kb
 bounds [0x0000029787870000, 0x0000029787ae0000, 0x0000029787e10000]
 total_blobs=2647 nmethods=2019 adapters=540
 compilation: enabled
              stopped_count=0, restarted_count=0
 full_count=0

Compilation events (20 events):
Event: 62465.393 Thread 0x00000297feb9b1f0 nmethod 2010 0x00000297881af310 code [0x00000297881af520, 0x00000297881afbe8]
Event: 62465.405 Thread 0x00000297feb9a810 2011       4       java.lang.String::compareTo (9 bytes)
Event: 62465.406 Thread 0x00000297feb9a810 nmethod 2011 0x000002978f3d8c10 code [0x000002978f3d8da0, 0x000002978f3d8ff8]
Event: 62465.409 Thread 0x00000297feb9a810 2012       4       java.lang.String::compareTo (63 bytes)
Event: 62465.410 Thread 0x00000297feb9a810 nmethod 2012 0x000002978f3d9110 code [0x000002978f3d9280, 0x000002978f3d94b8]
Event: 62465.421 Thread 0x00000297feb9a810 2013       4       java.util.HashMap$HashIterator::hasNext (13 bytes)
Event: 62465.421 Thread 0x00000297feb9a810 nmethod 2013 0x000002978f3d9590 code [0x000002978f3d9700, 0x000002978f3d9798]
Event: 67615.724 Thread 0x00000297feb9b1f0 2014       3       java.util.IdentityHashMap$ValueIterator::next (12 bytes)
Event: 67615.725 Thread 0x00000297feb9b1f0 nmethod 2014 0x00000297881afe90 code [0x00000297881b0040, 0x00000297881b0248]
Event: 67632.329 Thread 0x00000297feb9a810 2015       4       java.util.HashMap$HashIterator::nextNode (100 bytes)
Event: 67632.336 Thread 0x00000297feb9a810 nmethod 2015 0x000002978f3d9890 code [0x000002978f3d9a20, 0x000002978f3d9e18]
Event: 86364.655 Thread 0x00000297feb9b1f0 2016       3       java.util.HashMap::<init> (98 bytes)
Event: 86365.714 Thread 0x00000297feb9b1f0 nmethod 2016 0x00000297881b0390 code [0x00000297881b06e0, 0x00000297881b17f8]
Event: 86365.714 Thread 0x00000297feb9b1f0 2018       3       java.awt.Color::testColorValueRange (121 bytes)
Event: 86365.721 Thread 0x00000297feb9b1f0 nmethod 2018 0x00000297881b1d90 code [0x00000297881b1fa0, 0x00000297881b25b8]
Event: 86365.721 Thread 0x00000297feb9b1f0 2019       3       java.util.HashMap::<init> (8 bytes)
Event: 86365.721 Thread 0x00000297feb9b1f0 nmethod 2019 0x00000297881b2810 code [0x00000297881b29e0, 0x00000297881b2b28]
Event: 86365.721 Thread 0x00000297feb9b1f0 2017  s    3       sun.awt.windows.WDesktopProperties::setIntegerProperty (57 bytes)
Event: 86365.755 Thread 0x00000297feb9b1f0 nmethod 2017 0x00000297881b2c10 code [0x00000297881b2e40, 0x00000297881b36f8]
Event: 89018.719 Thread 0x00000297feb9a810 2020       4       java.util.HashMap::putVal (300 bytes)

GC Heap History (2 events):
Event: 2.110 GC heap before
{Heap before GC invocations=0 (full 0):
 garbage-first heap   total 192512K, used 14336K [0x0000000744400000, 0x0000000800000000)
  region size 2048K, 6 young (12288K), 0 survivors (0K)
 Metaspace       used 9470K, committed 9728K, reserved 1114112K
  class space    used 1042K, committed 1152K, reserved 1048576K
}
Event: 2.114 GC heap after
{Heap after GC invocations=1 (full 0):
 garbage-first heap   total 192512K, used 5569K [0x0000000744400000, 0x0000000800000000)
  region size 2048K, 1 young (2048K), 1 survivors (2048K)
 Metaspace       used 9470K, committed 9728K, reserved 1114112K
  class space    used 1042K, committed 1152K, reserved 1048576K
}

Deoptimization events (20 events):
Event: 13.292 Thread 0x000002979fcd0f70 Uncommon trap: trap_request=0xffffffde fr.pc=0x000002978f35d9ac relative=0x00000000000001ac
Event: 13.292 Thread 0x000002979fcd0f70 Uncommon trap: reason=class_check action=maybe_recompile pc=0x000002978f35d9ac method=java.lang.String.equals(Ljava/lang/Object;)Z @ 8 c2
Event: 13.292 Thread 0x000002979fcd0f70 DEOPT PACKING pc=0x000002978f35d9ac sp=0x000000ac8d7fdfe0
Event: 13.292 Thread 0x000002979fcd0f70 DEOPT UNPACKING pc=0x00000297878c5c23 sp=0x000000ac8d7fdf78 mode 2
Event: 27.975 Thread 0x000002979fcd0f70 Uncommon trap: trap_request=0xffffff66 fr.pc=0x000002978f3a96bc relative=0x000000000000079c
Event: 27.975 Thread 0x000002979fcd0f70 Uncommon trap: reason=speculate_class_check action=maybe_recompile pc=0x000002978f3a96bc method=java.util.HashMap.putVal(ILjava/lang/Object;Ljava/lang/Object;ZZ)Ljava/lang/Object; @ 56 c2
Event: 27.975 Thread 0x000002979fcd0f70 DEOPT PACKING pc=0x000002978f3a96bc sp=0x000000ac8d7fd960
Event: 27.975 Thread 0x000002979fcd0f70 DEOPT UNPACKING pc=0x00000297878c5c23 sp=0x000000ac8d7fd7f0 mode 2
Event: 27.975 Thread 0x000002979fcd0f70 Uncommon trap: trap_request=0xffffff66 fr.pc=0x000002978f3a96bc relative=0x000000000000079c
Event: 27.975 Thread 0x000002979fcd0f70 Uncommon trap: reason=speculate_class_check action=maybe_recompile pc=0x000002978f3a96bc method=java.util.HashMap.putVal(ILjava/lang/Object;Ljava/lang/Object;ZZ)Ljava/lang/Object; @ 56 c2
Event: 27.975 Thread 0x000002979fcd0f70 DEOPT PACKING pc=0x000002978f3a96bc sp=0x000000ac8d7fd960
Event: 27.975 Thread 0x000002979fcd0f70 DEOPT UNPACKING pc=0x00000297878c5c23 sp=0x000000ac8d7fd7f0 mode 2
Event: 27.979 Thread 0x000002979fcd0f70 Uncommon trap: trap_request=0xffffff66 fr.pc=0x000002978f3a96bc relative=0x000000000000079c
Event: 27.979 Thread 0x000002979fcd0f70 Uncommon trap: reason=speculate_class_check action=maybe_recompile pc=0x000002978f3a96bc method=java.util.HashMap.putVal(ILjava/lang/Object;Ljava/lang/Object;ZZ)Ljava/lang/Object; @ 56 c2
Event: 27.979 Thread 0x000002979fcd0f70 DEOPT PACKING pc=0x000002978f3a96bc sp=0x000000ac8d7fd960
Event: 27.979 Thread 0x000002979fcd0f70 DEOPT UNPACKING pc=0x00000297878c5c23 sp=0x000000ac8d7fd7f0 mode 2
Event: 27.979 Thread 0x000002979fcd0f70 Uncommon trap: trap_request=0xffffff66 fr.pc=0x000002978f3a96bc relative=0x000000000000079c
Event: 27.979 Thread 0x000002979fcd0f70 Uncommon trap: reason=speculate_class_check action=maybe_recompile pc=0x000002978f3a96bc method=java.util.HashMap.putVal(ILjava/lang/Object;Ljava/lang/Object;ZZ)Ljava/lang/Object; @ 56 c2
Event: 27.979 Thread 0x000002979fcd0f70 DEOPT PACKING pc=0x000002978f3a96bc sp=0x000000ac8d7fd960
Event: 27.979 Thread 0x000002979fcd0f70 DEOPT UNPACKING pc=0x00000297878c5c23 sp=0x000000ac8d7fd7f0 mode 2

Classes loaded (20 events):
Event: 27.983 Loading class java/lang/constant/PrimitiveClassDescImpl
Event: 27.983 Loading class java/lang/constant/DynamicConstantDesc
Event: 27.983 Loading class java/lang/constant/DynamicConstantDesc done
Event: 27.983 Loading class java/lang/constant/PrimitiveClassDescImpl done
Event: 27.983 Loading class java/lang/constant/DynamicConstantDesc$AnonymousDynamicConstantDesc
Event: 27.983 Loading class java/lang/constant/DynamicConstantDesc$AnonymousDynamicConstantDesc done
Event: 27.985 Loading class java/io/UnsupportedEncodingException
Event: 27.985 Loading class java/io/UnsupportedEncodingException done
Event: 27.985 Loading class java/nio/charset/CharacterCodingException
Event: 27.985 Loading class java/nio/charset/CharacterCodingException done
Event: 27.986 Loading class java/io/FileOutputStream$1
Event: 27.986 Loading class java/io/FileOutputStream$1 done
Event: 30.018 Loading class java/awt/KeyboardFocusManager$4
Event: 30.018 Loading class java/awt/KeyboardFocusManager$4 done
Event: 6091.669 Loading class java/util/WeakHashMap$KeyIterator
Event: 6091.670 Loading class java/util/WeakHashMap$HashIterator
Event: 6091.673 Loading class java/util/WeakHashMap$HashIterator done
Event: 6091.673 Loading class java/util/WeakHashMap$KeyIterator done
Event: 6091.674 Loading class javax/swing/RepaintManager$DisplayChangedRunnable
Event: 6091.674 Loading class javax/swing/RepaintManager$DisplayChangedRunnable done

Classes unloaded (0 events):
No events

Classes redefined (0 events):
No events

Internal exceptions (20 events):
Event: 0.183 Thread 0x00000297f854bf80 Exception <a 'java/lang/NoSuchMethodError'{0x000000074fc2b320}: 'java.lang.Object java.lang.invoke.DirectMethodHandle$Holder.invokeStaticInit(java.lang.Object)'> (0x000000074fc2b320) 
thrown [s\open\src\hotspot\share\interpreter\linkResolver.cpp, line 766]
Event: 0.212 Thread 0x00000297f854bf80 Exception <a 'java/lang/NoSuchMethodError'{0x000000074fcb2880}: 'void java.lang.invoke.DirectMethodHandle$Holder.invokeSpecial(java.lang.Object, java.lang.Object, java.lang.Object)'> (0x000000074fcb2880) 
thrown [s\open\src\hotspot\share\interpreter\linkResolver.cpp, line 766]
Event: 0.219 Thread 0x00000297f854bf80 Exception <a 'java/lang/NoSuchMethodError'{0x000000074fcde378}: 'java.lang.Object java.lang.invoke.DirectMethodHandle$Holder.newInvokeSpecial(java.lang.Object, java.lang.Object, java.lang.Object, java.lang.Object, java.lang.Object)'> (0x000000074fcde378) 
thrown [s\open\src\hotspot\share\interpreter\linkResolver.cpp, line 766]
Event: 0.228 Thread 0x00000297f854bf80 Exception <a 'java/lang/NoSuchMethodError'{0x000000074fd100d8}: 'java.lang.Object java.lang.invoke.DirectMethodHandle$Holder.invokeStatic(java.lang.Object, int, java.lang.Object)'> (0x000000074fd100d8) 
thrown [s\open\src\hotspot\share\interpreter\linkResolver.cpp, line 766]
Event: 0.313 Thread 0x00000297f854bf80 Exception <a 'java/lang/ClassNotFoundException'{0x000000074fdcd360}: com/sun/swing/internal/plaf/metal/resources/spi/metalProvider> (0x000000074fdcd360) 
thrown [s\open\src\hotspot\share\classfile\systemDictionary.cpp, line 255]
Event: 0.315 Thread 0x00000297f854bf80 Exception <a 'java/lang/ClassNotFoundException'{0x000000074fdd13c8}: com/sun/swing/internal/plaf/basic/resources/spi/basicProvider> (0x000000074fdd13c8) 
thrown [s\open\src\hotspot\share\classfile\systemDictionary.cpp, line 255]
Event: 0.374 Thread 0x00000297f854bf80 Exception <a 'java/lang/NoSuchMethodError'{0x000000074fdf20d0}: 'int java.lang.invoke.Invokers$Holder.invokeExact_MT(java.lang.Object, java.lang.Object)'> (0x000000074fdf20d0) 
thrown [s\open\src\hotspot\share\interpreter\linkResolver.cpp, line 766]
Event: 0.492 Thread 0x00000297f854bf80 Exception <a 'java/lang/NoSuchMethodError'{0x000000074f84f610}: 'void java.lang.invoke.DirectMethodHandle$Holder.invokeStaticInit(java.lang.Object)'> (0x000000074f84f610) 
thrown [s\open\src\hotspot\share\interpreter\linkResolver.cpp, line 766]
Event: 0.528 Thread 0x000002979fbccfb0 Exception <a 'java/lang/NoSuchMethodError'{0x000000074fc4e6f0}: 'void java.lang.invoke.DirectMethodHandle$Holder.invokeVirtual(java.lang.Object, java.lang.Object)'> (0x000000074fc4e6f0) 
thrown [s\open\src\hotspot\share\interpreter\linkResolver.cpp, line 766]
Event: 0.538 Thread 0x00000297f854bf80 Exception <a 'java/io/FileNotFoundException'{0x000000074f8b9578}> (0x000000074f8b9578) 
thrown [s\open\src\hotspot\share\prims\jni.cpp, line 516]
Event: 0.657 Thread 0x00000297f854bf80 Exception <a 'java/io/FileNotFoundException'{0x000000074f8cded0}> (0x000000074f8cded0) 
thrown [s\open\src\hotspot\share\prims\jni.cpp, line 516]
Event: 0.670 Thread 0x00000297f854bf80 Exception <a 'java/lang/NoSuchMethodError'{0x000000074f8e4f80}: 'long java.lang.invoke.DirectMethodHandle$Holder.invokeSpecial(java.lang.Object, java.lang.Object)'> (0x000000074f8e4f80) 
thrown [s\open\src\hotspot\share\interpreter\linkResolver.cpp, line 766]
Event: 0.670 Thread 0x00000297f854bf80 Exception <a 'java/lang/NoSuchMethodError'{0x000000074f8e8618}: 'long java.lang.invoke.Invokers$Holder.invokeExact_MT(java.lang.Object, java.lang.Object)'> (0x000000074f8e8618) 
thrown [s\open\src\hotspot\share\interpreter\linkResolver.cpp, line 766]
Event: 0.690 Thread 0x00000297f854bf80 Exception <a 'java/io/FileNotFoundException'{0x000000074f9df2c8}> (0x000000074f9df2c8) 
thrown [s\open\src\hotspot\share\prims\jni.cpp, line 516]
Event: 2.039 Thread 0x000002979fcd0f70 Exception <a 'java/io/FileNotFoundException'{0x000000074f697b08}> (0x000000074f697b08) 
thrown [s\open\src\hotspot\share\prims\jni.cpp, line 516]
Event: 2.049 Thread 0x000002979fcd0f70 Exception <a 'java/io/FileNotFoundException'{0x000000074f6e0998}> (0x000000074f6e0998) 
thrown [s\open\src\hotspot\share\prims\jni.cpp, line 516]
Event: 2.052 Thread 0x000002979fcd0f70 Exception <a 'java/io/FileNotFoundException'{0x000000074f7137b8}> (0x000000074f7137b8) 
thrown [s\open\src\hotspot\share\prims\jni.cpp, line 516]
Event: 2.058 Thread 0x000002979fcd0f70 Exception <a 'java/io/FileNotFoundException'{0x000000074f75da18}> (0x000000074f75da18) 
thrown [s\open\src\hotspot\share\prims\jni.cpp, line 516]
Event: 27.973 Thread 0x000002979fcd0f70 Exception <a 'java/lang/NoSuchMethodError'{0x000000074fa4acc0}: static [[Ljava/lang/Object;.<clinit>()V> (0x000000074fa4acc0) 
thrown [s\open\src\hotspot\share\prims\jni.cpp, line 1104]
Event: 27.983 Thread 0x000002979fcd0f70 Exception <a 'java/lang/NoSuchMethodError'{0x000000074faa8030}: static [Ljava/lang/Object;.<clinit>()V> (0x000000074faa8030) 
thrown [s\open\src\hotspot\share\prims\jni.cpp, line 1104]

VM Operations (20 events):
Event: 25.378 Executing VM operation: Cleanup
Event: 25.378 Executing VM operation: Cleanup done
Event: 26.379 Executing VM operation: Cleanup
Event: 26.379 Executing VM operation: Cleanup done
Event: 27.392 Executing VM operation: Cleanup
Event: 27.392 Executing VM operation: Cleanup done
Event: 27.974 Executing VM operation: HandshakeAllThreads
Event: 27.974 Executing VM operation: HandshakeAllThreads done
Event: 28.982 Executing VM operation: Cleanup
Event: 28.982 Executing VM operation: Cleanup done
Event: 29.994 Executing VM operation: Cleanup
Event: 29.995 Executing VM operation: Cleanup done
Event: 31.008 Executing VM operation: Cleanup
Event: 31.008 Executing VM operation: Cleanup done
Event: 33.023 Executing VM operation: Cleanup
Event: 33.023 Executing VM operation: Cleanup done
Event: 40.087 Executing VM operation: Cleanup
Event: 40.087 Executing VM operation: Cleanup done
Event: 6091.775 Executing VM operation: Cleanup
Event: 6091.775 Executing VM operation: Cleanup done

Events (20 events):
Event: 0.047 Thread 0x00000297feb95700 Thread added: 0x00000297feb95700
Event: 0.047 Thread 0x00000297feb9a810 Thread added: 0x00000297feb9a810
Event: 0.047 Thread 0x00000297feb9b1f0 Thread added: 0x00000297feb9b1f0
Event: 0.047 Thread 0x00000297feba5a60 Thread added: 0x00000297feba5a60
Event: 0.062 Thread 0x000002979f995e80 Thread added: 0x000002979f995e80
Event: 0.065 Thread 0x000002979f9a1d40 Thread added: 0x000002979f9a1d40
Event: 0.081 Loaded shared library C:\Program Files\Java\jdk-18.0.1.1\bin\jimage.dll
Event: 0.087 Loaded shared library C:\Program Files\Java\jdk-18.0.1.1\bin\net.dll
Event: 0.089 Loaded shared library C:\Program Files\Java\jdk-18.0.1.1\bin\nio.dll
Event: 0.094 Loaded shared library C:\Program Files\Java\jdk-18.0.1.1\bin\zip.dll
Event: 0.112 Loaded shared library C:\Program Files\Java\jdk-18.0.1.1\bin\awt.dll
Event: 0.184 Thread 0x000002979fbc8ae0 Thread added: 0x000002979fbc8ae0
Event: 0.185 Thread 0x000002979fb9d570 Thread added: 0x000002979fb9d570
Event: 0.186 Thread 0x000002979fbccfb0 Thread added: 0x000002979fbccfb0
Event: 0.481 Thread 0x000002979fcd0f70 Thread added: 0x000002979fcd0f70
Event: 0.496 Loaded shared library C:\Program Files\Java\jdk-18.0.1.1\bin\freetype.dll
Event: 0.497 Loaded shared library C:\Program Files\Java\jdk-18.0.1.1\bin\fontmanager.dll
Event: 0.666 Thread 0x00000297a0968ec0 Thread added: 0x00000297a0968ec0
Event: 0.693 Thread 0x00000297f854bf80 Thread exited: 0x00000297f854bf80
Event: 0.693 Thread 0x00000297a09689f0 Thread added: 0x00000297a09689f0


Dynamic libraries:
0x00007ff7eff30000 - 0x00007ff7eff40000 	C:\Program Files\Java\jdk-18.0.1.1\bin\javaw.exe
0x00007ffb50460000 - 0x00007ffb50669000 	C:\WINDOWS\SYSTEM32\ntdll.dll
0x00007ffb4f010000 - 0x00007ffb4f0cd000 	C:\WINDOWS\System32\KERNEL32.DLL
0x00007ffb4dc20000 - 0x00007ffb4df99000 	C:\WINDOWS\System32\KERNELBASE.dll
0x00007ffb4e060000 - 0x00007ffb4e171000 	C:\WINDOWS\System32\ucrtbase.dll
0x00007ffb2e970000 - 0x00007ffb2e988000 	C:\Program Files\Java\jdk-18.0.1.1\bin\jli.dll
0x00007ffb4e410000 - 0x00007ffb4e4be000 	C:\WINDOWS\System32\ADVAPI32.dll
0x00007ffb501c0000 - 0x00007ffb50263000 	C:\WINDOWS\System32\msvcrt.dll
0x00007ffb4ef70000 - 0x00007ffb4f00e000 	C:\WINDOWS\System32\sechost.dll
0x00007ffb4e750000 - 0x00007ffb4e870000 	C:\WINDOWS\System32\RPCRT4.dll
0x00007ffb50270000 - 0x00007ffb5041c000 	C:\WINDOWS\System32\USER32.dll
0x00007ffb4da60000 - 0x00007ffb4da86000 	C:\WINDOWS\System32\win32u.dll
0x00007ffb4e9e0000 - 0x00007ffb4ea09000 	C:\WINDOWS\System32\GDI32.dll
0x00007ffb4da90000 - 0x00007ffb4dba2000 	C:\WINDOWS\System32\gdi32full.dll
0x00007ffb4d9c0000 - 0x00007ffb4da5d000 	C:\WINDOWS\System32\msvcp_win.dll
0x00007ffb2e430000 - 0x00007ffb2e44a000 	C:\Program Files\Java\jdk-18.0.1.1\bin\VCRUNTIME140.dll
0x00007ffb26ac0000 - 0x00007ffb26d65000 	C:\WINDOWS\WinSxS\amd64_microsoft.windows.common-controls_6595b64144ccf1df_6.0.22000.120_none_9d947278b86cc467\COMCTL32.dll
0x00007ffb44980000 - 0x00007ffb4498a000 	C:\WINDOWS\SYSTEM32\VERSION.dll
0x00007ffb4f1b0000 - 0x00007ffb4f1e1000 	C:\WINDOWS\System32\IMM32.DLL
0x00007ffb46520000 - 0x00007ffb4652c000 	C:\Program Files\Java\jdk-18.0.1.1\bin\vcruntime140_1.dll
0x00007ffb2e3a0000 - 0x00007ffb2e42d000 	C:\Program Files\Java\jdk-18.0.1.1\bin\msvcp140.dll
0x00007ffaf0860000 - 0x00007ffaf1470000 	C:\Program Files\Java\jdk-18.0.1.1\bin\server\jvm.dll
0x00007ffb4eae0000 - 0x00007ffb4eae8000 	C:\WINDOWS\System32\PSAPI.DLL
0x00007ffb45170000 - 0x00007ffb45179000 	C:\WINDOWS\SYSTEM32\WSOCK32.dll
0x00007ffb4e680000 - 0x00007ffb4e6ef000 	C:\WINDOWS\System32\WS2_32.dll
0x00007ffb45130000 - 0x00007ffb45163000 	C:\WINDOWS\SYSTEM32\WINMM.dll
0x00007ffb4ca30000 - 0x00007ffb4ca48000 	C:\WINDOWS\SYSTEM32\kernel.appcore.dll
0x00007ffb44570000 - 0x00007ffb4457a000 	C:\Program Files\Java\jdk-18.0.1.1\bin\jimage.dll
0x00007ffb4b490000 - 0x00007ffb4b6b1000 	C:\WINDOWS\SYSTEM32\DBGHELP.DLL
0x00007ffb3beb0000 - 0x00007ffb3bee1000 	C:\WINDOWS\SYSTEM32\dbgcore.DLL
0x00007ffb4d940000 - 0x00007ffb4d9bf000 	C:\WINDOWS\System32\bcryptPrimitives.dll
0x00007ffb2e370000 - 0x00007ffb2e395000 	C:\Program Files\Java\jdk-18.0.1.1\bin\java.dll
0x00007ffb02f70000 - 0x00007ffb03046000 	C:\Program Files\Java\jdk-18.0.1.1\bin\jsvml.dll
0x00007ffb4f360000 - 0x00007ffb4fb18000 	C:\WINDOWS\System32\SHELL32.dll
0x00007ffb4bab0000 - 0x00007ffb4c318000 	C:\WINDOWS\SYSTEM32\windows.storage.dll
0x00007ffb4fb20000 - 0x00007ffb4fe99000 	C:\WINDOWS\System32\combase.dll
0x00007ffb4b940000 - 0x00007ffb4baa6000 	C:\WINDOWS\SYSTEM32\wintypes.dll
0x00007ffb4f270000 - 0x00007ffb4f35a000 	C:\WINDOWS\System32\SHCORE.dll
0x00007ffb4f210000 - 0x00007ffb4f26d000 	C:\WINDOWS\System32\shlwapi.dll
0x00007ffb4d870000 - 0x00007ffb4d891000 	C:\WINDOWS\SYSTEM32\profapi.dll
0x00007ffb2e350000 - 0x00007ffb2e363000 	C:\Program Files\Java\jdk-18.0.1.1\bin\net.dll
0x00007ffb46100000 - 0x00007ffb4620c000 	C:\WINDOWS\SYSTEM32\WINHTTP.dll
0x00007ffb4cee0000 - 0x00007ffb4cf47000 	C:\WINDOWS\system32\mswsock.dll
0x00007ffb2e330000 - 0x00007ffb2e346000 	C:\Program Files\Java\jdk-18.0.1.1\bin\nio.dll
0x00007ffb1b280000 - 0x00007ffb1b298000 	C:\Program Files\Java\jdk-18.0.1.1\bin\zip.dll
0x00007ffaf8400000 - 0x00007ffaf858f000 	C:\Program Files\Java\jdk-18.0.1.1\bin\awt.dll
0x00007ffb4f0d0000 - 0x00007ffb4f1a6000 	C:\WINDOWS\System32\OLEAUT32.dll
0x00007ffb4abf0000 - 0x00007ffb4ac81000 	C:\WINDOWS\SYSTEM32\apphelp.dll
0x00007ffb4b030000 - 0x00007ffb4b05f000 	C:\WINDOWS\system32\DWMAPI.DLL
0x00007ffb4acb0000 - 0x00007ffb4ad5c000 	C:\WINDOWS\system32\uxtheme.dll
0x00007ffb09c00000 - 0x00007ffb09d01000 	C:\WINDOWS\system32\opengl32.dll
0x00007ffb0a560000 - 0x00007ffb0a58d000 	C:\WINDOWS\SYSTEM32\GLU32.dll
0x00007ffb4ad90000 - 0x00007ffb4adc8000 	C:\WINDOWS\SYSTEM32\dxcore.dll
0x00007ffb4e2f0000 - 0x00007ffb4e40e000 	C:\WINDOWS\System32\MSCTF.dll
0x00007ffb4fea0000 - 0x00007ffb5003a000 	C:\WINDOWS\System32\ole32.dll
0x00007ffaf9770000 - 0x00007ffaf97f9000 	C:\Program Files\Java\jdk-18.0.1.1\bin\freetype.dll
0x00007ffaf9020000 - 0x00007ffaf90c8000 	C:\Program Files\Java\jdk-18.0.1.1\bin\fontmanager.dll
0x00007ffb08c00000 - 0x00007ffb08d2d000 	C:\WINDOWS\SYSTEM32\textinputframework.dll
0x00007ffb4a900000 - 0x00007ffb4aa32000 	C:\WINDOWS\SYSTEM32\CoreMessaging.dll
0x00007ffb48b70000 - 0x00007ffb48edd000 	C:\WINDOWS\SYSTEM32\CoreUIComponents.dll
0x00007ffb4d140000 - 0x00007ffb4d14c000 	C:\WINDOWS\SYSTEM32\CRYPTBASE.DLL
0x00007ffb4ea30000 - 0x00007ffb4eadf000 	C:\WINDOWS\System32\clbcatq.dll
0x00007ffb47b00000 - 0x00007ffb47cae000 	C:\WINDOWS\SYSTEM32\WindowsCodecs.dll
0x00007ffb003f0000 - 0x00007ffb0044d000 	C:\WINDOWS\system32\dataexchange.dll
0x00007ffb46ee0000 - 0x00007ffb47146000 	C:\WINDOWS\system32\twinapi.appcore.dll

dbghelp: loaded successfully - version: 4.0.5 - missing functions: none
symbol engine: initialized successfully - sym options: 0x614 - pdb path: .;C:\Program Files\Java\jdk-18.0.1.1\bin;C:\WINDOWS\SYSTEM32;C:\WINDOWS\WinSxS\amd64_microsoft.windows.common-controls_6595b64144ccf1df_6.0.22000.120_none_9d947278b86cc467;C:\Program Files\Java\jdk-18.0.1.1\bin\server

VM Arguments:
jvm_args: -Dfile.encoding=UTF-8 -XX:+ShowCodeDetailsInExceptionMessages 
java_command: SistemaVentas.Menu_Principal
java_class_path (initial): C:\Users\jnfg5\eclipse-workspace\Sistema_Ventas2\bin;C:\Users\jnfg5\eclipse-workspace\Sistema_Ventas2\librerias\gson-2.8.5.jar;C:\Users\jnfg5\eclipse-workspace\Sistema_Ventas2\librerias\itextpdf-5.4.0.jar;C:\Users\jnfg5\eclipse-workspace\Sistema_Ventas2\librerias\json-simple-1.1.1.jar
Launcher Type: SUN_STANDARD

[Global flags]

[error occurred during error reporting (printing flags), id 0xe0000001, Out of Memory Error (s\open\src\hotspot\share\memory\allocation.cpp:44)]

Logging:
Log output configuration:
 #0: stdout all=warning uptime,level,tags foldmultilines=false
 #1: stderr all=off uptime,level,tags foldmultilines=false

Environment Variables:
PATH=C:\Program Files\Common Files\Oracle\Java\javapath;C:\WINDOWS\system32;C:\WINDOWS;C:\WINDOWS\System32\Wbem;C:\WINDOWS\System32\WindowsPowerShell\v1.0\;C:\WINDOWS\System32\OpenSSH\;C:\Program Files (x86)\Microsoft SQL Server\150\Tools\Binn\;C:\Program Files\Microsoft SQL Server\150\Tools\Binn\;C:\Program Files (x86)\Microsoft SQL Server\150\DTS\Binn\;C:\Program Files\Microsoft SQL Server\150\DTS\Binn\;C:\Program Files\Microsoft SQL Server\Client SDK\ODBC\170\Tools\Binn\;C:\Program Files\Azure Data Studio\bin;C:\Program Files\Microsoft SQL Server\130\Tools\Binn\;C:\Program Files (x86)\Microsoft SQL Server\110\DTS\Binn\;C:\Program Files (x86)\Microsoft SQL Server\120\DTS\Binn\;C:\Program Files (x86)\Microsoft SQL Server\130\DTS\Binn\;C:\Program Files (x86)\Microsoft SQL Server\140\DTS\Binn\;C:\Program Files\dotnet\;C:\Program Files\nodejs\;C:\Users\jnfg5\AppData\Local\Microsoft\WindowsApps;;C:\Program Files\Azure Data Studio\bin;C:\Users\jnfg5\.dotnet\tools;C:\Users\jnfg5\AppData\Roaming\npm
USERNAME=jnfg5
OS=Windows_NT
PROCESSOR_IDENTIFIER=Intel64 Family 6 Model 140 Stepping 1, GenuineIntel



---------------  S Y S T E M  ---------------

OS:
 Windows 11 , 64 bit Build 22000 (10.0.22000.708)
OS uptime: 1 days 20:04 hours

CPU: total 4 (initial active 4) (2 cores per cpu, 2 threads per core) family 6 model 140 stepping 1 microcode 0xa4, cx8, cmov, fxsr, ht, mmx, 3dnowpref, sse, sse2, sse3, ssse3, sse4.1, sse4.2, popcnt, lzcnt, tsc, tscinvbit, avx, avx2, aes, erms, clmul, bmi1, bmi2, adx, avx512f, avx512dq, avx512cd, avx512bw, avx512vl, sha, fma, vzeroupper, avx512_vpopcntdq, avx512_vpclmulqdq, avx512_vaes, avx512_vnni, clflush, clflushopt, clwb, avx512_vbmi2, avx512_vbmi

Memory: 4k page, system-wide physical 12014M (2326M free)
TotalPageFile size 48878M (AvailPageFile size 0M)
current process WorkingSet (physical memory assigned to process): 41M, peak: 90M
current process commit charge ("private bytes"): 282M, peak: 295M

vm_info: Java HotSpot(TM) 64-Bit Server VM (18.0.1.1+2-6) for windows-amd64 JRE (18.0.1.1+2-6), built on Apr 25 2022 21:53:15 by "mach5one" with MS VC++ 16.8 / 16.9 (VS2019)

END.
