#
# There is insufficient memory for the Java Runtime Environment to continue.
# Native memory allocation (malloc) failed to allocate 5464 bytes for AllocateHeap
# Possible reasons:
#   The system is out of physical RAM or swap space
#   The process is running with CompressedOops enabled, and the Java Heap may be blocking the growth of the native heap
# Possible solutions:
#   Reduce memory load on the system
#   Increase physical memory or swap space
#   Check if swap backing store is full
#   Decrease Java heap size (-Xmx/-Xms)
#   Decrease number of Java threads
#
#  
V  [jvm.dll+0x26968a]
V  [jvm.dll+0x26c694]
C  0x0000028fe7eb5bab

Java frames: (J=compiled Java code, j=interpreted, Vv=VM code)
v  ~UncommonTrapBlob
J 737 c2 java.util.HashMap.putVal(ILjava/lang/Object;Ljava/lang/Object;ZZ)Ljava/lang/Object; java.base@18.0.1.1 (300 bytes) @ 0x0000028fef95f860 [0x0000028fef95ef80+0x00000000000008e0]
J 803 c1 java.util.HashMap.put(Ljava/lang/Object;Ljava/lang/Object;)Ljava/lang/Object; java.base@18.0.1.1 (13 bytes) @ 0x0000028fe85440bc [0x0000028fe8543ec0+0x00000000000001fc]
j  java.awt.Toolkit.setDesktopProperty(Ljava/lang/String;Ljava/lang/Object;)V+42 java.desktop@18.0.1.1
j  sun.awt.windows.WToolkit.updateProperties(Ljava/util/Map;)V+89 java.desktop@18.0.1.1
j  sun.awt.windows.WToolkit.lambda$windowsSettingChange$6(Ljava/util/Map;)V+2 java.desktop@18.0.1.1
j  sun.awt.windows.WToolkit$$Lambda$152+0x0000000800d20ac0.run()V+8 java.desktop@18.0.1.1
J 1368 c1 java.awt.event.InvocationEvent.dispatch()V java.desktop@18.0.1.1 (69 bytes) @ 0x0000028fe866671c [0x0000028fe8666500+0x000000000000021c]
J 1322 c1 java.awt.EventQueue.dispatchEventImpl(Ljava/awt/AWTEvent;Ljava/lang/Object;)V java.desktop@18.0.1.1 (136 bytes) @ 0x0000028fe862bcdc [0x0000028fe862a1e0+0x0000000000001afc]
J 1323 c1 java.awt.EventQueue$4.run()Ljava/lang/Void; java.desktop@18.0.1.1 (60 bytes) @ 0x0000028fe862cc24 [0x0000028fe862cae0+0x0000000000000144]
J 1260 c1 java.awt.EventQueue.dispatchEvent(Ljava/awt/AWTEvent;)V java.desktop@18.0.1.1 (80 bytes) @ 0x0000028fe8608ea4 [0x0000028fe86088e0+0x00000000000005c4]
J 1324 c1 java.awt.EventDispatchThread.pumpOneEventForFilters(I)V java.desktop@18.0.1.1 (113 bytes) @ 0x0000028fe862e7b4 [0x0000028fe862e120+0x0000000000000694]
j  java.awt.EventDispatchThread.pumpEventsForFilter(ILjava/awt/Conditional;Ljava/awt/EventFilter;)V+35 java.desktop@18.0.1.1
j  java.awt.EventDispatchThread.pumpEventsForHierarchy(ILjava/awt/Conditional;Ljava/awt/Component;)V+11 java.desktop@18.0.1.1
j  java.awt.EventDispatchThread.pumpEvents(ILjava/awt/Conditional;)V+4 java.desktop@18.0.1.1
j  java.awt.EventDispatchThread.pumpEvents(Ljava/awt/Conditional;)V+3 java.desktop@18.0.1.1
j  java.awt.EventDispatchThread.run()V+9 java.desktop@18.0.1.1
v  ~StubRoutines::call_stub

---------------  P R O C E S S  ---------------

Threads class SMR info:
_java_thread_list=0x0000028f8558ffd0, length=17, elements={
0x0000028fe05e71d0, 0x0000028fe05e8670, 0x0000028f802400d0, 0x0000028f80242a80,
0x0000028f80243420, 0x0000028f80243dc0, 0x0000028f80244a90, 0x0000028f802b4f40,
0x0000028f802b8cf0, 0x0000028f8459af50, 0x0000028f845a46c0, 0x0000028f84639b20,
0x0000028f84639fe0, 0x0000028f8463acc0, 0x0000028f848d37c0, 0x0000028f8517e210,
0x0000028f8517ebb0
}

Java Threads: ( => current thread )
  0x0000028fe05e71d0 JavaThread "Reference Handler" daemon [_thread_blocked, id=7492, stack(0x000000c2bfe00000,0x000000c2bff00000)]
  0x0000028fe05e8670 JavaThread "Finalizer" daemon [_thread_blocked, id=31924, stack(0x000000c2bff00000,0x000000c2c0000000)]
  0x0000028f802400d0 JavaThread "Signal Dispatcher" daemon [_thread_blocked, id=23468, stack(0x000000c2c0000000,0x000000c2c0100000)]
  0x0000028f80242a80 JavaThread "Attach Listener" daemon [_thread_blocked, id=11324, stack(0x000000c2c0100000,0x000000c2c0200000)]
  0x0000028f80243420 JavaThread "Service Thread" daemon [_thread_blocked, id=1196, stack(0x000000c2c0200000,0x000000c2c0300000)]
  0x0000028f80243dc0 JavaThread "Monitor Deflation Thread" daemon [_thread_blocked, id=30396, stack(0x000000c2c0300000,0x000000c2c0400000)]
  0x0000028f80244a90 JavaThread "C2 CompilerThread0" daemon [_thread_blocked, id=30000, stack(0x000000c2c0400000,0x000000c2c0500000)]
  0x0000028f802b4f40 JavaThread "C1 CompilerThread0" daemon [_thread_blocked, id=12420, stack(0x000000c2c0500000,0x000000c2c0600000)]
  0x0000028f802b8cf0 JavaThread "Sweeper thread" daemon [_thread_blocked, id=2528, stack(0x000000c2c0600000,0x000000c2c0700000)]
  0x0000028f8459af50 JavaThread "Notification Thread" daemon [_thread_blocked, id=11368, stack(0x000000c2c0700000,0x000000c2c0800000)]
  0x0000028f845a46c0 JavaThread "Common-Cleaner" daemon [_thread_blocked, id=27824, stack(0x000000c2c0900000,0x000000c2c0a00000)]
  0x0000028f84639b20 JavaThread "Java2D Disposer" daemon [_thread_blocked, id=26520, stack(0x000000c2c0b00000,0x000000c2c0c00000)]
  0x0000028f84639fe0 JavaThread "AWT-Shutdown" [_thread_blocked, id=15256, stack(0x000000c2c0c00000,0x000000c2c0d00000)]
  0x0000028f8463acc0 JavaThread "AWT-Windows" daemon [_thread_blocked, id=20676, stack(0x000000c2c0d00000,0x000000c2c0e00000)]
=>0x0000028f848d37c0 JavaThread "AWT-EventQueue-0" [_thread_in_Java, id=15824, stack(0x000000c2c0e00000,0x000000c2c0f00000)]
  0x0000028f8517e210 JavaThread "DestroyJavaVM" [_thread_blocked, id=14776, stack(0x000000c2bf700000,0x000000c2bf800000)]
  0x0000028f8517ebb0 JavaThread "TimerQueue" daemon [_thread_blocked, id=26692, stack(0x000000c2c1200000,0x000000c2c1300000)]

Other Threads:
  0x0000028fe05e1dc0 VMThread "VM Thread" [stack: 0x000000c2bfd00000,0x000000c2bfe00000] [id=27664]
  0x0000028f845a1430 WatcherThread "VM Periodic Task Thread" [stack: 0x000000c2c0800000,0x000000c2c0900000] [id=18204]
  0x0000028fe057ac70 WorkerThread "GC Thread#0" [stack: 0x000000c2bf800000,0x000000c2bf900000] [id=292]
  0x0000028fe0587760 ConcurrentGCThread "G1 Main Marker" [stack: 0x000000c2bf900000,0x000000c2bfa00000] [id=22084]
  0x0000028fe05888f0 WorkerThread "G1 Conc#0" [stack: 0x000000c2bfa00000,0x000000c2bfb00000] [id=27488]
  0x0000028fe05bb1d0 ConcurrentGCThread "G1 Refine#0" [stack: 0x000000c2bfb00000,0x000000c2bfc00000] [id=24852]
  0x0000028fe05bc280 ConcurrentGCThread "G1 Service" [stack: 0x000000c2bfc00000,0x000000c2bfd00000] [id=13760]

Threads with active compile tasks:

VM state: not at safepoint (normal execution)

VM Mutex/Monitor currently owned by a thread: None

Heap address: 0x0000000744400000, size: 3004 MB, Compressed Oops mode: Zero based, Oop shift amount: 3

CDS archive(s) mapped at: [0x0000000800000000-0x0000000800ba0000-0x0000000800ba0000), size 12189696, SharedBaseAddress: 0x0000000800000000, ArchiveRelocationMode: 0.
Compressed class space mapped at: 0x0000000800c00000-0x0000000840c00000, reserved size: 1073741824
Narrow klass base: 0x0000000800000000, Narrow klass shift: 0, Narrow klass range: 0x100000000

GC Precious Log:
 CardTable entry size: 512
 Card Set container configuration: InlinePtr #cards 4 size 8 Array Of Cards #cards 16 size 48 Howl #buckets 8 coarsen threshold 3686 Howl Bitmap #cards 512 size 80 coarsen threshold 460 Card regions per heap region 1 cards per card region 4096
 CPUs: 4 total, 4 available
 Memory: 12014M
 Large Page Support: Disabled
 NUMA Support: Disabled
 Compressed Oops: Enabled (Zero based)
 Heap Region Size: 2M
 Heap Min Capacity: 8M
 Heap Initial Capacity: 188M
 Heap Max Capacity: 3004M
 Pre-touch: Disabled
 Parallel Workers: 4
 Concurrent Workers: 1
 Concurrent Refinement Workers: 4
 Periodic GC: Disabled

Heap:
 garbage-first heap   total 192512K, used 14336K [0x0000000744400000, 0x0000000800000000)
  region size 2048K, 5 young (10240K), 0 survivors (0K)
 Metaspace       used 10206K, committed 10432K, reserved 1114112K
  class space    used 1136K, committed 1280K, reserved 1048576K

Heap Regions: E=young(eden), S=young(survivor), O=old, HS=humongous(starts), HC=humongous(continues), CS=collection set, F=free, OA=open archive, CA=closed archive, TAMS=top-at-mark-start (previous, next)
|   0|0x0000000744400000, 0x0000000744600000, 0x0000000744600000|100%|HS|  |TAMS 0x0000000744400000, 0x0000000744400000| Complete 
|   1|0x0000000744600000, 0x0000000744800000, 0x0000000744800000|100%|HS|  |TAMS 0x0000000744600000, 0x0000000744600000| Complete 
|   2|0x0000000744800000, 0x0000000744a00000, 0x0000000744a00000|100%|HC|  |TAMS 0x0000000744800000, 0x0000000744800000| Complete 
|   3|0x0000000744a00000, 0x0000000744a00000, 0x0000000744c00000|  0%| F|  |TAMS 0x0000000744a00000, 0x0000000744a00000| Untracked 
|   4|0x0000000744c00000, 0x0000000744c00000, 0x0000000744e00000|  0%| F|  |TAMS 0x0000000744c00000, 0x0000000744c00000| Untracked 
|   5|0x0000000744e00000, 0x0000000744e00000, 0x0000000745000000|  0%| F|  |TAMS 0x0000000744e00000, 0x0000000744e00000| Untracked 
|   6|0x0000000745000000, 0x0000000745000000, 0x0000000745200000|  0%| F|  |TAMS 0x0000000745000000, 0x0000000745000000| Untracked 
|   7|0x0000000745200000, 0x0000000745200000, 0x0000000745400000|  0%| F|  |TAMS 0x0000000745200000, 0x0000000745200000| Untracked 
|   8|0x0000000745400000, 0x0000000745400000, 0x0000000745600000|  0%| F|  |TAMS 0x0000000745400000, 0x0000000745400000| Untracked 
|   9|0x0000000745600000, 0x0000000745600000, 0x0000000745800000|  0%| F|  |TAMS 0x0000000745600000, 0x0000000745600000| Untracked 
|  10|0x0000000745800000, 0x0000000745800000, 0x0000000745a00000|  0%| F|  |TAMS 0x0000000745800000, 0x0000000745800000| Untracked 
|  11|0x0000000745a00000, 0x0000000745a00000, 0x0000000745c00000|  0%| F|  |TAMS 0x0000000745a00000, 0x0000000745a00000| Untracked 
|  12|0x0000000745c00000, 0x0000000745c00000, 0x0000000745e00000|  0%| F|  |TAMS 0x0000000745c00000, 0x0000000745c00000| Untracked 
|  13|0x0000000745e00000, 0x0000000745e00000, 0x0000000746000000|  0%| F|  |TAMS 0x0000000745e00000, 0x0000000745e00000| Untracked 
|  14|0x0000000746000000, 0x0000000746000000, 0x0000000746200000|  0%| F|  |TAMS 0x0000000746000000, 0x0000000746000000| Untracked 
|  15|0x0000000746200000, 0x0000000746200000, 0x0000000746400000|  0%| F|  |TAMS 0x0000000746200000, 0x0000000746200000| Untracked 
|  16|0x0000000746400000, 0x0000000746400000, 0x0000000746600000|  0%| F|  |TAMS 0x0000000746400000, 0x0000000746400000| Untracked 
|  17|0x0000000746600000, 0x0000000746600000, 0x0000000746800000|  0%| F|  |TAMS 0x0000000746600000, 0x0000000746600000| Untracked 
|  18|0x0000000746800000, 0x0000000746800000, 0x0000000746a00000|  0%| F|  |TAMS 0x0000000746800000, 0x0000000746800000| Untracked 
|  19|0x0000000746a00000, 0x0000000746a00000, 0x0000000746c00000|  0%| F|  |TAMS 0x0000000746a00000, 0x0000000746a00000| Untracked 
|  20|0x0000000746c00000, 0x0000000746c00000, 0x0000000746e00000|  0%| F|  |TAMS 0x0000000746c00000, 0x0000000746c00000| Untracked 
|  21|0x0000000746e00000, 0x0000000746e00000, 0x0000000747000000|  0%| F|  |TAMS 0x0000000746e00000, 0x0000000746e00000| Untracked 
|  22|0x0000000747000000, 0x0000000747000000, 0x0000000747200000|  0%| F|  |TAMS 0x0000000747000000, 0x0000000747000000| Untracked 
|  23|0x0000000747200000, 0x0000000747200000, 0x0000000747400000|  0%| F|  |TAMS 0x0000000747200000, 0x0000000747200000| Untracked 
|  24|0x0000000747400000, 0x0000000747400000, 0x0000000747600000|  0%| F|  |TAMS 0x0000000747400000, 0x0000000747400000| Untracked 
|  25|0x0000000747600000, 0x0000000747600000, 0x0000000747800000|  0%| F|  |TAMS 0x0000000747600000, 0x0000000747600000| Untracked 
|  26|0x0000000747800000, 0x0000000747800000, 0x0000000747a00000|  0%| F|  |TAMS 0x0000000747800000, 0x0000000747800000| Untracked 
|  27|0x0000000747a00000, 0x0000000747a00000, 0x0000000747c00000|  0%| F|  |TAMS 0x0000000747a00000, 0x0000000747a00000| Untracked 
|  28|0x0000000747c00000, 0x0000000747c00000, 0x0000000747e00000|  0%| F|  |TAMS 0x0000000747c00000, 0x0000000747c00000| Untracked 
|  29|0x0000000747e00000, 0x0000000747e00000, 0x0000000748000000|  0%| F|  |TAMS 0x0000000747e00000, 0x0000000747e00000| Untracked 
|  30|0x0000000748000000, 0x0000000748000000, 0x0000000748200000|  0%| F|  |TAMS 0x0000000748000000, 0x0000000748000000| Untracked 
|  31|0x0000000748200000, 0x0000000748200000, 0x0000000748400000|  0%| F|  |TAMS 0x0000000748200000, 0x0000000748200000| Untracked 
|  32|0x0000000748400000, 0x0000000748400000, 0x0000000748600000|  0%| F|  |TAMS 0x0000000748400000, 0x0000000748400000| Untracked 
|  33|0x0000000748600000, 0x0000000748600000, 0x0000000748800000|  0%| F|  |TAMS 0x0000000748600000, 0x0000000748600000| Untracked 
|  34|0x0000000748800000, 0x0000000748800000, 0x0000000748a00000|  0%| F|  |TAMS 0x0000000748800000, 0x0000000748800000| Untracked 
|  35|0x0000000748a00000, 0x0000000748a00000, 0x0000000748c00000|  0%| F|  |TAMS 0x0000000748a00000, 0x0000000748a00000| Untracked 
|  36|0x0000000748c00000, 0x0000000748c00000, 0x0000000748e00000|  0%| F|  |TAMS 0x0000000748c00000, 0x0000000748c00000| Untracked 
|  37|0x0000000748e00000, 0x0000000748e00000, 0x0000000749000000|  0%| F|  |TAMS 0x0000000748e00000, 0x0000000748e00000| Untracked 
|  38|0x0000000749000000, 0x0000000749000000, 0x0000000749200000|  0%| F|  |TAMS 0x0000000749000000, 0x0000000749000000| Untracked 
|  39|0x0000000749200000, 0x0000000749200000, 0x0000000749400000|  0%| F|  |TAMS 0x0000000749200000, 0x0000000749200000| Untracked 
|  40|0x0000000749400000, 0x0000000749400000, 0x0000000749600000|  0%| F|  |TAMS 0x0000000749400000, 0x0000000749400000| Untracked 
|  41|0x0000000749600000, 0x0000000749600000, 0x0000000749800000|  0%| F|  |TAMS 0x0000000749600000, 0x0000000749600000| Untracked 
|  42|0x0000000749800000, 0x0000000749800000, 0x0000000749a00000|  0%| F|  |TAMS 0x0000000749800000, 0x0000000749800000| Untracked 
|  43|0x0000000749a00000, 0x0000000749a00000, 0x0000000749c00000|  0%| F|  |TAMS 0x0000000749a00000, 0x0000000749a00000| Untracked 
|  44|0x0000000749c00000, 0x0000000749c00000, 0x0000000749e00000|  0%| F|  |TAMS 0x0000000749c00000, 0x0000000749c00000| Untracked 
|  45|0x0000000749e00000, 0x0000000749e00000, 0x000000074a000000|  0%| F|  |TAMS 0x0000000749e00000, 0x0000000749e00000| Untracked 
|  46|0x000000074a000000, 0x000000074a000000, 0x000000074a200000|  0%| F|  |TAMS 0x000000074a000000, 0x000000074a000000| Untracked 
|  47|0x000000074a200000, 0x000000074a200000, 0x000000074a400000|  0%| F|  |TAMS 0x000000074a200000, 0x000000074a200000| Untracked 
|  48|0x000000074a400000, 0x000000074a400000, 0x000000074a600000|  0%| F|  |TAMS 0x000000074a400000, 0x000000074a400000| Untracked 
|  49|0x000000074a600000, 0x000000074a600000, 0x000000074a800000|  0%| F|  |TAMS 0x000000074a600000, 0x000000074a600000| Untracked 
|  50|0x000000074a800000, 0x000000074a800000, 0x000000074aa00000|  0%| F|  |TAMS 0x000000074a800000, 0x000000074a800000| Untracked 
|  51|0x000000074aa00000, 0x000000074aa00000, 0x000000074ac00000|  0%| F|  |TAMS 0x000000074aa00000, 0x000000074aa00000| Untracked 
|  52|0x000000074ac00000, 0x000000074ac00000, 0x000000074ae00000|  0%| F|  |TAMS 0x000000074ac00000, 0x000000074ac00000| Untracked 
|  53|0x000000074ae00000, 0x000000074ae00000, 0x000000074b000000|  0%| F|  |TAMS 0x000000074ae00000, 0x000000074ae00000| Untracked 
|  54|0x000000074b000000, 0x000000074b000000, 0x000000074b200000|  0%| F|  |TAMS 0x000000074b000000, 0x000000074b000000| Untracked 
|  55|0x000000074b200000, 0x000000074b200000, 0x000000074b400000|  0%| F|  |TAMS 0x000000074b200000, 0x000000074b200000| Untracked 
|  56|0x000000074b400000, 0x000000074b400000, 0x000000074b600000|  0%| F|  |TAMS 0x000000074b400000, 0x000000074b400000| Untracked 
|  57|0x000000074b600000, 0x000000074b600000, 0x000000074b800000|  0%| F|  |TAMS 0x000000074b600000, 0x000000074b600000| Untracked 
|  58|0x000000074b800000, 0x000000074b800000, 0x000000074ba00000|  0%| F|  |TAMS 0x000000074b800000, 0x000000074b800000| Untracked 
|  59|0x000000074ba00000, 0x000000074ba00000, 0x000000074bc00000|  0%| F|  |TAMS 0x000000074ba00000, 0x000000074ba00000| Untracked 
|  60|0x000000074bc00000, 0x000000074bc00000, 0x000000074be00000|  0%| F|  |TAMS 0x000000074bc00000, 0x000000074bc00000| Untracked 
|  61|0x000000074be00000, 0x000000074be00000, 0x000000074c000000|  0%| F|  |TAMS 0x000000074be00000, 0x000000074be00000| Untracked 
|  62|0x000000074c000000, 0x000000074c000000, 0x000000074c200000|  0%| F|  |TAMS 0x000000074c000000, 0x000000074c000000| Untracked 
|  63|0x000000074c200000, 0x000000074c200000, 0x000000074c400000|  0%| F|  |TAMS 0x000000074c200000, 0x000000074c200000| Untracked 
|  64|0x000000074c400000, 0x000000074c400000, 0x000000074c600000|  0%| F|  |TAMS 0x000000074c400000, 0x000000074c400000| Untracked 
|  65|0x000000074c600000, 0x000000074c600000, 0x000000074c800000|  0%| F|  |TAMS 0x000000074c600000, 0x000000074c600000| Untracked 
|  66|0x000000074c800000, 0x000000074c800000, 0x000000074ca00000|  0%| F|  |TAMS 0x000000074c800000, 0x000000074c800000| Untracked 
|  67|0x000000074ca00000, 0x000000074ca00000, 0x000000074cc00000|  0%| F|  |TAMS 0x000000074ca00000, 0x000000074ca00000| Untracked 
|  68|0x000000074cc00000, 0x000000074cc00000, 0x000000074ce00000|  0%| F|  |TAMS 0x000000074cc00000, 0x000000074cc00000| Untracked 
|  69|0x000000074ce00000, 0x000000074ce00000, 0x000000074d000000|  0%| F|  |TAMS 0x000000074ce00000, 0x000000074ce00000| Untracked 
|  70|0x000000074d000000, 0x000000074d000000, 0x000000074d200000|  0%| F|  |TAMS 0x000000074d000000, 0x000000074d000000| Untracked 
|  71|0x000000074d200000, 0x000000074d200000, 0x000000074d400000|  0%| F|  |TAMS 0x000000074d200000, 0x000000074d200000| Untracked 
|  72|0x000000074d400000, 0x000000074d400000, 0x000000074d600000|  0%| F|  |TAMS 0x000000074d400000, 0x000000074d400000| Untracked 
|  73|0x000000074d600000, 0x000000074d600000, 0x000000074d800000|  0%| F|  |TAMS 0x000000074d600000, 0x000000074d600000| Untracked 
|  74|0x000000074d800000, 0x000000074d800000, 0x000000074da00000|  0%| F|  |TAMS 0x000000074d800000, 0x000000074d800000| Untracked 
|  75|0x000000074da00000, 0x000000074da00000, 0x000000074dc00000|  0%| F|  |TAMS 0x000000074da00000, 0x000000074da00000| Untracked 
|  76|0x000000074dc00000, 0x000000074dc00000, 0x000000074de00000|  0%| F|  |TAMS 0x000000074dc00000, 0x000000074dc00000| Untracked 
|  77|0x000000074de00000, 0x000000074de00000, 0x000000074e000000|  0%| F|  |TAMS 0x000000074de00000, 0x000000074de00000| Untracked 
|  78|0x000000074e000000, 0x000000074e000000, 0x000000074e200000|  0%| F|  |TAMS 0x000000074e000000, 0x000000074e000000| Untracked 
|  79|0x000000074e200000, 0x000000074e200000, 0x000000074e400000|  0%| F|  |TAMS 0x000000074e200000, 0x000000074e200000| Untracked 
|  80|0x000000074e400000, 0x000000074e400000, 0x000000074e600000|  0%| F|  |TAMS 0x000000074e400000, 0x000000074e400000| Untracked 
|  81|0x000000074e600000, 0x000000074e600000, 0x000000074e800000|  0%| F|  |TAMS 0x000000074e600000, 0x000000074e600000| Untracked 
|  82|0x000000074e800000, 0x000000074e800000, 0x000000074ea00000|  0%| F|  |TAMS 0x000000074e800000, 0x000000074e800000| Untracked 
|  83|0x000000074ea00000, 0x000000074ea00000, 0x000000074ec00000|  0%| F|  |TAMS 0x000000074ea00000, 0x000000074ea00000| Untracked 
|  84|0x000000074ec00000, 0x000000074ec00000, 0x000000074ee00000|  0%| F|  |TAMS 0x000000074ec00000, 0x000000074ec00000| Untracked 
|  85|0x000000074ee00000, 0x000000074ee00000, 0x000000074f000000|  0%| F|  |TAMS 0x000000074ee00000, 0x000000074ee00000| Untracked 
|  86|0x000000074f000000, 0x000000074f000000, 0x000000074f200000|  0%| F|  |TAMS 0x000000074f000000, 0x000000074f000000| Untracked 
|  87|0x000000074f200000, 0x000000074f200000, 0x000000074f400000|  0%| F|  |TAMS 0x000000074f200000, 0x000000074f200000| Untracked 
|  88|0x000000074f400000, 0x000000074f400000, 0x000000074f600000|  0%| F|  |TAMS 0x000000074f400000, 0x000000074f400000| Untracked 
|  89|0x000000074f600000, 0x000000074f7aec50, 0x000000074f800000| 84%| E|  |TAMS 0x000000074f600000, 0x000000074f600000| Complete 
|  90|0x000000074f800000, 0x000000074fa00000, 0x000000074fa00000|100%| E|CS|TAMS 0x000000074f800000, 0x000000074f800000| Complete 
|  91|0x000000074fa00000, 0x000000074fc00000, 0x000000074fc00000|100%| E|CS|TAMS 0x000000074fa00000, 0x000000074fa00000| Complete 
|  92|0x000000074fc00000, 0x000000074fe00000, 0x000000074fe00000|100%| E|CS|TAMS 0x000000074fc00000, 0x000000074fc00000| Complete 
|  93|0x000000074fe00000, 0x0000000750000000, 0x0000000750000000|100%| E|CS|TAMS 0x000000074fe00000, 0x000000074fe00000| Complete 

Card table byte_map: [0x0000028ff7440000,0x0000028ff7a20000] _byte_map_base: 0x0000028ff3a1e000

Marking Bits (Prev, Next): (CMBitMap*) 0x0000028fe057b270, (CMBitMap*) 0x0000028fe057b2b0
 Prev Bits: [0x0000028ff8000000, 0x0000028ffaef0000)
 Next Bits: [0x0000028ffaef0000, 0x0000028ffdde0000)

Polling page: 0x0000028fdfcf0000

Metaspace:

Usage:
  Non-class:      8.86 MB used.
      Class:      1.11 MB used.
       Both:      9.97 MB used.

Virtual space:
  Non-class space:       64.00 MB reserved,       8.94 MB ( 14%) committed,  1 nodes.
      Class space:        1.00 GB reserved,       1.25 MB ( <1%) committed,  1 nodes.
             Both:        1.06 GB reserved,      10.19 MB ( <1%) committed. 

Chunk freelists:
   Non-Class:  2.97 MB
       Class:  2.72 MB
        Both:  5.69 MB

MaxMetaspaceSize: unlimited
CompressedClassSpaceSize: 1.00 GB
Initial GC threshold: 21.00 MB
Current GC threshold: 21.00 MB
CDS: on
MetaspaceReclaimPolicy: balanced
 - commit_granule_bytes: 65536.
 - commit_granule_words: 8192.
 - virtual_space_node_default_size: 8388608.
 - enlarge_chunks_in_place: 1.
 - new_chunks_are_fully_committed: 0.
 - uncommit_free_chunks: 1.
 - use_allocation_guard: 0.


Internal statistics:

num_allocs_failed_limit: 0.
num_arena_births: 128.
num_arena_deaths: 0.
num_vsnodes_births: 2.
num_vsnodes_deaths: 0.
num_space_committed: 163.
num_space_uncommitted: 0.
num_chunks_returned_to_freelist: 0.
num_chunks_taken_from_freelist: 204.
num_chunk_merges: 0.
num_chunk_splits: 108.
num_chunks_enlarged: 36.
num_inconsistent_stats: 0.

CodeHeap 'non-profiled nmethods': size=120000Kb used=393Kb max_used=393Kb free=119606Kb
 bounds [0x0000028fef930000, 0x0000028fefba0000, 0x0000028ff6e60000]
CodeHeap 'profiled nmethods': size=120000Kb used=2702Kb max_used=2702Kb free=117297Kb
 bounds [0x0000028fe8400000, 0x0000028fe86b0000, 0x0000028fef930000]
CodeHeap 'non-nmethods': size=5760Kb used=1313Kb max_used=1331Kb free=4446Kb
 bounds [0x0000028fe7e60000, 0x0000028fe80d0000, 0x0000028fe8400000]
 total_blobs=2101 nmethods=1475 adapters=538
 compilation: enabled
              stopped_count=0, restarted_count=0
 full_count=0

Compilation events (20 events):
Event: 17.097 Thread 0x0000028f802b4f40 1466       3       java.util.PriorityQueue::siftUpComparable (52 bytes)
Event: 17.097 Thread 0x0000028f802b4f40 nmethod 1466 0x0000028fe86a2690 code [0x0000028fe86a2880, 0x0000028fe86a3028]
Event: 17.149 Thread 0x0000028f80244a90 1467       4       java.awt.Component::getInputContext (16 bytes)
Event: 17.149 Thread 0x0000028f80244a90 nmethod 1467 0x0000028fef991090 code [0x0000028fef991200, 0x0000028fef9912b8]
Event: 17.197 Thread 0x0000028f80244a90 1468       4       java.awt.event.InputEvent::consume (6 bytes)
Event: 17.197 Thread 0x0000028f80244a90 nmethod 1468 0x0000028fef991390 code [0x0000028fef991500, 0x0000028fef991578]
Event: 18.900 Thread 0x0000028f802b4f40 1469       3       java.awt.EventQueue$4::run (5 bytes)
Event: 18.900 Thread 0x0000028f802b4f40 nmethod 1469 0x0000028fe86a3290 code [0x0000028fe86a3420, 0x0000028fe86a3568]
Event: 18.996 Thread 0x0000028f80244a90 1470       4       java.util.concurrent.locks.AbstractQueuedSynchronizer$Node::setPrevRelaxed (12 bytes)
Event: 18.998 Thread 0x0000028f80244a90 nmethod 1470 0x0000028fef991690 code [0x0000028fef991800, 0x0000028fef991938]
Event: 18.998 Thread 0x0000028f80244a90 1471       4       java.util.concurrent.locks.AbstractQueuedSynchronizer::casTail (13 bytes)
Event: 18.999 Thread 0x0000028f80244a90 nmethod 1471 0x0000028fef991990 code [0x0000028fef991b00, 0x0000028fef991c58]
Event: 19.237 Thread 0x0000028f80244a90 1472       4       jdk.internal.misc.Unsafe::putIntOpaque (9 bytes)
Event: 19.238 Thread 0x0000028f80244a90 nmethod 1472 0x0000028fef991d10 code [0x0000028fef991e80, 0x0000028fef991f18]
Event: 19.254 Thread 0x0000028f802b4f40 1473       1       javax.swing.plaf.basic.BasicTabbedPaneUI::setRolloverTab (6 bytes)
Event: 19.254 Thread 0x0000028f802b4f40 nmethod 1473 0x0000028fef992010 code [0x0000028fef9921a0, 0x0000028fef992278]
Event: 19.318 Thread 0x0000028f80244a90 1474       4       java.util.concurrent.locks.AbstractQueuedSynchronizer$Node::setStatusRelaxed (12 bytes)
Event: 19.319 Thread 0x0000028f80244a90 nmethod 1474 0x0000028fef992310 code [0x0000028fef992480, 0x0000028fef9924f8]
Event: 67.839 Thread 0x0000028f802b4f40 1475       3       java.util.HashMap$EntryIterator::next (5 bytes)
Event: 67.839 Thread 0x0000028f802b4f40 nmethod 1475 0x0000028fe86a3610 code [0x0000028fe86a37c0, 0x0000028fe86a3948]

GC Heap History (0 events):
No events

Deoptimization events (19 events):
Event: 0.360 Thread 0x0000028fe0520ad0 Uncommon trap: trap_request=0xffffff45 fr.pc=0x0000028fef95a03c relative=0x000000000000041c
Event: 0.360 Thread 0x0000028fe0520ad0 Uncommon trap: reason=unstable_if action=reinterpret pc=0x0000028fef95a03c method=java.lang.StringLatin1.newString([BII)Ljava/lang/String; @ 1 c2
Event: 0.360 Thread 0x0000028fe0520ad0 DEOPT PACKING pc=0x0000028fef95a03c sp=0x000000c2bf7fef80
Event: 0.360 Thread 0x0000028fe0520ad0 DEOPT UNPACKING pc=0x0000028fe7eb5c23 sp=0x000000c2bf7fef48 mode 2
Event: 0.427 Thread 0x0000028fe0520ad0 Uncommon trap: trap_request=0xffffff45 fr.pc=0x0000028fef957d90 relative=0x0000000000000210
Event: 0.427 Thread 0x0000028fe0520ad0 Uncommon trap: reason=unstable_if action=reinterpret pc=0x0000028fef957d90 method=java.lang.StringUTF16.compress([CI[BII)I @ 20 c2
Event: 0.427 Thread 0x0000028fe0520ad0 DEOPT PACKING pc=0x0000028fef957d90 sp=0x000000c2bf7fdd10
Event: 0.427 Thread 0x0000028fe0520ad0 DEOPT UNPACKING pc=0x0000028fe7eb5c23 sp=0x000000c2bf7fdc90 mode 2
Event: 0.427 Thread 0x0000028fe0520ad0 Uncommon trap: trap_request=0xffffff45 fr.pc=0x0000028fef959390 relative=0x0000000000000270
Event: 0.427 Thread 0x0000028fe0520ad0 Uncommon trap: reason=unstable_if action=reinterpret pc=0x0000028fef959390 method=java.util.StringTokenizer.scanToken(I)I @ 42 c2
Event: 0.427 Thread 0x0000028fe0520ad0 DEOPT PACKING pc=0x0000028fef959390 sp=0x000000c2bf7fe070
Event: 0.427 Thread 0x0000028fe0520ad0 DEOPT UNPACKING pc=0x0000028fe7eb5c23 sp=0x000000c2bf7fe000 mode 2
Event: 0.476 Thread 0x0000028f848d37c0 Uncommon trap: trap_request=0xffffff45 fr.pc=0x0000028fef960d68 relative=0x0000000000000968
Event: 0.476 Thread 0x0000028f848d37c0 Uncommon trap: reason=unstable_if action=reinterpret pc=0x0000028fef960d68 method=java.util.HashMap.putVal(ILjava/lang/Object;Ljava/lang/Object;ZZ)Ljava/lang/Object; @ 181 c2
Event: 0.476 Thread 0x0000028f848d37c0 DEOPT PACKING pc=0x0000028fef960d68 sp=0x000000c2c0efdb80
Event: 0.476 Thread 0x0000028f848d37c0 DEOPT UNPACKING pc=0x0000028fe7eb5c23 sp=0x000000c2c0efdab8 mode 2
Event: 67.840 Thread 0x0000028f848d37c0 Uncommon trap: trap_request=0xffffff45 fr.pc=0x0000028fef95f860 relative=0x00000000000008e0
Event: 67.840 Thread 0x0000028f848d37c0 Uncommon trap: reason=unstable_if action=reinterpret pc=0x0000028fef95f860 method=java.util.HashMap.putVal(ILjava/lang/Object;Ljava/lang/Object;ZZ)Ljava/lang/Object; @ 181 c2
Event: 67.840 Thread 0x0000028f848d37c0 DEOPT PACKING pc=0x0000028fef95f860 sp=0x000000c2c0efec40

Classes loaded (20 events):
Event: 2.108 Loading class java/awt/LightweightDispatcher$2
Event: 2.108 Loading class java/awt/LightweightDispatcher$2 done
Event: 2.731 Loading class javax/swing/TimerQueue
Event: 2.731 Loading class javax/swing/TimerQueue done
Event: 2.732 Loading class java/util/concurrent/DelayQueue
Event: 2.732 Loading class java/util/concurrent/BlockingQueue
Event: 2.732 Loading class java/util/concurrent/BlockingQueue done
Event: 2.732 Loading class java/util/concurrent/DelayQueue done
Event: 2.732 Loading class java/util/PriorityQueue
Event: 2.732 Loading class java/util/PriorityQueue done
Event: 2.734 Loading class javax/swing/TimerQueue$DelayedTimer
Event: 2.734 Loading class java/util/concurrent/Delayed
Event: 2.734 Loading class java/util/concurrent/Delayed done
Event: 2.734 Loading class javax/swing/TimerQueue$DelayedTimer done
Event: 2.734 Loading class java/util/concurrent/TimeUnit$1
Event: 2.734 Loading class java/util/concurrent/TimeUnit$1 done
Event: 3.289 Loading class java/awt/event/MouseWheelEvent
Event: 3.289 Loading class java/awt/event/MouseWheelEvent done
Event: 17.999 Loading class javax/swing/Timer$1
Event: 17.999 Loading class javax/swing/Timer$1 done

Classes unloaded (0 events):
No events

Classes redefined (0 events):
No events

Internal exceptions (14 events):
Event: 0.181 Thread 0x0000028fe0520ad0 Exception <a 'java/lang/ClassNotFoundException'{0x000000074ff2b7b8}: sun/awt/resources/spi/awtProvider> (0x000000074ff2b7b8) 
thrown [s\open\src\hotspot\share\classfile\systemDictionary.cpp, line 255]
Event: 0.205 Thread 0x0000028fe0520ad0 Exception <a 'java/io/FileNotFoundException'{0x000000074ff80e30}> (0x000000074ff80e30) 
thrown [s\open\src\hotspot\share\prims\jni.cpp, line 516]
Event: 0.210 Thread 0x0000028fe0520ad0 Exception <a 'java/io/FileNotFoundException'{0x000000074ffade00}> (0x000000074ffade00) 
thrown [s\open\src\hotspot\share\prims\jni.cpp, line 516]
Event: 0.236 Thread 0x0000028fe0520ad0 Exception <a 'java/lang/NoSuchMethodError'{0x000000074ffed628}: 'java.lang.Object java.lang.invoke.DirectMethodHandle$Holder.invokeStaticInit(java.lang.Object)'> (0x000000074ffed628) 
thrown [s\open\src\hotspot\share\interpreter\linkResolver.cpp, line 766]
Event: 0.259 Thread 0x0000028fe0520ad0 Exception <a 'java/lang/NoSuchMethodError'{0x000000074fc75548}: 'void java.lang.invoke.DirectMethodHandle$Holder.invokeSpecial(java.lang.Object, java.lang.Object, java.lang.Object)'> (0x000000074fc75548) 
thrown [s\open\src\hotspot\share\interpreter\linkResolver.cpp, line 766]
Event: 0.264 Thread 0x0000028fe0520ad0 Exception <a 'java/lang/NoSuchMethodError'{0x000000074fca0ca0}: 'java.lang.Object java.lang.invoke.DirectMethodHandle$Holder.newInvokeSpecial(java.lang.Object, java.lang.Object, java.lang.Object, java.lang.Object, java.lang.Object)'> (0x000000074fca0ca0) 
thrown [s\open\src\hotspot\share\interpreter\linkResolver.cpp, line 766]
Event: 0.267 Thread 0x0000028fe0520ad0 Exception <a 'java/lang/NoSuchMethodError'{0x000000074fcd2a00}: 'java.lang.Object java.lang.invoke.DirectMethodHandle$Holder.invokeStatic(java.lang.Object, int, java.lang.Object)'> (0x000000074fcd2a00) 
thrown [s\open\src\hotspot\share\interpreter\linkResolver.cpp, line 766]
Event: 0.282 Thread 0x0000028fe0520ad0 Exception <a 'java/lang/ClassNotFoundException'{0x000000074fd8fc38}: com/sun/swing/internal/plaf/metal/resources/spi/metalProvider> (0x000000074fd8fc38) 
thrown [s\open\src\hotspot\share\classfile\systemDictionary.cpp, line 255]
Event: 0.283 Thread 0x0000028fe0520ad0 Exception <a 'java/lang/ClassNotFoundException'{0x000000074fd93ca0}: com/sun/swing/internal/plaf/basic/resources/spi/basicProvider> (0x000000074fd93ca0) 
thrown [s\open\src\hotspot\share\classfile\systemDictionary.cpp, line 255]
Event: 0.288 Thread 0x0000028fe0520ad0 Exception <a 'java/lang/NoSuchMethodError'{0x000000074fdb49d0}: 'int java.lang.invoke.Invokers$Holder.invokeExact_MT(java.lang.Object, java.lang.Object)'> (0x000000074fdb49d0) 
thrown [s\open\src\hotspot\share\interpreter\linkResolver.cpp, line 766]
Event: 0.414 Thread 0x0000028fe0520ad0 Exception <a 'java/lang/NoSuchMethodError'{0x000000074f8093b0}: 'void java.lang.invoke.DirectMethodHandle$Holder.invokeStaticInit(java.lang.Object)'> (0x000000074f8093b0) 
thrown [s\open\src\hotspot\share\interpreter\linkResolver.cpp, line 766]
Event: 0.466 Thread 0x0000028f8463acc0 Exception <a 'java/lang/NoSuchMethodError'{0x000000074fc0ff60}: 'void java.lang.invoke.DirectMethodHandle$Holder.invokeVirtual(java.lang.Object, java.lang.Object)'> (0x000000074fc0ff60) 
thrown [s\open\src\hotspot\share\interpreter\linkResolver.cpp, line 766]
Event: 0.545 Thread 0x0000028fe0520ad0 Exception <a 'java/lang/NoSuchMethodError'{0x000000074f8cad08}: 'long java.lang.invoke.DirectMethodHandle$Holder.invokeSpecial(java.lang.Object, java.lang.Object)'> (0x000000074f8cad08) 
thrown [s\open\src\hotspot\share\interpreter\linkResolver.cpp, line 766]
Event: 0.546 Thread 0x0000028fe0520ad0 Exception <a 'java/lang/NoSuchMethodError'{0x000000074f8ce3a0}: 'long java.lang.invoke.Invokers$Holder.invokeExact_MT(java.lang.Object, java.lang.Object)'> (0x000000074f8ce3a0) 
thrown [s\open\src\hotspot\share\interpreter\linkResolver.cpp, line 766]

VM Operations (20 events):
Event: 4.573 Executing VM operation: Cleanup
Event: 4.573 Executing VM operation: Cleanup done
Event: 5.585 Executing VM operation: Cleanup
Event: 5.586 Executing VM operation: Cleanup done
Event: 6.598 Executing VM operation: Cleanup
Event: 6.598 Executing VM operation: Cleanup done
Event: 8.619 Executing VM operation: Cleanup
Event: 8.619 Executing VM operation: Cleanup done
Event: 13.680 Executing VM operation: Cleanup
Event: 13.680 Executing VM operation: Cleanup done
Event: 16.713 Executing VM operation: Cleanup
Event: 16.713 Executing VM operation: Cleanup done
Event: 17.718 Executing VM operation: Cleanup
Event: 17.718 Executing VM operation: Cleanup done
Event: 18.730 Executing VM operation: Cleanup
Event: 18.730 Executing VM operation: Cleanup done
Event: 19.742 Executing VM operation: Cleanup
Event: 19.743 Executing VM operation: Cleanup done
Event: 20.757 Executing VM operation: Cleanup
Event: 20.757 Executing VM operation: Cleanup done

Events (20 events):
Event: 0.091 Thread 0x0000028f80243dc0 Thread added: 0x0000028f80243dc0
Event: 0.091 Thread 0x0000028f80244a90 Thread added: 0x0000028f80244a90
Event: 0.098 Thread 0x0000028f802b4f40 Thread added: 0x0000028f802b4f40
Event: 0.100 Thread 0x0000028f802b8cf0 Thread added: 0x0000028f802b8cf0
Event: 0.130 Thread 0x0000028f8459af50 Thread added: 0x0000028f8459af50
Event: 0.133 Thread 0x0000028f845a46c0 Thread added: 0x0000028f845a46c0
Event: 0.154 Loaded shared library C:\Program Files\Java\jdk-18.0.1.1\bin\jimage.dll
Event: 0.163 Loaded shared library C:\Program Files\Java\jdk-18.0.1.1\bin\net.dll
Event: 0.165 Loaded shared library C:\Program Files\Java\jdk-18.0.1.1\bin\nio.dll
Event: 0.169 Loaded shared library C:\Program Files\Java\jdk-18.0.1.1\bin\zip.dll
Event: 0.193 Loaded shared library C:\Program Files\Java\jdk-18.0.1.1\bin\awt.dll
Event: 0.236 Thread 0x0000028f84639b20 Thread added: 0x0000028f84639b20
Event: 0.237 Thread 0x0000028f84639fe0 Thread added: 0x0000028f84639fe0
Event: 0.238 Thread 0x0000028f8463acc0 Thread added: 0x0000028f8463acc0
Event: 0.396 Thread 0x0000028f848d37c0 Thread added: 0x0000028f848d37c0
Event: 0.417 Loaded shared library C:\Program Files\Java\jdk-18.0.1.1\bin\freetype.dll
Event: 0.418 Loaded shared library C:\Program Files\Java\jdk-18.0.1.1\bin\fontmanager.dll
Event: 0.578 Thread 0x0000028fe0520ad0 Thread exited: 0x0000028fe0520ad0
Event: 0.578 Thread 0x0000028f8517e210 Thread added: 0x0000028f8517e210
Event: 2.734 Thread 0x0000028f8517ebb0 Thread added: 0x0000028f8517ebb0


Dynamic libraries:
0x00007ff7eff30000 - 0x00007ff7eff40000 	C:\Program Files\Java\jdk-18.0.1.1\bin\javaw.exe
0x00007ffb50460000 - 0x00007ffb50669000 	C:\WINDOWS\SYSTEM32\ntdll.dll
0x00007ffb4f010000 - 0x00007ffb4f0cd000 	C:\WINDOWS\System32\KERNEL32.DLL
0x00007ffb4dc20000 - 0x00007ffb4df99000 	C:\WINDOWS\System32\KERNELBASE.dll
0x00007ffb4e060000 - 0x00007ffb4e171000 	C:\WINDOWS\System32\ucrtbase.dll
0x00007ffb2e970000 - 0x00007ffb2e988000 	C:\Program Files\Java\jdk-18.0.1.1\bin\jli.dll
0x00007ffb4e410000 - 0x00007ffb4e4be000 	C:\WINDOWS\System32\ADVAPI32.dll
0x00007ffb501c0000 - 0x00007ffb50263000 	C:\WINDOWS\System32\msvcrt.dll
0x00007ffb4ef70000 - 0x00007ffb4f00e000 	C:\WINDOWS\System32\sechost.dll
0x00007ffb4e750000 - 0x00007ffb4e870000 	C:\WINDOWS\System32\RPCRT4.dll
0x00007ffb50270000 - 0x00007ffb5041c000 	C:\WINDOWS\System32\USER32.dll
0x00007ffb4da60000 - 0x00007ffb4da86000 	C:\WINDOWS\System32\win32u.dll
0x00007ffb4e9e0000 - 0x00007ffb4ea09000 	C:\WINDOWS\System32\GDI32.dll
0x00007ffb4da90000 - 0x00007ffb4dba2000 	C:\WINDOWS\System32\gdi32full.dll
0x00007ffb4d9c0000 - 0x00007ffb4da5d000 	C:\WINDOWS\System32\msvcp_win.dll
0x00007ffb2e430000 - 0x00007ffb2e44a000 	C:\Program Files\Java\jdk-18.0.1.1\bin\VCRUNTIME140.dll
0x00007ffb26ac0000 - 0x00007ffb26d65000 	C:\WINDOWS\WinSxS\amd64_microsoft.windows.common-controls_6595b64144ccf1df_6.0.22000.120_none_9d947278b86cc467\COMCTL32.dll
0x00007ffb44980000 - 0x00007ffb4498a000 	C:\WINDOWS\SYSTEM32\VERSION.dll
0x00007ffb4f1b0000 - 0x00007ffb4f1e1000 	C:\WINDOWS\System32\IMM32.DLL
0x00007ffb46520000 - 0x00007ffb4652c000 	C:\Program Files\Java\jdk-18.0.1.1\bin\vcruntime140_1.dll
0x00007ffb2e3a0000 - 0x00007ffb2e42d000 	C:\Program Files\Java\jdk-18.0.1.1\bin\msvcp140.dll
0x00007ffaf0860000 - 0x00007ffaf1470000 	C:\Program Files\Java\jdk-18.0.1.1\bin\server\jvm.dll
0x00007ffb4eae0000 - 0x00007ffb4eae8000 	C:\WINDOWS\System32\PSAPI.DLL
0x00007ffb45170000 - 0x00007ffb45179000 	C:\WINDOWS\SYSTEM32\WSOCK32.dll
0x00007ffb4e680000 - 0x00007ffb4e6ef000 	C:\WINDOWS\System32\WS2_32.dll
0x00007ffb45130000 - 0x00007ffb45163000 	C:\WINDOWS\SYSTEM32\WINMM.dll
0x00007ffb4ca30000 - 0x00007ffb4ca48000 	C:\WINDOWS\SYSTEM32\kernel.appcore.dll
0x00007ffb44570000 - 0x00007ffb4457a000 	C:\Program Files\Java\jdk-18.0.1.1\bin\jimage.dll
0x00007ffb4b490000 - 0x00007ffb4b6b1000 	C:\WINDOWS\SYSTEM32\DBGHELP.DLL
0x00007ffb3beb0000 - 0x00007ffb3bee1000 	C:\WINDOWS\SYSTEM32\dbgcore.DLL
0x00007ffb4d940000 - 0x00007ffb4d9bf000 	C:\WINDOWS\System32\bcryptPrimitives.dll
0x00007ffb2e370000 - 0x00007ffb2e395000 	C:\Program Files\Java\jdk-18.0.1.1\bin\java.dll
0x00007ffb02f70000 - 0x00007ffb03046000 	C:\Program Files\Java\jdk-18.0.1.1\bin\jsvml.dll
0x00007ffb4f360000 - 0x00007ffb4fb18000 	C:\WINDOWS\System32\SHELL32.dll
0x00007ffb4bab0000 - 0x00007ffb4c318000 	C:\WINDOWS\SYSTEM32\windows.storage.dll
0x00007ffb4fb20000 - 0x00007ffb4fe99000 	C:\WINDOWS\System32\combase.dll
0x00007ffb4b940000 - 0x00007ffb4baa6000 	C:\WINDOWS\SYSTEM32\wintypes.dll
0x00007ffb4f270000 - 0x00007ffb4f35a000 	C:\WINDOWS\System32\SHCORE.dll
0x00007ffb4f210000 - 0x00007ffb4f26d000 	C:\WINDOWS\System32\shlwapi.dll
0x00007ffb4d870000 - 0x00007ffb4d891000 	C:\WINDOWS\SYSTEM32\profapi.dll
0x00007ffb2e350000 - 0x00007ffb2e363000 	C:\Program Files\Java\jdk-18.0.1.1\bin\net.dll
0x00007ffb46100000 - 0x00007ffb4620c000 	C:\WINDOWS\SYSTEM32\WINHTTP.dll
0x00007ffb4cee0000 - 0x00007ffb4cf47000 	C:\WINDOWS\system32\mswsock.dll
0x00007ffb2e330000 - 0x00007ffb2e346000 	C:\Program Files\Java\jdk-18.0.1.1\bin\nio.dll
0x00007ffb1b280000 - 0x00007ffb1b298000 	C:\Program Files\Java\jdk-18.0.1.1\bin\zip.dll
0x00007ffaf8400000 - 0x00007ffaf858f000 	C:\Program Files\Java\jdk-18.0.1.1\bin\awt.dll
0x00007ffb4f0d0000 - 0x00007ffb4f1a6000 	C:\WINDOWS\System32\OLEAUT32.dll
0x00007ffb4abf0000 - 0x00007ffb4ac81000 	C:\WINDOWS\SYSTEM32\apphelp.dll
0x00007ffb4b030000 - 0x00007ffb4b05f000 	C:\WINDOWS\system32\DWMAPI.DLL
0x00007ffb4acb0000 - 0x00007ffb4ad5c000 	C:\WINDOWS\system32\uxtheme.dll
0x00007ffb09c00000 - 0x00007ffb09d01000 	C:\WINDOWS\system32\opengl32.dll
0x00007ffb0a560000 - 0x00007ffb0a58d000 	C:\WINDOWS\SYSTEM32\GLU32.dll
0x00007ffb4ad90000 - 0x00007ffb4adc8000 	C:\WINDOWS\SYSTEM32\dxcore.dll
0x00007ffb4e2f0000 - 0x00007ffb4e40e000 	C:\WINDOWS\System32\MSCTF.dll
0x00007ffb4fea0000 - 0x00007ffb5003a000 	C:\WINDOWS\System32\ole32.dll
0x00007ffaf9770000 - 0x00007ffaf97f9000 	C:\Program Files\Java\jdk-18.0.1.1\bin\freetype.dll
0x00007ffaf9020000 - 0x00007ffaf90c8000 	C:\Program Files\Java\jdk-18.0.1.1\bin\fontmanager.dll
0x00007ffb08c00000 - 0x00007ffb08d2d000 	C:\WINDOWS\SYSTEM32\textinputframework.dll
0x00007ffb4a900000 - 0x00007ffb4aa32000 	C:\WINDOWS\SYSTEM32\CoreMessaging.dll
0x00007ffb48b70000 - 0x00007ffb48edd000 	C:\WINDOWS\SYSTEM32\CoreUIComponents.dll
0x00007ffb4d140000 - 0x00007ffb4d14c000 	C:\WINDOWS\SYSTEM32\CRYPTBASE.DLL
0x00007ffb4ea30000 - 0x00007ffb4eadf000 	C:\WINDOWS\System32\clbcatq.dll
0x00007ffb47b00000 - 0x00007ffb47cae000 	C:\WINDOWS\SYSTEM32\WindowsCodecs.dll
0x00007ffb003f0000 - 0x00007ffb0044d000 	C:\WINDOWS\system32\dataexchange.dll
0x00007ffb46ee0000 - 0x00007ffb47146000 	C:\WINDOWS\system32\twinapi.appcore.dll

dbghelp: loaded successfully - version: 4.0.5 - missing functions: none
symbol engine: initialized successfully - sym options: 0x614 - pdb path: .;C:\Program Files\Java\jdk-18.0.1.1\bin;C:\WINDOWS\SYSTEM32;C:\WINDOWS\WinSxS\amd64_microsoft.windows.common-controls_6595b64144ccf1df_6.0.22000.120_none_9d947278b86cc467;C:\Program Files\Java\jdk-18.0.1.1\bin\server

VM Arguments:
jvm_args: -Dfile.encoding=UTF-8 -XX:+ShowCodeDetailsInExceptionMessages 
java_command: SistemaVentas.Menu_Principal
java_class_path (initial): C:\Users\jnfg5\eclipse-workspace\Sistema_Ventas2\bin;C:\Users\jnfg5\eclipse-workspace\Sistema_Ventas2\librerias\gson-2.8.5.jar;C:\Users\jnfg5\eclipse-workspace\Sistema_Ventas2\librerias\itextpdf-5.4.0.jar;C:\Users\jnfg5\eclipse-workspace\Sistema_Ventas2\librerias\json-simple-1.1.1.jar
Launcher Type: SUN_STANDARD

[Global flags]
     intx CICompilerCount                          = 3                                         {product} {ergonomic}
     uint ConcGCThreads                            = 1                                         {product} {ergonomic}
     uint G1ConcRefinementThreads                  = 4                                         {product} {ergonomic}
   size_t G1HeapRegionSize                         = 2097152                                   {product} {ergonomic}
    uintx GCDrainStackTargetSize                   = 64                                        {product} {ergonomic}
   size_t InitialHeapSize                          = 197132288                                 {product} {ergonomic}
   size_t MarkStackSize                            = 4194304                                   {product} {ergonomic}
   size_t MaxHeapSize                              = 3149922304                                {product} {ergonomic}
   size_t MaxNewSize                               = 1889533952                                {product} {ergonomic}
   size_t MinHeapDeltaBytes                        = 2097152                                   {product} {ergonomic}
   size_t MinHeapSize                              = 8388608                                   {product} {ergonomic}
    uintx NonNMethodCodeHeapSize                   = 5832780                                {pd product} {ergonomic}
    uintx NonProfiledCodeHeapSize                  = 122912730                              {pd product} {ergonomic}
    uintx ProfiledCodeHeapSize                     = 122912730                              {pd product} {ergonomic}
    uintx ReservedCodeCacheSize                    = 251658240                              {pd product} {ergonomic}
     bool SegmentedCodeCache                       = true                                      {product} {ergonomic}
     bool ShowCodeDetailsInExceptionMessages       = true                                   {manageable} {command line}
   size_t SoftMaxHeapSize                          = 3149922304                             {manageable} {ergonomic}
     bool UseCompressedClassPointers               = true                           {product lp64_product} {ergonomic}
     bool UseCompressedOops                        = true                           {product lp64_product} {ergonomic}
     bool UseG1GC                                  = true                                      {product} {ergonomic}
     bool UseLargePagesIndividualAllocation        = false                                  {pd product} {ergonomic}

Logging:
Log output configuration:
 #0: stdout all=warning uptime,level,tags foldmultilines=false
 #1: stderr all=off uptime,level,tags foldmultilines=false

Environment Variables:
PATH=C:\Program Files\Common Files\Oracle\Java\javapath;C:\WINDOWS\system32;C:\WINDOWS;C:\WINDOWS\System32\Wbem;C:\WINDOWS\System32\WindowsPowerShell\v1.0\;C:\WINDOWS\System32\OpenSSH\;C:\Program Files (x86)\Microsoft SQL Server\150\Tools\Binn\;C:\Program Files\Microsoft SQL Server\150\Tools\Binn\;C:\Program Files (x86)\Microsoft SQL Server\150\DTS\Binn\;C:\Program Files\Microsoft SQL Server\150\DTS\Binn\;C:\Program Files\Microsoft SQL Server\Client SDK\ODBC\170\Tools\Binn\;C:\Program Files\Azure Data Studio\bin;C:\Program Files\Microsoft SQL Server\130\Tools\Binn\;C:\Program Files (x86)\Microsoft SQL Server\110\DTS\Binn\;C:\Program Files (x86)\Microsoft SQL Server\120\DTS\Binn\;C:\Program Files (x86)\Microsoft SQL Server\130\DTS\Binn\;C:\Program Files (x86)\Microsoft SQL Server\140\DTS\Binn\;C:\Program Files\dotnet\;C:\Program Files\nodejs\;C:\Users\jnfg5\AppData\Local\Microsoft\WindowsApps;;C:\Program Files\Azure Data Studio\bin;C:\Users\jnfg5\.dotnet\tools;C:\Users\jnfg5\AppData\Roaming\npm
USERNAME=jnfg5
OS=Windows_NT
PROCESSOR_IDENTIFIER=Intel64 Family 6 Model 140 Stepping 1, GenuineIntel



---------------  S Y S T E M  ---------------

OS:
 Windows 11 , 64 bit Build 22000 (10.0.22000.708)
OS uptime: 1 days 20:04 hours

CPU: total 4 (initial active 4) (2 cores per cpu, 2 threads per core) family 6 model 140 stepping 1 microcode 0xa4, cx8, cmov, fxsr, ht, mmx, 3dnowpref, sse, sse2, sse3, ssse3, sse4.1, sse4.2, popcnt, lzcnt, tsc, tscinvbit, avx, avx2, aes, erms, clmul, bmi1, bmi2, adx, avx512f, avx512dq, avx512cd, avx512bw, avx512vl, sha, fma, vzeroupper, avx512_vpopcntdq, avx512_vpclmulqdq, avx512_vaes, avx512_vnni, clflush, clflushopt, clwb, avx512_vbmi2, avx512_vbmi

Memory: 4k page, system-wide physical 12014M (2303M free)
TotalPageFile size 48878M (AvailPageFile size 274M)
current process WorkingSet (physical memory assigned to process): 71M, peak: 74M
current process commit charge ("private bytes"): 280M, peak: 284M

vm_info: Java HotSpot(TM) 64-Bit Server VM (18.0.1.1+2-6) for windows-amd64 JRE (18.0.1.1+2-6), built on Apr 25 2022 21:53:15 by "mach5one" with MS VC++ 16.8 / 16.9 (VS2019)

END.
