#
# There is insufficient memory for the Java Runtime Environment to continue.
# Native memory allocation (malloc) failed to allocate 32744 bytes for Chunk::new
# Possible reasons:
#   The system is out of physical RAM or swap space
#   The process is running with CompressedOops enabled, and the Java Heap may be blocking the growth of the native heap
# Possible solutions:
#   Reduce memory load on the system
#   Increase physical memory or swap space
#   Check if swap backing store is full
#   Decrease Java heap size (-Xmx/-Xms)
#   Decrease number of Java threads
#
#  
 Windows 11 , 64 bit Build 22000 (10.0.22000.708)
Time: Tue Jun 21 23:11:58 2022 Hora estándar, América Central elapsed time: 21351.080846 seconds (0d 5h 55m 51s)

---------------  T H R E A D  ---------------

Current thread (0x000002d7734a8020):  JavaThread "C2 CompilerThread0" daemon [_thread_in_native, id=3928, stack(0x000000f81c500000,0x000000f81c600000)]


Current CompileTask:
C2:21351081 1695       4       java.lang.StringLatin1::compareTo (52 bytes)

Stack: [0x000000f81c500000,0x000000f81c600000]
Native frames: (J=compiled Java code, j=interpreted, Vv=VM code, C=native code)
V  [jvm.dll+0x69887a]
V  [jvm.dll+0x7f38bd]
V  [jvm.dll+0x7f51ce]
V  [jvm.dll+0x7f5883]
V  [jvm.dll+0x25ca3f]
V  [jvm.dll+0xb8c2f]
V  [jvm.dll+0xb8fa5]
V  [jvm.dll+0x675be0]
V  [jvm.dll+0x67571e]
V  [jvm.dll+0x1d0299]
V  [jvm.dll+0x6a8dea]
V  [jvm.dll+0x6aac75]
V  [jvm.dll+0x6aaa01]
V  [jvm.dll+0x6ad2ff]
V  [jvm.dll+0x6b0ae7]
V  [jvm.dll+0x6a8c3b]
V  [jvm.dll+0x6a8275]
V  [jvm.dll+0x6a612b]
V  [jvm.dll+0x1bce5c]
V  [jvm.dll+0x22ebb8]
V  [jvm.dll+0x1b9cfc]
V  [jvm.dll+0x23e8ca]
V  [jvm.dll+0x23cbb5]
V  [jvm.dll+0x7a5fb1]
V  [jvm.dll+0x7a03ea]
V  [jvm.dll+0x697725]
C  [ucrtbase.dll+0x26c0c]
C  [KERNEL32.DLL+0x154e0]
C  [ntdll.dll+0x485b]


---------------  P R O C E S S  ---------------

Threads class SMR info:
_java_thread_list=0x000002d7778b0d80, length=17, elements={
0x000002d773492490, 0x000002d773492e30, 0x000002d7734a3260, 0x000002d7734a6010,
0x000002d7734a69b0, 0x000002d7734a7350, 0x000002d7734a8020, 0x000002d77351b230,
0x000002d77351e040, 0x000002d7778708f0, 0x000002d777876f80, 0x000002d777aca720,
0x000002d777ad16b0, 0x000002d777ad5400, 0x000002d777b82080, 0x000002d7787c8310,
0x000002d7787c7970
}

Java Threads: ( => current thread )
  0x000002d773492490 JavaThread "Reference Handler" daemon [_thread_blocked, id=27016, stack(0x000000f81bf00000,0x000000f81c000000)]
  0x000002d773492e30 JavaThread "Finalizer" daemon [_thread_blocked, id=6344, stack(0x000000f81c000000,0x000000f81c100000)]
  0x000002d7734a3260 JavaThread "Signal Dispatcher" daemon [_thread_blocked, id=25988, stack(0x000000f81c100000,0x000000f81c200000)]
  0x000002d7734a6010 JavaThread "Attach Listener" daemon [_thread_blocked, id=27108, stack(0x000000f81c200000,0x000000f81c300000)]
  0x000002d7734a69b0 JavaThread "Service Thread" daemon [_thread_blocked, id=25960, stack(0x000000f81c300000,0x000000f81c400000)]
  0x000002d7734a7350 JavaThread "Monitor Deflation Thread" daemon [_thread_blocked, id=25796, stack(0x000000f81c400000,0x000000f81c500000)]
=>0x000002d7734a8020 JavaThread "C2 CompilerThread0" daemon [_thread_in_native, id=3928, stack(0x000000f81c500000,0x000000f81c600000)]
  0x000002d77351b230 JavaThread "C1 CompilerThread0" daemon [_thread_in_native, id=23688, stack(0x000000f81c600000,0x000000f81c700000)]
  0x000002d77351e040 JavaThread "Sweeper thread" daemon [_thread_blocked, id=5740, stack(0x000000f81c700000,0x000000f81c800000)]
  0x000002d7778708f0 JavaThread "Notification Thread" daemon [_thread_blocked, id=18416, stack(0x000000f81c800000,0x000000f81c900000)]
  0x000002d777876f80 JavaThread "Common-Cleaner" daemon [_thread_blocked, id=18236, stack(0x000000f81ca00000,0x000000f81cb00000)]
  0x000002d777aca720 JavaThread "Java2D Disposer" daemon [_thread_blocked, id=26396, stack(0x000000f81cb00000,0x000000f81cc00000)]
  0x000002d777ad16b0 JavaThread "AWT-Shutdown" [_thread_blocked, id=21768, stack(0x000000f81cc00000,0x000000f81cd00000)]
  0x000002d777ad5400 JavaThread "AWT-Windows" daemon [_thread_in_native, id=22980, stack(0x000000f81cd00000,0x000000f81ce00000)]
  0x000002d777b82080 JavaThread "AWT-EventQueue-0" [_thread_blocked, id=15440, stack(0x000000f81ce00000,0x000000f81cf00000)]
  0x000002d7787c8310 JavaThread "TimerQueue" daemon [_thread_blocked, id=24020, stack(0x000000f81cf00000,0x000000f81d000000)]
  0x000002d7787c7970 JavaThread "DestroyJavaVM" [_thread_blocked, id=25688, stack(0x000000f81b800000,0x000000f81b900000)]

Other Threads:
  0x000002d753846ba0 VMThread "VM Thread" [stack: 0x000000f81be00000,0x000000f81bf00000] [id=24060]
  0x000002d77356ed30 WatcherThread "VM Periodic Task Thread" [stack: 0x000000f81c900000,0x000000f81ca00000] [id=26528]
  0x000002d7537dc860 WorkerThread "GC Thread#0" [stack: 0x000000f81b900000,0x000000f81ba00000] [id=26784]
  0x000002d778916440 WorkerThread "GC Thread#1" [stack: 0x000000f81d300000,0x000000f81d400000] [id=21792]
  0x000002d778af2380 WorkerThread "GC Thread#2" [stack: 0x000000f81d400000,0x000000f81d500000] [id=24688]
  0x000002d778af2620 WorkerThread "GC Thread#3" [stack: 0x000000f81d500000,0x000000f81d600000] [id=10684]
  0x000002d7537e9350 ConcurrentGCThread "G1 Main Marker" [stack: 0x000000f81ba00000,0x000000f81bb00000] [id=22292]
  0x000002d7537ea4e0 WorkerThread "G1 Conc#0" [stack: 0x000000f81bb00000,0x000000f81bc00000] [id=21636]
  0x000002d75381ed10 ConcurrentGCThread "G1 Refine#0" [stack: 0x000000f81bc00000,0x000000f81bd00000] [id=25824]
  0x000002d778899c20 ConcurrentGCThread "G1 Refine#1" [stack: 0x000000f81d600000,0x000000f81d700000] [id=26608]
  0x000002d75381f620 ConcurrentGCThread "G1 Service" [stack: 0x000000f81bd00000,0x000000f81be00000] [id=10080]

Threads with active compile tasks:
C2 CompilerThread0  21351522 1695       4       java.lang.StringLatin1::compareTo (52 bytes)
C1 CompilerThread0  21351522 1697       3       java.util.HashMap::tableSizeFor (32 bytes)

VM state: not at safepoint (normal execution)

VM Mutex/Monitor currently owned by a thread: None

Heap address: 0x0000000744400000, size: 3004 MB, Compressed Oops mode: Zero based, Oop shift amount: 3

CDS archive(s) mapped at: [0x0000000800000000-0x0000000800ba0000-0x0000000800ba0000), size 12189696, SharedBaseAddress: 0x0000000800000000, ArchiveRelocationMode: 0.
Compressed class space mapped at: 0x0000000800c00000-0x0000000840c00000, reserved size: 1073741824
Narrow klass base: 0x0000000800000000, Narrow klass shift: 0, Narrow klass range: 0x100000000

GC Precious Log:
 CardTable entry size: 512
 Card Set container configuration: InlinePtr #cards 4 size 8 Array Of Cards #cards 16 size 48 Howl #buckets 8 coarsen threshold 3686 Howl Bitmap #cards 512 size 80 coarsen threshold 460 Card regions per heap region 1 cards per card region 4096
 CPUs: 4 total, 4 available
 Memory: 12014M
 Large Page Support: Disabled
 NUMA Support: Disabled
 Compressed Oops: Enabled (Zero based)
 Heap Region Size: 2M
 Heap Min Capacity: 8M
 Heap Initial Capacity: 188M
 Heap Max Capacity: 3004M
 Pre-touch: Disabled
 Parallel Workers: 4
 Concurrent Workers: 1
 Concurrent Refinement Workers: 4
 Periodic GC: Disabled

Heap:
 garbage-first heap   total 192512K, used 11745K [0x0000000744400000, 0x0000000800000000)
  region size 2048K, 3 young (6144K), 1 survivors (2048K)
 Metaspace       used 10390K, committed 10624K, reserved 1114112K
  class space    used 1143K, committed 1280K, reserved 1048576K

Heap Regions: E=young(eden), S=young(survivor), O=old, HS=humongous(starts), HC=humongous(continues), CS=collection set, F=free, OA=open archive, CA=closed archive, TAMS=top-at-mark-start (previous, next)
|   0|0x0000000744400000, 0x0000000744600000, 0x0000000744600000|100%|HS|  |TAMS 0x0000000744400000, 0x0000000744400000| Complete 
|   1|0x0000000744600000, 0x0000000744800000, 0x0000000744800000|100%|HS|  |TAMS 0x0000000744600000, 0x0000000744600000| Complete 
|   2|0x0000000744800000, 0x0000000744a00000, 0x0000000744a00000|100%|HC|  |TAMS 0x0000000744800000, 0x0000000744800000| Complete 
|   3|0x0000000744a00000, 0x0000000744b78608, 0x0000000744c00000| 73%| O|  |TAMS 0x0000000744a00000, 0x0000000744a00000| Untracked 
|   4|0x0000000744c00000, 0x0000000744c00000, 0x0000000744e00000|  0%| F|  |TAMS 0x0000000744c00000, 0x0000000744c00000| Untracked 
|   5|0x0000000744e00000, 0x0000000744e00000, 0x0000000745000000|  0%| F|  |TAMS 0x0000000744e00000, 0x0000000744e00000| Untracked 
|   6|0x0000000745000000, 0x0000000745000000, 0x0000000745200000|  0%| F|  |TAMS 0x0000000745000000, 0x0000000745000000| Untracked 
|   7|0x0000000745200000, 0x0000000745200000, 0x0000000745400000|  0%| F|  |TAMS 0x0000000745200000, 0x0000000745200000| Untracked 
|   8|0x0000000745400000, 0x0000000745400000, 0x0000000745600000|  0%| F|  |TAMS 0x0000000745400000, 0x0000000745400000| Untracked 
|   9|0x0000000745600000, 0x0000000745600000, 0x0000000745800000|  0%| F|  |TAMS 0x0000000745600000, 0x0000000745600000| Untracked 
|  10|0x0000000745800000, 0x0000000745800000, 0x0000000745a00000|  0%| F|  |TAMS 0x0000000745800000, 0x0000000745800000| Untracked 
|  11|0x0000000745a00000, 0x0000000745a00000, 0x0000000745c00000|  0%| F|  |TAMS 0x0000000745a00000, 0x0000000745a00000| Untracked 
|  12|0x0000000745c00000, 0x0000000745c00000, 0x0000000745e00000|  0%| F|  |TAMS 0x0000000745c00000, 0x0000000745c00000| Untracked 
|  13|0x0000000745e00000, 0x0000000745e00000, 0x0000000746000000|  0%| F|  |TAMS 0x0000000745e00000, 0x0000000745e00000| Untracked 
|  14|0x0000000746000000, 0x0000000746000000, 0x0000000746200000|  0%| F|  |TAMS 0x0000000746000000, 0x0000000746000000| Untracked 
|  15|0x0000000746200000, 0x0000000746200000, 0x0000000746400000|  0%| F|  |TAMS 0x0000000746200000, 0x0000000746200000| Untracked 
|  16|0x0000000746400000, 0x0000000746400000, 0x0000000746600000|  0%| F|  |TAMS 0x0000000746400000, 0x0000000746400000| Untracked 
|  17|0x0000000746600000, 0x0000000746600000, 0x0000000746800000|  0%| F|  |TAMS 0x0000000746600000, 0x0000000746600000| Untracked 
|  18|0x0000000746800000, 0x0000000746800000, 0x0000000746a00000|  0%| F|  |TAMS 0x0000000746800000, 0x0000000746800000| Untracked 
|  19|0x0000000746a00000, 0x0000000746a00000, 0x0000000746c00000|  0%| F|  |TAMS 0x0000000746a00000, 0x0000000746a00000| Untracked 
|  20|0x0000000746c00000, 0x0000000746c00000, 0x0000000746e00000|  0%| F|  |TAMS 0x0000000746c00000, 0x0000000746c00000| Untracked 
|  21|0x0000000746e00000, 0x0000000746e00000, 0x0000000747000000|  0%| F|  |TAMS 0x0000000746e00000, 0x0000000746e00000| Untracked 
|  22|0x0000000747000000, 0x0000000747000000, 0x0000000747200000|  0%| F|  |TAMS 0x0000000747000000, 0x0000000747000000| Untracked 
|  23|0x0000000747200000, 0x0000000747200000, 0x0000000747400000|  0%| F|  |TAMS 0x0000000747200000, 0x0000000747200000| Untracked 
|  24|0x0000000747400000, 0x0000000747400000, 0x0000000747600000|  0%| F|  |TAMS 0x0000000747400000, 0x0000000747400000| Untracked 
|  25|0x0000000747600000, 0x0000000747600000, 0x0000000747800000|  0%| F|  |TAMS 0x0000000747600000, 0x0000000747600000| Untracked 
|  26|0x0000000747800000, 0x0000000747800000, 0x0000000747a00000|  0%| F|  |TAMS 0x0000000747800000, 0x0000000747800000| Untracked 
|  27|0x0000000747a00000, 0x0000000747a00000, 0x0000000747c00000|  0%| F|  |TAMS 0x0000000747a00000, 0x0000000747a00000| Untracked 
|  28|0x0000000747c00000, 0x0000000747c00000, 0x0000000747e00000|  0%| F|  |TAMS 0x0000000747c00000, 0x0000000747c00000| Untracked 
|  29|0x0000000747e00000, 0x0000000747e00000, 0x0000000748000000|  0%| F|  |TAMS 0x0000000747e00000, 0x0000000747e00000| Untracked 
|  30|0x0000000748000000, 0x0000000748000000, 0x0000000748200000|  0%| F|  |TAMS 0x0000000748000000, 0x0000000748000000| Untracked 
|  31|0x0000000748200000, 0x0000000748200000, 0x0000000748400000|  0%| F|  |TAMS 0x0000000748200000, 0x0000000748200000| Untracked 
|  32|0x0000000748400000, 0x0000000748400000, 0x0000000748600000|  0%| F|  |TAMS 0x0000000748400000, 0x0000000748400000| Untracked 
|  33|0x0000000748600000, 0x0000000748600000, 0x0000000748800000|  0%| F|  |TAMS 0x0000000748600000, 0x0000000748600000| Untracked 
|  34|0x0000000748800000, 0x0000000748800000, 0x0000000748a00000|  0%| F|  |TAMS 0x0000000748800000, 0x0000000748800000| Untracked 
|  35|0x0000000748a00000, 0x0000000748a00000, 0x0000000748c00000|  0%| F|  |TAMS 0x0000000748a00000, 0x0000000748a00000| Untracked 
|  36|0x0000000748c00000, 0x0000000748c00000, 0x0000000748e00000|  0%| F|  |TAMS 0x0000000748c00000, 0x0000000748c00000| Untracked 
|  37|0x0000000748e00000, 0x0000000748e00000, 0x0000000749000000|  0%| F|  |TAMS 0x0000000748e00000, 0x0000000748e00000| Untracked 
|  38|0x0000000749000000, 0x0000000749000000, 0x0000000749200000|  0%| F|  |TAMS 0x0000000749000000, 0x0000000749000000| Untracked 
|  39|0x0000000749200000, 0x0000000749200000, 0x0000000749400000|  0%| F|  |TAMS 0x0000000749200000, 0x0000000749200000| Untracked 
|  40|0x0000000749400000, 0x0000000749400000, 0x0000000749600000|  0%| F|  |TAMS 0x0000000749400000, 0x0000000749400000| Untracked 
|  41|0x0000000749600000, 0x0000000749600000, 0x0000000749800000|  0%| F|  |TAMS 0x0000000749600000, 0x0000000749600000| Untracked 
|  42|0x0000000749800000, 0x0000000749800000, 0x0000000749a00000|  0%| F|  |TAMS 0x0000000749800000, 0x0000000749800000| Untracked 
|  43|0x0000000749a00000, 0x0000000749a00000, 0x0000000749c00000|  0%| F|  |TAMS 0x0000000749a00000, 0x0000000749a00000| Untracked 
|  44|0x0000000749c00000, 0x0000000749c00000, 0x0000000749e00000|  0%| F|  |TAMS 0x0000000749c00000, 0x0000000749c00000| Untracked 
|  45|0x0000000749e00000, 0x0000000749e00000, 0x000000074a000000|  0%| F|  |TAMS 0x0000000749e00000, 0x0000000749e00000| Untracked 
|  46|0x000000074a000000, 0x000000074a000000, 0x000000074a200000|  0%| F|  |TAMS 0x000000074a000000, 0x000000074a000000| Untracked 
|  47|0x000000074a200000, 0x000000074a200000, 0x000000074a400000|  0%| F|  |TAMS 0x000000074a200000, 0x000000074a200000| Untracked 
|  48|0x000000074a400000, 0x000000074a400000, 0x000000074a600000|  0%| F|  |TAMS 0x000000074a400000, 0x000000074a400000| Untracked 
|  49|0x000000074a600000, 0x000000074a600000, 0x000000074a800000|  0%| F|  |TAMS 0x000000074a600000, 0x000000074a600000| Untracked 
|  50|0x000000074a800000, 0x000000074a800000, 0x000000074aa00000|  0%| F|  |TAMS 0x000000074a800000, 0x000000074a800000| Untracked 
|  51|0x000000074aa00000, 0x000000074aa00000, 0x000000074ac00000|  0%| F|  |TAMS 0x000000074aa00000, 0x000000074aa00000| Untracked 
|  52|0x000000074ac00000, 0x000000074ac00000, 0x000000074ae00000|  0%| F|  |TAMS 0x000000074ac00000, 0x000000074ac00000| Untracked 
|  53|0x000000074ae00000, 0x000000074ae00000, 0x000000074b000000|  0%| F|  |TAMS 0x000000074ae00000, 0x000000074ae00000| Untracked 
|  54|0x000000074b000000, 0x000000074b000000, 0x000000074b200000|  0%| F|  |TAMS 0x000000074b000000, 0x000000074b000000| Untracked 
|  55|0x000000074b200000, 0x000000074b200000, 0x000000074b400000|  0%| F|  |TAMS 0x000000074b200000, 0x000000074b200000| Untracked 
|  56|0x000000074b400000, 0x000000074b400000, 0x000000074b600000|  0%| F|  |TAMS 0x000000074b400000, 0x000000074b400000| Untracked 
|  57|0x000000074b600000, 0x000000074b600000, 0x000000074b800000|  0%| F|  |TAMS 0x000000074b600000, 0x000000074b600000| Untracked 
|  58|0x000000074b800000, 0x000000074b800000, 0x000000074ba00000|  0%| F|  |TAMS 0x000000074b800000, 0x000000074b800000| Untracked 
|  59|0x000000074ba00000, 0x000000074ba00000, 0x000000074bc00000|  0%| F|  |TAMS 0x000000074ba00000, 0x000000074ba00000| Untracked 
|  60|0x000000074bc00000, 0x000000074bc00000, 0x000000074be00000|  0%| F|  |TAMS 0x000000074bc00000, 0x000000074bc00000| Untracked 
|  61|0x000000074be00000, 0x000000074be00000, 0x000000074c000000|  0%| F|  |TAMS 0x000000074be00000, 0x000000074be00000| Untracked 
|  62|0x000000074c000000, 0x000000074c000000, 0x000000074c200000|  0%| F|  |TAMS 0x000000074c000000, 0x000000074c000000| Untracked 
|  63|0x000000074c200000, 0x000000074c200000, 0x000000074c400000|  0%| F|  |TAMS 0x000000074c200000, 0x000000074c200000| Untracked 
|  64|0x000000074c400000, 0x000000074c400000, 0x000000074c600000|  0%| F|  |TAMS 0x000000074c400000, 0x000000074c400000| Untracked 
|  65|0x000000074c600000, 0x000000074c600000, 0x000000074c800000|  0%| F|  |TAMS 0x000000074c600000, 0x000000074c600000| Untracked 
|  66|0x000000074c800000, 0x000000074c800000, 0x000000074ca00000|  0%| F|  |TAMS 0x000000074c800000, 0x000000074c800000| Untracked 
|  67|0x000000074ca00000, 0x000000074ca00000, 0x000000074cc00000|  0%| F|  |TAMS 0x000000074ca00000, 0x000000074ca00000| Untracked 
|  68|0x000000074cc00000, 0x000000074cc00000, 0x000000074ce00000|  0%| F|  |TAMS 0x000000074cc00000, 0x000000074cc00000| Untracked 
|  69|0x000000074ce00000, 0x000000074ce00000, 0x000000074d000000|  0%| F|  |TAMS 0x000000074ce00000, 0x000000074ce00000| Untracked 
|  70|0x000000074d000000, 0x000000074d000000, 0x000000074d200000|  0%| F|  |TAMS 0x000000074d000000, 0x000000074d000000| Untracked 
|  71|0x000000074d200000, 0x000000074d200000, 0x000000074d400000|  0%| F|  |TAMS 0x000000074d200000, 0x000000074d200000| Untracked 
|  72|0x000000074d400000, 0x000000074d400000, 0x000000074d600000|  0%| F|  |TAMS 0x000000074d400000, 0x000000074d400000| Untracked 
|  73|0x000000074d600000, 0x000000074d600000, 0x000000074d800000|  0%| F|  |TAMS 0x000000074d600000, 0x000000074d600000| Untracked 
|  74|0x000000074d800000, 0x000000074d800000, 0x000000074da00000|  0%| F|  |TAMS 0x000000074d800000, 0x000000074d800000| Untracked 
|  75|0x000000074da00000, 0x000000074da00000, 0x000000074dc00000|  0%| F|  |TAMS 0x000000074da00000, 0x000000074da00000| Untracked 
|  76|0x000000074dc00000, 0x000000074dc00000, 0x000000074de00000|  0%| F|  |TAMS 0x000000074dc00000, 0x000000074dc00000| Untracked 
|  77|0x000000074de00000, 0x000000074de00000, 0x000000074e000000|  0%| F|  |TAMS 0x000000074de00000, 0x000000074de00000| Untracked 
|  78|0x000000074e000000, 0x000000074e000000, 0x000000074e200000|  0%| F|  |TAMS 0x000000074e000000, 0x000000074e000000| Untracked 
|  79|0x000000074e200000, 0x000000074e200000, 0x000000074e400000|  0%| F|  |TAMS 0x000000074e200000, 0x000000074e200000| Untracked 
|  80|0x000000074e400000, 0x000000074e400000, 0x000000074e600000|  0%| F|  |TAMS 0x000000074e400000, 0x000000074e400000| Untracked 
|  81|0x000000074e600000, 0x000000074e600000, 0x000000074e800000|  0%| F|  |TAMS 0x000000074e600000, 0x000000074e600000| Untracked 
|  82|0x000000074e800000, 0x000000074e800000, 0x000000074ea00000|  0%| F|  |TAMS 0x000000074e800000, 0x000000074e800000| Untracked 
|  83|0x000000074ea00000, 0x000000074ea00000, 0x000000074ec00000|  0%| F|  |TAMS 0x000000074ea00000, 0x000000074ea00000| Untracked 
|  84|0x000000074ec00000, 0x000000074ec00000, 0x000000074ee00000|  0%| F|  |TAMS 0x000000074ec00000, 0x000000074ec00000| Untracked 
|  85|0x000000074ee00000, 0x000000074ee00000, 0x000000074f000000|  0%| F|  |TAMS 0x000000074ee00000, 0x000000074ee00000| Untracked 
|  86|0x000000074f000000, 0x000000074f000000, 0x000000074f200000|  0%| F|  |TAMS 0x000000074f000000, 0x000000074f000000| Untracked 
|  87|0x000000074f200000, 0x000000074f400000, 0x000000074f400000|100%| S|CS|TAMS 0x000000074f200000, 0x000000074f200000| Complete 
|  88|0x000000074f400000, 0x000000074f400000, 0x000000074f600000|  0%| F|  |TAMS 0x000000074f400000, 0x000000074f400000| Untracked 
|  89|0x000000074f600000, 0x000000074f600000, 0x000000074f800000|  0%| F|  |TAMS 0x000000074f600000, 0x000000074f600000| Untracked 
|  90|0x000000074f800000, 0x000000074f800000, 0x000000074fa00000|  0%| F|  |TAMS 0x000000074f800000, 0x000000074f800000| Untracked 
|  91|0x000000074fa00000, 0x000000074fa00000, 0x000000074fc00000|  0%| F|  |TAMS 0x000000074fa00000, 0x000000074fa00000| Untracked 
|  92|0x000000074fc00000, 0x000000074fdd7478, 0x000000074fe00000| 92%| E|  |TAMS 0x000000074fc00000, 0x000000074fc00000| Complete 
|  93|0x000000074fe00000, 0x0000000750000000, 0x0000000750000000|100%| E|CS|TAMS 0x000000074fe00000, 0x000000074fe00000| Complete 

Card table byte_map: [0x000002d76a6a0000,0x000002d76ac80000] _byte_map_base: 0x000002d766c7e000

Marking Bits (Prev, Next): (CMBitMap*) 0x000002d7537dce60, (CMBitMap*) 0x000002d7537dcea0
 Prev Bits: [0x000002d76b260000, 0x000002d76e150000)
 Next Bits: [0x000002d76e150000, 0x000002d771040000)

Polling page: 0x000002d752f50000

Metaspace:

Usage:
  Non-class:      9.03 MB used.
      Class:      1.12 MB used.
       Both:     10.15 MB used.

Virtual space:
  Non-class space:       64.00 MB reserved,       9.12 MB ( 14%) committed,  1 nodes.
      Class space:        1.00 GB reserved,       1.25 MB ( <1%) committed,  1 nodes.
             Both:        1.06 GB reserved,      10.38 MB ( <1%) committed. 

Chunk freelists:
   Non-Class:  2.48 MB
       Class:  2.72 MB
        Both:  5.20 MB

MaxMetaspaceSize: unlimited
CompressedClassSpaceSize: 1.00 GB
Initial GC threshold: 21.00 MB
Current GC threshold: 21.00 MB
CDS: on
MetaspaceReclaimPolicy: balanced
 - commit_granule_bytes: 65536.
 - commit_granule_words: 8192.
 - virtual_space_node_default_size: 8388608.
 - enlarge_chunks_in_place: 1.
 - new_chunks_are_fully_committed: 0.
 - uncommit_free_chunks: 1.
 - use_allocation_guard: 0.


Internal statistics:

num_allocs_failed_limit: 0.
num_arena_births: 128.
num_arena_deaths: 0.
num_vsnodes_births: 2.
num_vsnodes_deaths: 0.
num_space_committed: 166.
num_space_uncommitted: 0.
num_chunks_returned_to_freelist: 0.
num_chunks_taken_from_freelist: 205.
num_chunk_merges: 0.
num_chunk_splits: 105.
num_chunks_enlarged: 33.
num_inconsistent_stats: 0.

CodeHeap 'non-profiled nmethods': size=120000Kb used=464Kb max_used=464Kb free=119535Kb
 bounds [0x000002d762b90000, 0x000002d762e00000, 0x000002d76a0c0000]
CodeHeap 'profiled nmethods': size=120000Kb used=3110Kb max_used=3110Kb free=116889Kb
 bounds [0x000002d75b660000, 0x000002d75b970000, 0x000002d762b90000]
CodeHeap 'non-nmethods': size=5760Kb used=1313Kb max_used=1344Kb free=4446Kb
 bounds [0x000002d75b0c0000, 0x000002d75b330000, 0x000002d75b660000]
 total_blobs=2318 nmethods=1694 adapters=536
 compilation: enabled
              stopped_count=0, restarted_count=0
 full_count=0

Compilation events (20 events):
Event: 18697.268 Thread 0x000002d77351b230 nmethod 1685 0x000002d75b964410 code [0x000002d75b964760, 0x000002d75b966098]
Event: 18697.596 Thread 0x000002d7734a8020 1686       4       java.lang.StringLatin1::replace (198 bytes)
Event: 18697.670 Thread 0x000002d7734a8020 nmethod 1686 0x000002d762c01a90 code [0x000002d762c01c20, 0x000002d762c02138]
Event: 18697.803 Thread 0x000002d77351b230 1687       3       sun.swing.SwingUtilities2::isScaleChanged (16 bytes)
Event: 18697.805 Thread 0x000002d77351b230 nmethod 1687 0x000002d75b966d90 code [0x000002d75b966f40, 0x000002d75b967108]
Event: 18697.805 Thread 0x000002d77351b230 1690       3       java.awt.Container::updateChildGraphicsData (55 bytes)
Event: 18697.806 Thread 0x000002d77351b230 nmethod 1690 0x000002d75b967210 code [0x000002d75b967440, 0x000002d75b967bf8]
Event: 18697.806 Thread 0x000002d77351b230 1688       3       java.awt.Component::updateGraphicsData (34 bytes)
Event: 18697.806 Thread 0x000002d77351b230 nmethod 1688 0x000002d75b967e90 code [0x000002d75b968060, 0x000002d75b9683a8]
Event: 18697.806 Thread 0x000002d77351b230 1689       3       java.awt.Component::updateSelfGraphicsData (38 bytes)
Event: 18697.806 Thread 0x000002d77351b230 nmethod 1689 0x000002d75b968490 code [0x000002d75b968680, 0x000002d75b968ba8]
Event: 18697.811 Thread 0x000002d77351b230 1691       1       sun.awt.NullComponentPeer::updateGraphicsData (2 bytes)
Event: 18697.811 Thread 0x000002d77351b230 nmethod 1691 0x000002d762c02410 code [0x000002d762c025a0, 0x000002d762c02678]
Event: 18763.936 Thread 0x000002d7734a8020 1692       4       java.util.HashMap::put (13 bytes)
Event: 18763.947 Thread 0x000002d7734a8020 nmethod 1692 0x000002d762c02710 code [0x000002d762c02920, 0x000002d762c03470]
Event: 18764.054 Thread 0x000002d77351b230 1693   !   3       java.awt.Toolkit::setDesktopProperty (81 bytes)
Event: 18764.054 Thread 0x000002d7734a8020 1694       4       java.lang.String::hashCode (60 bytes)
Event: 18764.055 Thread 0x000002d77351b230 nmethod 1693 0x000002d75b968d10 code [0x000002d75b968f20, 0x000002d75b969788]
Event: 18764.058 Thread 0x000002d7734a8020 nmethod 1694 0x000002d762c03b90 code [0x000002d762c03d20, 0x000002d762c04038]
Event: 21350.871 Thread 0x000002d7734a8020 1695       4       java.lang.StringLatin1::compareTo (52 bytes)

GC Heap History (2 events):
Event: 3.986 GC heap before
{Heap before GC invocations=0 (full 0):
 garbage-first heap   total 192512K, used 18432K [0x0000000744400000, 0x0000000800000000)
  region size 2048K, 6 young (12288K), 0 survivors (0K)
 Metaspace       used 10225K, committed 10496K, reserved 1114112K
  class space    used 1138K, committed 1280K, reserved 1048576K
}
Event: 3.991 GC heap after
{Heap after GC invocations=1 (full 0):
 garbage-first heap   total 192512K, used 9697K [0x0000000744400000, 0x0000000800000000)
  region size 2048K, 1 young (2048K), 1 survivors (2048K)
 Metaspace       used 10225K, committed 10496K, reserved 1114112K
  class space    used 1138K, committed 1280K, reserved 1048576K
}

Deoptimization events (20 events):
Event: 0.471 Thread 0x000002d777b82080 Uncommon trap: trap_request=0xffffff45 fr.pc=0x000002d762bc06a8 relative=0x0000000000000928
Event: 0.471 Thread 0x000002d777b82080 Uncommon trap: reason=unstable_if action=reinterpret pc=0x000002d762bc06a8 method=java.util.HashMap.putVal(ILjava/lang/Object;Ljava/lang/Object;ZZ)Ljava/lang/Object; @ 181 c2
Event: 0.471 Thread 0x000002d777b82080 DEOPT PACKING pc=0x000002d762bc06a8 sp=0x000000f81cefd7a0
Event: 0.471 Thread 0x000002d777b82080 DEOPT UNPACKING pc=0x000002d75b115c23 sp=0x000000f81cefd6d8 mode 2
Event: 3.904 Thread 0x000002d777b82080 Uncommon trap: trap_request=0xffffff45 fr.pc=0x000002d762bc28dc relative=0x000000000000095c
Event: 3.904 Thread 0x000002d777b82080 Uncommon trap: reason=unstable_if action=reinterpret pc=0x000002d762bc28dc method=java.util.HashMap.putVal(ILjava/lang/Object;Ljava/lang/Object;ZZ)Ljava/lang/Object; @ 181 c2
Event: 3.904 Thread 0x000002d777b82080 DEOPT PACKING pc=0x000002d762bc28dc sp=0x000000f81cefd5a0
Event: 3.904 Thread 0x000002d777b82080 DEOPT UNPACKING pc=0x000002d75b115c23 sp=0x000000f81cefd540 mode 2
Event: 3.922 Thread 0x000002d777b82080 Uncommon trap: trap_request=0xffffff45 fr.pc=0x000002d762beaab0 relative=0x00000000000004f0
Event: 3.922 Thread 0x000002d777b82080 Uncommon trap: reason=unstable_if action=reinterpret pc=0x000002d762beaab0 method=java.lang.StringLatin1.toLowerCase(Ljava/lang/String;[BLjava/util/Locale;)Ljava/lang/String; @ 43 c2
Event: 3.922 Thread 0x000002d777b82080 DEOPT PACKING pc=0x000002d762beaab0 sp=0x000000f81cefd610
Event: 3.922 Thread 0x000002d777b82080 DEOPT UNPACKING pc=0x000002d75b115c23 sp=0x000000f81cefd580 mode 2
Event: 3.998 Thread 0x000002d777b82080 Uncommon trap: trap_request=0xffffff45 fr.pc=0x000002d762b9a5c4 relative=0x00000000000000a4
Event: 3.998 Thread 0x000002d777b82080 Uncommon trap: reason=unstable_if action=reinterpret pc=0x000002d762b9a5c4 method=java.lang.String.hashCode()I @ 20 c2
Event: 3.998 Thread 0x000002d777b82080 DEOPT PACKING pc=0x000002d762b9a5c4 sp=0x000000f81cefd420
Event: 3.998 Thread 0x000002d777b82080 DEOPT UNPACKING pc=0x000002d75b115c23 sp=0x000000f81cefd3b0 mode 2
Event: 4.008 Thread 0x000002d777b82080 Uncommon trap: trap_request=0xffffff45 fr.pc=0x000002d762bf3300 relative=0x0000000000000440
Event: 4.008 Thread 0x000002d777b82080 Uncommon trap: reason=unstable_if action=reinterpret pc=0x000002d762bf3300 method=java.lang.Character.isSurrogate(C)Z @ 3 c2
Event: 4.008 Thread 0x000002d777b82080 DEOPT PACKING pc=0x000002d762bf3300 sp=0x000000f81cefd0d0
Event: 4.008 Thread 0x000002d777b82080 DEOPT UNPACKING pc=0x000002d75b115c23 sp=0x000000f81cefcfe8 mode 2

Classes loaded (20 events):
Event: 3.907 Loading class java/awt/FontFormatException
Event: 3.907 Loading class java/awt/FontFormatException done
Event: 3.922 Loading class sun/font/SunFontManager$3
Event: 3.922 Loading class sun/font/SunFontManager$3 done
Event: 3.941 Loading class sun/font/SunFontManager$8
Event: 3.941 Loading class sun/font/SunFontManager$8 done
Event: 3.942 Loading class sun/font/SunFontManager$9
Event: 3.942 Loading class sun/font/SunFontManager$9 done
Event: 4.003 Loading class jdk/internal/access/foreign/MemorySegmentProxy
Event: 4.003 Loading class jdk/internal/access/foreign/MemorySegmentProxy done
Event: 4.034 Loading class java/awt/event/MouseWheelEvent
Event: 4.035 Loading class java/awt/event/MouseWheelEvent done
Event: 4.035 Loading class javax/swing/text/JTextComponent$InputMethodRequestsHandler
Event: 4.036 Loading class javax/swing/text/JTextComponent$InputMethodRequestsHandler done
Event: 18697.747 Loading class java/util/WeakHashMap$KeyIterator
Event: 18697.747 Loading class java/util/WeakHashMap$HashIterator
Event: 18697.747 Loading class java/util/WeakHashMap$HashIterator done
Event: 18697.747 Loading class java/util/WeakHashMap$KeyIterator done
Event: 18697.757 Loading class javax/swing/RepaintManager$DisplayChangedRunnable
Event: 18697.769 Loading class javax/swing/RepaintManager$DisplayChangedRunnable done

Classes unloaded (0 events):
No events

Classes redefined (0 events):
No events

Internal exceptions (18 events):
Event: 0.140 Thread 0x000002d75377f0a0 Exception <a 'java/lang/ClassNotFoundException'{0x000000074ff68f30}: sun/awt/resources/spi/awtProvider> (0x000000074ff68f30) 
thrown [s\open\src\hotspot\share\classfile\systemDictionary.cpp, line 255]
Event: 0.190 Thread 0x000002d75377f0a0 Exception <a 'java/io/FileNotFoundException'{0x000000074ffbe598}> (0x000000074ffbe598) 
thrown [s\open\src\hotspot\share\prims\jni.cpp, line 516]
Event: 0.197 Thread 0x000002d75377f0a0 Exception <a 'java/io/FileNotFoundException'{0x000000074ffeb5d0}> (0x000000074ffeb5d0) 
thrown [s\open\src\hotspot\share\prims\jni.cpp, line 516]
Event: 0.229 Thread 0x000002d75377f0a0 Exception <a 'java/lang/NoSuchMethodError'{0x000000074fc2b320}: 'java.lang.Object java.lang.invoke.DirectMethodHandle$Holder.invokeStaticInit(java.lang.Object)'> (0x000000074fc2b320) 
thrown [s\open\src\hotspot\share\interpreter\linkResolver.cpp, line 766]
Event: 0.262 Thread 0x000002d75377f0a0 Exception <a 'java/lang/NoSuchMethodError'{0x000000074fcb2880}: 'void java.lang.invoke.DirectMethodHandle$Holder.invokeSpecial(java.lang.Object, java.lang.Object, java.lang.Object)'> (0x000000074fcb2880) 
thrown [s\open\src\hotspot\share\interpreter\linkResolver.cpp, line 766]
Event: 0.269 Thread 0x000002d75377f0a0 Exception <a 'java/lang/NoSuchMethodError'{0x000000074fcde378}: 'java.lang.Object java.lang.invoke.DirectMethodHandle$Holder.newInvokeSpecial(java.lang.Object, java.lang.Object, java.lang.Object, java.lang.Object, java.lang.Object)'> (0x000000074fcde378) 
thrown [s\open\src\hotspot\share\interpreter\linkResolver.cpp, line 766]
Event: 0.275 Thread 0x000002d75377f0a0 Exception <a 'java/lang/NoSuchMethodError'{0x000000074fd100d8}: 'java.lang.Object java.lang.invoke.DirectMethodHandle$Holder.invokeStatic(java.lang.Object, int, java.lang.Object)'> (0x000000074fd100d8) 
thrown [s\open\src\hotspot\share\interpreter\linkResolver.cpp, line 766]
Event: 0.296 Thread 0x000002d75377f0a0 Exception <a 'java/lang/ClassNotFoundException'{0x000000074fdcd2d8}: com/sun/swing/internal/plaf/metal/resources/spi/metalProvider> (0x000000074fdcd2d8) 
thrown [s\open\src\hotspot\share\classfile\systemDictionary.cpp, line 255]
Event: 0.296 Thread 0x000002d75377f0a0 Exception <a 'java/lang/ClassNotFoundException'{0x000000074fdd1340}: com/sun/swing/internal/plaf/basic/resources/spi/basicProvider> (0x000000074fdd1340) 
thrown [s\open\src\hotspot\share\classfile\systemDictionary.cpp, line 255]
Event: 0.304 Thread 0x000002d75377f0a0 Exception <a 'java/lang/NoSuchMethodError'{0x000000074fdf2080}: 'int java.lang.invoke.Invokers$Holder.invokeExact_MT(java.lang.Object, java.lang.Object)'> (0x000000074fdf2080) 
thrown [s\open\src\hotspot\share\interpreter\linkResolver.cpp, line 766]
Event: 0.420 Thread 0x000002d75377f0a0 Exception <a 'java/lang/NoSuchMethodError'{0x000000074f871ef8}: 'void java.lang.invoke.DirectMethodHandle$Holder.invokeStaticInit(java.lang.Object)'> (0x000000074f871ef8) 
thrown [s\open\src\hotspot\share\interpreter\linkResolver.cpp, line 766]
Event: 0.459 Thread 0x000002d777ad5400 Exception <a 'java/lang/NoSuchMethodError'{0x000000074fc4dc10}: 'void java.lang.invoke.DirectMethodHandle$Holder.invokeVirtual(java.lang.Object, java.lang.Object)'> (0x000000074fc4dc10) 
thrown [s\open\src\hotspot\share\interpreter\linkResolver.cpp, line 766]
Event: 0.558 Thread 0x000002d75377f0a0 Exception <a 'java/lang/NoSuchMethodError'{0x000000074f8f62a8}: 'long java.lang.invoke.DirectMethodHandle$Holder.invokeSpecial(java.lang.Object, java.lang.Object)'> (0x000000074f8f62a8) 
thrown [s\open\src\hotspot\share\interpreter\linkResolver.cpp, line 766]
Event: 0.558 Thread 0x000002d75377f0a0 Exception <a 'java/lang/NoSuchMethodError'{0x000000074f975228}: 'long java.lang.invoke.Invokers$Holder.invokeExact_MT(java.lang.Object, java.lang.Object)'> (0x000000074f975228) 
thrown [s\open\src\hotspot\share\interpreter\linkResolver.cpp, line 766]
Event: 3.907 Thread 0x000002d777b82080 Exception <a 'java/io/FileNotFoundException'{0x000000074f733560}> (0x000000074f733560) 
thrown [s\open\src\hotspot\share\prims\jni.cpp, line 516]
Event: 3.920 Thread 0x000002d777b82080 Exception <a 'java/io/FileNotFoundException'{0x000000074f77c658}> (0x000000074f77c658) 
thrown [s\open\src\hotspot\share\prims\jni.cpp, line 516]
Event: 3.926 Thread 0x000002d777b82080 Exception <a 'java/io/FileNotFoundException'{0x000000074f7af188}> (0x000000074f7af188) 
thrown [s\open\src\hotspot\share\prims\jni.cpp, line 516]
Event: 3.935 Thread 0x000002d777b82080 Exception <a 'java/io/FileNotFoundException'{0x000000074f7f93d0}> (0x000000074f7f93d0) 
thrown [s\open\src\hotspot\share\prims\jni.cpp, line 516]

VM Operations (20 events):
Event: 0.461 Executing VM operation: HandshakeAllThreads
Event: 0.461 Executing VM operation: HandshakeAllThreads done
Event: 0.516 Executing VM operation: HandshakeAllThreads
Event: 0.516 Executing VM operation: HandshakeAllThreads done
Event: 1.521 Executing VM operation: Cleanup
Event: 1.522 Executing VM operation: Cleanup done
Event: 2.530 Executing VM operation: Cleanup
Event: 2.530 Executing VM operation: Cleanup done
Event: 3.541 Executing VM operation: Cleanup
Event: 3.541 Executing VM operation: Cleanup done
Event: 3.986 Executing VM operation: G1CollectForAllocation
Event: 3.992 Executing VM operation: G1CollectForAllocation done
Event: 5.004 Executing VM operation: Cleanup
Event: 5.004 Executing VM operation: Cleanup done
Event: 6.005 Executing VM operation: Cleanup
Event: 6.005 Executing VM operation: Cleanup done
Event: 18698.318 Executing VM operation: Cleanup
Event: 18698.319 Executing VM operation: Cleanup done
Event: 18764.887 Executing VM operation: Cleanup
Event: 18764.887 Executing VM operation: Cleanup done

Events (20 events):
Event: 0.062 Thread 0x000002d7734a7350 Thread added: 0x000002d7734a7350
Event: 0.062 Thread 0x000002d7734a8020 Thread added: 0x000002d7734a8020
Event: 0.076 Thread 0x000002d77351b230 Thread added: 0x000002d77351b230
Event: 0.079 Thread 0x000002d77351e040 Thread added: 0x000002d77351e040
Event: 0.096 Thread 0x000002d7778708f0 Thread added: 0x000002d7778708f0
Event: 0.099 Thread 0x000002d777876f80 Thread added: 0x000002d777876f80
Event: 0.119 Loaded shared library C:\Program Files\Java\jdk-18.0.1.1\bin\jimage.dll
Event: 0.126 Loaded shared library C:\Program Files\Java\jdk-18.0.1.1\bin\net.dll
Event: 0.127 Loaded shared library C:\Program Files\Java\jdk-18.0.1.1\bin\nio.dll
Event: 0.131 Loaded shared library C:\Program Files\Java\jdk-18.0.1.1\bin\zip.dll
Event: 0.179 Loaded shared library C:\Program Files\Java\jdk-18.0.1.1\bin\awt.dll
Event: 0.230 Thread 0x000002d777aca720 Thread added: 0x000002d777aca720
Event: 0.231 Thread 0x000002d777ad16b0 Thread added: 0x000002d777ad16b0
Event: 0.232 Thread 0x000002d777ad5400 Thread added: 0x000002d777ad5400
Event: 0.366 Thread 0x000002d777b82080 Thread added: 0x000002d777b82080
Event: 0.424 Loaded shared library C:\Program Files\Java\jdk-18.0.1.1\bin\freetype.dll
Event: 0.425 Loaded shared library C:\Program Files\Java\jdk-18.0.1.1\bin\fontmanager.dll
Event: 0.557 Thread 0x000002d7787c8310 Thread added: 0x000002d7787c8310
Event: 0.602 Thread 0x000002d75377f0a0 Thread exited: 0x000002d75377f0a0
Event: 0.602 Thread 0x000002d7787c7970 Thread added: 0x000002d7787c7970


Dynamic libraries:
0x00007ff7eff30000 - 0x00007ff7eff40000 	C:\Program Files\Java\jdk-18.0.1.1\bin\javaw.exe
0x00007ffb50460000 - 0x00007ffb50669000 	C:\WINDOWS\SYSTEM32\ntdll.dll
0x00007ffb4f010000 - 0x00007ffb4f0cd000 	C:\WINDOWS\System32\KERNEL32.DLL
0x00007ffb4dc20000 - 0x00007ffb4df99000 	C:\WINDOWS\System32\KERNELBASE.dll
0x00007ffb4e060000 - 0x00007ffb4e171000 	C:\WINDOWS\System32\ucrtbase.dll
0x00007ffb2e970000 - 0x00007ffb2e988000 	C:\Program Files\Java\jdk-18.0.1.1\bin\jli.dll
0x00007ffb4e410000 - 0x00007ffb4e4be000 	C:\WINDOWS\System32\ADVAPI32.dll
0x00007ffb501c0000 - 0x00007ffb50263000 	C:\WINDOWS\System32\msvcrt.dll
0x00007ffb4ef70000 - 0x00007ffb4f00e000 	C:\WINDOWS\System32\sechost.dll
0x00007ffb4e750000 - 0x00007ffb4e870000 	C:\WINDOWS\System32\RPCRT4.dll
0x00007ffb50270000 - 0x00007ffb5041c000 	C:\WINDOWS\System32\USER32.dll
0x00007ffb4da60000 - 0x00007ffb4da86000 	C:\WINDOWS\System32\win32u.dll
0x00007ffb4e9e0000 - 0x00007ffb4ea09000 	C:\WINDOWS\System32\GDI32.dll
0x00007ffb4da90000 - 0x00007ffb4dba2000 	C:\WINDOWS\System32\gdi32full.dll
0x00007ffb4d9c0000 - 0x00007ffb4da5d000 	C:\WINDOWS\System32\msvcp_win.dll
0x00007ffb26ac0000 - 0x00007ffb26d65000 	C:\WINDOWS\WinSxS\amd64_microsoft.windows.common-controls_6595b64144ccf1df_6.0.22000.120_none_9d947278b86cc467\COMCTL32.dll
0x00007ffb44980000 - 0x00007ffb4498a000 	C:\WINDOWS\SYSTEM32\VERSION.dll
0x00007ffb2e430000 - 0x00007ffb2e44a000 	C:\Program Files\Java\jdk-18.0.1.1\bin\VCRUNTIME140.dll
0x00007ffb4f1b0000 - 0x00007ffb4f1e1000 	C:\WINDOWS\System32\IMM32.DLL
0x00007ffb46520000 - 0x00007ffb4652c000 	C:\Program Files\Java\jdk-18.0.1.1\bin\vcruntime140_1.dll
0x00007ffb2e3a0000 - 0x00007ffb2e42d000 	C:\Program Files\Java\jdk-18.0.1.1\bin\msvcp140.dll
0x00007ffaf0860000 - 0x00007ffaf1470000 	C:\Program Files\Java\jdk-18.0.1.1\bin\server\jvm.dll
0x00007ffb4eae0000 - 0x00007ffb4eae8000 	C:\WINDOWS\System32\PSAPI.DLL
0x00007ffb45170000 - 0x00007ffb45179000 	C:\WINDOWS\SYSTEM32\WSOCK32.dll
0x00007ffb4e680000 - 0x00007ffb4e6ef000 	C:\WINDOWS\System32\WS2_32.dll
0x00007ffb45130000 - 0x00007ffb45163000 	C:\WINDOWS\SYSTEM32\WINMM.dll
0x00007ffb4ca30000 - 0x00007ffb4ca48000 	C:\WINDOWS\SYSTEM32\kernel.appcore.dll
0x00007ffb44570000 - 0x00007ffb4457a000 	C:\Program Files\Java\jdk-18.0.1.1\bin\jimage.dll
0x00007ffb4b490000 - 0x00007ffb4b6b1000 	C:\WINDOWS\SYSTEM32\DBGHELP.DLL
0x00007ffb3beb0000 - 0x00007ffb3bee1000 	C:\WINDOWS\SYSTEM32\dbgcore.DLL
0x00007ffb4d940000 - 0x00007ffb4d9bf000 	C:\WINDOWS\System32\bcryptPrimitives.dll
0x00007ffb2e370000 - 0x00007ffb2e395000 	C:\Program Files\Java\jdk-18.0.1.1\bin\java.dll
0x00007ffb02f70000 - 0x00007ffb03046000 	C:\Program Files\Java\jdk-18.0.1.1\bin\jsvml.dll
0x00007ffb4f360000 - 0x00007ffb4fb18000 	C:\WINDOWS\System32\SHELL32.dll
0x00007ffb4bab0000 - 0x00007ffb4c318000 	C:\WINDOWS\SYSTEM32\windows.storage.dll
0x00007ffb4fb20000 - 0x00007ffb4fe99000 	C:\WINDOWS\System32\combase.dll
0x00007ffb4b940000 - 0x00007ffb4baa6000 	C:\WINDOWS\SYSTEM32\wintypes.dll
0x00007ffb4f270000 - 0x00007ffb4f35a000 	C:\WINDOWS\System32\SHCORE.dll
0x00007ffb4f210000 - 0x00007ffb4f26d000 	C:\WINDOWS\System32\shlwapi.dll
0x00007ffb4d870000 - 0x00007ffb4d891000 	C:\WINDOWS\SYSTEM32\profapi.dll
0x00007ffb2e350000 - 0x00007ffb2e363000 	C:\Program Files\Java\jdk-18.0.1.1\bin\net.dll
0x00007ffb46100000 - 0x00007ffb4620c000 	C:\WINDOWS\SYSTEM32\WINHTTP.dll
0x00007ffb4cee0000 - 0x00007ffb4cf47000 	C:\WINDOWS\system32\mswsock.dll
0x00007ffb2e330000 - 0x00007ffb2e346000 	C:\Program Files\Java\jdk-18.0.1.1\bin\nio.dll
0x00007ffb1b280000 - 0x00007ffb1b298000 	C:\Program Files\Java\jdk-18.0.1.1\bin\zip.dll
0x00007ffaf8400000 - 0x00007ffaf858f000 	C:\Program Files\Java\jdk-18.0.1.1\bin\awt.dll
0x00007ffb4f0d0000 - 0x00007ffb4f1a6000 	C:\WINDOWS\System32\OLEAUT32.dll
0x00007ffb4abf0000 - 0x00007ffb4ac81000 	C:\WINDOWS\SYSTEM32\apphelp.dll
0x00007ffb4b030000 - 0x00007ffb4b05f000 	C:\WINDOWS\system32\DWMAPI.DLL
0x00007ffb4acb0000 - 0x00007ffb4ad5c000 	C:\WINDOWS\system32\uxtheme.dll
0x00007ffb09c00000 - 0x00007ffb09d01000 	C:\WINDOWS\system32\opengl32.dll
0x00007ffb0a560000 - 0x00007ffb0a58d000 	C:\WINDOWS\SYSTEM32\GLU32.dll
0x00007ffb4ad90000 - 0x00007ffb4adc8000 	C:\WINDOWS\SYSTEM32\dxcore.dll
0x00007ffb4e2f0000 - 0x00007ffb4e40e000 	C:\WINDOWS\System32\MSCTF.dll
0x00007ffb4fea0000 - 0x00007ffb5003a000 	C:\WINDOWS\System32\ole32.dll
0x00007ffaf9770000 - 0x00007ffaf97f9000 	C:\Program Files\Java\jdk-18.0.1.1\bin\freetype.dll
0x00007ffaf9020000 - 0x00007ffaf90c8000 	C:\Program Files\Java\jdk-18.0.1.1\bin\fontmanager.dll
0x00007ffb08c00000 - 0x00007ffb08d2d000 	C:\WINDOWS\SYSTEM32\textinputframework.dll
0x00007ffb4a900000 - 0x00007ffb4aa32000 	C:\WINDOWS\SYSTEM32\CoreMessaging.dll
0x00007ffb48b70000 - 0x00007ffb48edd000 	C:\WINDOWS\SYSTEM32\CoreUIComponents.dll
0x00007ffb4d140000 - 0x00007ffb4d14c000 	C:\WINDOWS\SYSTEM32\CRYPTBASE.DLL
0x00007ffb4ea30000 - 0x00007ffb4eadf000 	C:\WINDOWS\System32\clbcatq.dll
0x00007ffb47b00000 - 0x00007ffb47cae000 	C:\WINDOWS\SYSTEM32\WindowsCodecs.dll
0x00007ffb003f0000 - 0x00007ffb0044d000 	C:\WINDOWS\system32\dataexchange.dll
0x00007ffb46ee0000 - 0x00007ffb47146000 	C:\WINDOWS\system32\twinapi.appcore.dll

dbghelp: loaded successfully - version: 4.0.5 - missing functions: none
symbol engine: initialized successfully - sym options: 0x614 - pdb path: .;C:\Program Files\Java\jdk-18.0.1.1\bin;C:\WINDOWS\SYSTEM32;C:\WINDOWS\WinSxS\amd64_microsoft.windows.common-controls_6595b64144ccf1df_6.0.22000.120_none_9d947278b86cc467;C:\Program Files\Java\jdk-18.0.1.1\bin\server

VM Arguments:
jvm_args: -Dfile.encoding=UTF-8 -XX:+ShowCodeDetailsInExceptionMessages 
java_command: SistemaVentas.Menu_Principal
java_class_path (initial): C:\Users\jnfg5\eclipse-workspace\Sistema_Ventas2\bin;C:\Users\jnfg5\eclipse-workspace\Sistema_Ventas2\librerias\gson-2.8.5.jar;C:\Users\jnfg5\eclipse-workspace\Sistema_Ventas2\librerias\itextpdf-5.4.0.jar;C:\Users\jnfg5\eclipse-workspace\Sistema_Ventas2\librerias\json-simple-1.1.1.jar
Launcher Type: SUN_STANDARD

[Global flags]
     intx CICompilerCount                          = 3                                         {product} {ergonomic}
     uint ConcGCThreads                            = 1                                         {product} {ergonomic}
     uint G1ConcRefinementThreads                  = 4                                         {product} {ergonomic}
   size_t G1HeapRegionSize                         = 2097152                                   {product} {ergonomic}
    uintx GCDrainStackTargetSize                   = 64                                        {product} {ergonomic}
   size_t InitialHeapSize                          = 197132288                                 {product} {ergonomic}
   size_t MarkStackSize                            = 4194304                                   {product} {ergonomic}
   size_t MaxHeapSize                              = 3149922304                                {product} {ergonomic}
   size_t MaxNewSize                               = 1889533952                                {product} {ergonomic}
   size_t MinHeapDeltaBytes                        = 2097152                                   {product} {ergonomic}
   size_t MinHeapSize                              = 8388608                                   {product} {ergonomic}
    uintx NonNMethodCodeHeapSize                   = 5832780                                {pd product} {ergonomic}
    uintx NonProfiledCodeHeapSize                  = 122912730                              {pd product} {ergonomic}
    uintx ProfiledCodeHeapSize                     = 122912730                              {pd product} {ergonomic}
    uintx ReservedCodeCacheSize                    = 251658240                              {pd product} {ergonomic}
     bool SegmentedCodeCache                       = true                                      {product} {ergonomic}
     bool ShowCodeDetailsInExceptionMessages       = true                                   {manageable} {command line}
   size_t SoftMaxHeapSize                          = 3149922304                             {manageable} {ergonomic}
     bool UseCompressedClassPointers               = true                           {product lp64_product} {ergonomic}
     bool UseCompressedOops                        = true                           {product lp64_product} {ergonomic}
     bool UseG1GC                                  = true                                      {product} {ergonomic}
     bool UseLargePagesIndividualAllocation        = false                                  {pd product} {ergonomic}

Logging:
Log output configuration:
 #0: stdout all=warning uptime,level,tags foldmultilines=false
 #1: stderr all=off uptime,level,tags foldmultilines=false

Environment Variables:
PATH=C:\Program Files\Common Files\Oracle\Java\javapath;C:\WINDOWS\system32;C:\WINDOWS;C:\WINDOWS\System32\Wbem;C:\WINDOWS\System32\WindowsPowerShell\v1.0\;C:\WINDOWS\System32\OpenSSH\;C:\Program Files (x86)\Microsoft SQL Server\150\Tools\Binn\;C:\Program Files\Microsoft SQL Server\150\Tools\Binn\;C:\Program Files (x86)\Microsoft SQL Server\150\DTS\Binn\;C:\Program Files\Microsoft SQL Server\150\DTS\Binn\;C:\Program Files\Microsoft SQL Server\Client SDK\ODBC\170\Tools\Binn\;C:\Program Files\Azure Data Studio\bin;C:\Program Files\Microsoft SQL Server\130\Tools\Binn\;C:\Program Files (x86)\Microsoft SQL Server\110\DTS\Binn\;C:\Program Files (x86)\Microsoft SQL Server\120\DTS\Binn\;C:\Program Files (x86)\Microsoft SQL Server\130\DTS\Binn\;C:\Program Files (x86)\Microsoft SQL Server\140\DTS\Binn\;C:\Program Files\dotnet\;C:\Program Files\nodejs\;C:\Users\jnfg5\AppData\Local\Microsoft\WindowsApps;;C:\Program Files\Azure Data Studio\bin;C:\Users\jnfg5\.dotnet\tools;C:\Users\jnfg5\AppData\Roaming\npm
USERNAME=jnfg5
OS=Windows_NT
PROCESSOR_IDENTIFIER=Intel64 Family 6 Model 140 Stepping 1, GenuineIntel



---------------  S Y S T E M  ---------------

OS:
 Windows 11 , 64 bit Build 22000 (10.0.22000.708)
OS uptime: 1 days 20:04 hours

CPU: total 4 (initial active 4) (2 cores per cpu, 2 threads per core) family 6 model 140 stepping 1 microcode 0xa4, cx8, cmov, fxsr, ht, mmx, 3dnowpref, sse, sse2, sse3, ssse3, sse4.1, sse4.2, popcnt, lzcnt, tsc, tscinvbit, avx, avx2, aes, erms, clmul, bmi1, bmi2, adx, avx512f, avx512dq, avx512cd, avx512bw, avx512vl, sha, fma, vzeroupper, avx512_vpopcntdq, avx512_vpclmulqdq, avx512_vaes, avx512_vnni, clflush, clflushopt, clwb, avx512_vbmi2, avx512_vbmi

Memory: 4k page, system-wide physical 12014M (2224M free)
TotalPageFile size 48878M (AvailPageFile size 271M)
current process WorkingSet (physical memory assigned to process): 47M, peak: 87M
current process commit charge ("private bytes"): 281M, peak: 290M

vm_info: Java HotSpot(TM) 64-Bit Server VM (18.0.1.1+2-6) for windows-amd64 JRE (18.0.1.1+2-6), built on Apr 25 2022 21:53:15 by "mach5one" with MS VC++ 16.8 / 16.9 (VS2019)

END.
