#
# There is insufficient memory for the Java Runtime Environment to continue.
# Native memory allocation (malloc) failed to allocate 32744 bytes for Chunk::new
# Possible reasons:
#   The system is out of physical RAM or swap space
#   The process is running with CompressedOops enabled, and the Java Heap may be blocking the growth of the native heap
# Possible solutions:
#   Reduce memory load on the system
#   Increase physical memory or swap space
#   Check if swap backing store is full
#   Decrease Java heap size (-Xmx/-Xms)
#   Decrease number of Java threads
#   Decrease Java thread stack sizes (-Xss)
#   Set larger code cache with -XX:ReservedCodeCacheSize=
#   JVM is running with Zero Based Compressed Oops mode in which the Java heap is
#     placed in the first 32GB address space. The Java Heap base address is the
#     maximum limit for the native heap growth. Please use -XX:HeapBaseMinAddress
#     to set the Java Heap base and to place the Java Heap above 32GB virtual address.
# This output file may be truncated or incomplete.
#
#  Out of Memory Error (arena.cpp:184), pid=26164, tid=26800
#
# JRE version: Java(TM) SE Runtime Environment (18.0.1.1+2) (build 18.0.1.1+2-6)
# Java VM: Java HotSpot(TM) 64-Bit Server VM (18.0.1.1+2-6, mixed mode, sharing, tiered, compressed oops, compressed class ptrs, g1 gc, windows-amd64)
# No core dump will be written. Minidumps are not enabled by default on client versions of Windows
#

---------------  S U M M A R Y ------------

Command Line: -Dfile.encoding=UTF-8 -XX:+ShowCodeDetailsInExceptionMessages SistemaVentas.Menu_Principal

Host: 11th Gen Intel(R) Core(TM) i3-1115G4 @ 3.00GHz, 4 cores, 11G,  Windows 11 , 64 bit Build 22000 (10.0.22000.708)
Time: Tue Jun 21 23:11:58 2022 Hora estándar, América Central elapsed time: 14351.847585 seconds (0d 3h 59m 11s)

---------------  T H R E A D  ---------------

Current thread (0x000002a928e37ab0):  JavaThread "C2 CompilerThread0" daemon [_thread_in_native, id=26800, stack(0x000000aa40900000,0x000000aa40a00000)]


Current CompileTask:
C2:14351847 1643       4       java.lang.StringLatin1::compareTo (52 bytes)

Stack: [0x000000aa40900000,0x000000aa40a00000]
Native frames: (J=compiled Java code, j=interpreted, Vv=VM code, C=native code)
V  [jvm.dll+0x69887a]
V  [jvm.dll+0x7f38bd]
V  [jvm.dll+0x7f51ce]
V  [jvm.dll+0x7f5883]
V  [jvm.dll+0x25ca3f]
V  [jvm.dll+0xb8c2f]
V  [jvm.dll+0xb8fa5]
V  [jvm.dll+0x6c19e8]
V  [jvm.dll+0x1d2a74]
V  [jvm.dll+0x22fd79]
V  [jvm.dll+0x22eff1]
V  [jvm.dll+0x1b9cfc]
V  [jvm.dll+0x23e8ca]
V  [jvm.dll+0x23cbb5]
V  [jvm.dll+0x7a5fb1]
V  [jvm.dll+0x7a03ea]
V  [jvm.dll+0x697725]
C  [ucrtbase.dll+0x26c0c]
C  [KERNEL32.DLL+0x154e0]
C  [ntdll.dll+0x485b]


---------------  P R O C E S S  ---------------

Threads class SMR info:
_java_thread_list=0x000002a92e39d140, length=17, elements={
0x000002a928e20ff0, 0x000002a928e218a0, 0x000002a928e334b0, 0x000002a928e35d70,
0x000002a928e36620, 0x000002a928e36ed0, 0x000002a928e37ab0, 0x000002a928ea95e0,
0x000002a928eb9ed0, 0x000002a92d19e810, 0x000002a92d1a4960, 0x000002a92d3ab700,
0x000002a92d249c00, 0x000002a92d24cb80, 0x000002a92d4bcf90, 0x000002a92e0ae400,
0x000002a92e0abd80
}

Java Threads: ( => current thread )
  0x000002a928e20ff0 JavaThread "Reference Handler" daemon [_thread_blocked, id=27012, stack(0x000000aa40300000,0x000000aa40400000)]
  0x000002a928e218a0 JavaThread "Finalizer" daemon [_thread_blocked, id=22796, stack(0x000000aa40400000,0x000000aa40500000)]
  0x000002a928e334b0 JavaThread "Signal Dispatcher" daemon [_thread_blocked, id=5324, stack(0x000000aa40500000,0x000000aa40600000)]
  0x000002a928e35d70 JavaThread "Attach Listener" daemon [_thread_blocked, id=25808, stack(0x000000aa40600000,0x000000aa40700000)]
  0x000002a928e36620 JavaThread "Service Thread" daemon [_thread_blocked, id=23124, stack(0x000000aa40700000,0x000000aa40800000)]
  0x000002a928e36ed0 JavaThread "Monitor Deflation Thread" daemon [_thread_blocked, id=28140, stack(0x000000aa40800000,0x000000aa40900000)]
=>0x000002a928e37ab0 JavaThread "C2 CompilerThread0" daemon [_thread_in_native, id=26800, stack(0x000000aa40900000,0x000000aa40a00000)]
  0x000002a928ea95e0 JavaThread "C1 CompilerThread0" daemon [_thread_blocked, id=13876, stack(0x000000aa40a00000,0x000000aa40b00000)]
  0x000002a928eb9ed0 JavaThread "Sweeper thread" daemon [_thread_blocked, id=26676, stack(0x000000aa40b00000,0x000000aa40c00000)]
  0x000002a92d19e810 JavaThread "Notification Thread" daemon [_thread_blocked, id=15768, stack(0x000000aa40c00000,0x000000aa40d00000)]
  0x000002a92d1a4960 JavaThread "Common-Cleaner" daemon [_thread_blocked, id=27604, stack(0x000000aa40e00000,0x000000aa40f00000)]
  0x000002a92d3ab700 JavaThread "Java2D Disposer" daemon [_thread_blocked, id=26940, stack(0x000000aa40f00000,0x000000aa41000000)]
  0x000002a92d249c00 JavaThread "AWT-Shutdown" [_thread_blocked, id=27292, stack(0x000000aa41000000,0x000000aa41100000)]
  0x000002a92d24cb80 JavaThread "AWT-Windows" daemon [_thread_in_native, id=3492, stack(0x000000aa41100000,0x000000aa41200000)]
  0x000002a92d4bcf90 JavaThread "AWT-EventQueue-0" [_thread_blocked, id=28216, stack(0x000000aa41200000,0x000000aa41300000)]
  0x000002a92e0ae400 JavaThread "DestroyJavaVM" [_thread_blocked, id=26740, stack(0x000000aa3fc00000,0x000000aa3fd00000)]
  0x000002a92e0abd80 JavaThread "TimerQueue" daemon [_thread_blocked, id=26552, stack(0x000000aa41300000,0x000000aa41400000)]

Other Threads:
  0x000002a9091d54c0 VMThread "VM Thread" [stack: 0x000000aa40200000,0x000000aa40300000] [id=27540]
  0x000002a92d1a3910 WatcherThread "VM Periodic Task Thread" [stack: 0x000000aa40d00000,0x000000aa40e00000] [id=6172]
  0x000002a90916af90 WorkerThread "GC Thread#0" [stack: 0x000000aa3fd00000,0x000000aa3fe00000] [id=11128]
  0x000002a92fba6450 WorkerThread "GC Thread#1" [stack: 0x000000aa41700000,0x000000aa41800000] [id=28248]
  0x000002a92fba66f0 WorkerThread "GC Thread#2" [stack: 0x000000aa41800000,0x000000aa41900000] [id=26424]
  0x000002a92fba6990 WorkerThread "GC Thread#3" [stack: 0x000000aa41900000,0x000000aa41a00000] [id=27136]
  0x000002a909178220 ConcurrentGCThread "G1 Main Marker" [stack: 0x000000aa3fe00000,0x000000aa3ff00000] [id=22296]
  0x000002a909179c20 WorkerThread "G1 Conc#0" [stack: 0x000000aa3ff00000,0x000000aa40000000] [id=28532]
  0x000002a9091af500 ConcurrentGCThread "G1 Refine#0" [stack: 0x000000aa40000000,0x000000aa40100000] [id=24528]
  0x000002a92e6a7ca0 ConcurrentGCThread "G1 Refine#1" [stack: 0x000000aa41a00000,0x000000aa41b00000] [id=25128]
  0x000002a9091b0d30 ConcurrentGCThread "G1 Service" [stack: 0x000000aa40100000,0x000000aa40200000] [id=27860]

Threads with active compile tasks:
C2 CompilerThread0  14352243 1643       4       java.lang.StringLatin1::compareTo (52 bytes)

VM state: not at safepoint (normal execution)

VM Mutex/Monitor currently owned by a thread: None

Heap address: 0x0000000744400000, size: 3004 MB, Compressed Oops mode: Zero based, Oop shift amount: 3

CDS archive(s) mapped at: [0x0000000800000000-0x0000000800ba0000-0x0000000800ba0000), size 12189696, SharedBaseAddress: 0x0000000800000000, ArchiveRelocationMode: 0.
Compressed class space mapped at: 0x0000000800c00000-0x0000000840c00000, reserved size: 1073741824
Narrow klass base: 0x0000000800000000, Narrow klass shift: 0, Narrow klass range: 0x100000000

GC Precious Log:
 CardTable entry size: 512
 Card Set container configuration: InlinePtr #cards 4 size 8 Array Of Cards #cards 16 size 48 Howl #buckets 8 coarsen threshold 3686 Howl Bitmap #cards 512 size 80 coarsen threshold 460 Card regions per heap region 1 cards per card region 4096
 CPUs: 4 total, 4 available
 Memory: 12014M
 Large Page Support: Disabled
 NUMA Support: Disabled
 Compressed Oops: Enabled (Zero based)
 Heap Region Size: 2M
 Heap Min Capacity: 8M
 Heap Initial Capacity: 188M
 Heap Max Capacity: 3004M
 Pre-touch: Disabled
 Parallel Workers: 4
 Concurrent Workers: 1
 Concurrent Refinement Workers: 4
 Periodic GC: Disabled

Heap:
 garbage-first heap   total 192512K, used 9516K [0x0000000744400000, 0x0000000800000000)
  region size 2048K, 2 young (4096K), 1 survivors (2048K)
 Metaspace       used 10697K, committed 10880K, reserved 1114112K
  class space    used 1186K, committed 1280K, reserved 1048576K

Heap Regions: E=young(eden), S=young(survivor), O=old, HS=humongous(starts), HC=humongous(continues), CS=collection set, F=free, OA=open archive, CA=closed archive, TAMS=top-at-mark-start (previous, next)
|   0|0x0000000744400000, 0x0000000744600000, 0x0000000744600000|100%|HS|  |TAMS 0x0000000744400000, 0x0000000744400000| Complete 
|   1|0x0000000744600000, 0x0000000744800000, 0x0000000744800000|100%|HS|  |TAMS 0x0000000744600000, 0x0000000744600000| Complete 
|   2|0x0000000744800000, 0x0000000744a00000, 0x0000000744a00000|100%|HC|  |TAMS 0x0000000744800000, 0x0000000744800000| Complete 
|   3|0x0000000744a00000, 0x0000000744b4b000, 0x0000000744c00000| 64%| O|  |TAMS 0x0000000744a00000, 0x0000000744a00000| Untracked 
|   4|0x0000000744c00000, 0x0000000744c00000, 0x0000000744e00000|  0%| F|  |TAMS 0x0000000744c00000, 0x0000000744c00000| Untracked 
|   5|0x0000000744e00000, 0x0000000744e00000, 0x0000000745000000|  0%| F|  |TAMS 0x0000000744e00000, 0x0000000744e00000| Untracked 
|   6|0x0000000745000000, 0x0000000745000000, 0x0000000745200000|  0%| F|  |TAMS 0x0000000745000000, 0x0000000745000000| Untracked 
|   7|0x0000000745200000, 0x0000000745200000, 0x0000000745400000|  0%| F|  |TAMS 0x0000000745200000, 0x0000000745200000| Untracked 
|   8|0x0000000745400000, 0x0000000745400000, 0x0000000745600000|  0%| F|  |TAMS 0x0000000745400000, 0x0000000745400000| Untracked 
|   9|0x0000000745600000, 0x0000000745600000, 0x0000000745800000|  0%| F|  |TAMS 0x0000000745600000, 0x0000000745600000| Untracked 
|  10|0x0000000745800000, 0x0000000745800000, 0x0000000745a00000|  0%| F|  |TAMS 0x0000000745800000, 0x0000000745800000| Untracked 
|  11|0x0000000745a00000, 0x0000000745a00000, 0x0000000745c00000|  0%| F|  |TAMS 0x0000000745a00000, 0x0000000745a00000| Untracked 
|  12|0x0000000745c00000, 0x0000000745c00000, 0x0000000745e00000|  0%| F|  |TAMS 0x0000000745c00000, 0x0000000745c00000| Untracked 
|  13|0x0000000745e00000, 0x0000000745e00000, 0x0000000746000000|  0%| F|  |TAMS 0x0000000745e00000, 0x0000000745e00000| Untracked 
|  14|0x0000000746000000, 0x0000000746000000, 0x0000000746200000|  0%| F|  |TAMS 0x0000000746000000, 0x0000000746000000| Untracked 
|  15|0x0000000746200000, 0x0000000746200000, 0x0000000746400000|  0%| F|  |TAMS 0x0000000746200000, 0x0000000746200000| Untracked 
|  16|0x0000000746400000, 0x0000000746400000, 0x0000000746600000|  0%| F|  |TAMS 0x0000000746400000, 0x0000000746400000| Untracked 
|  17|0x0000000746600000, 0x0000000746600000, 0x0000000746800000|  0%| F|  |TAMS 0x0000000746600000, 0x0000000746600000| Untracked 
|  18|0x0000000746800000, 0x0000000746800000, 0x0000000746a00000|  0%| F|  |TAMS 0x0000000746800000, 0x0000000746800000| Untracked 
|  19|0x0000000746a00000, 0x0000000746a00000, 0x0000000746c00000|  0%| F|  |TAMS 0x0000000746a00000, 0x0000000746a00000| Untracked 
|  20|0x0000000746c00000, 0x0000000746c00000, 0x0000000746e00000|  0%| F|  |TAMS 0x0000000746c00000, 0x0000000746c00000| Untracked 
|  21|0x0000000746e00000, 0x0000000746e00000, 0x0000000747000000|  0%| F|  |TAMS 0x0000000746e00000, 0x0000000746e00000| Untracked 
|  22|0x0000000747000000, 0x0000000747000000, 0x0000000747200000|  0%| F|  |TAMS 0x0000000747000000, 0x0000000747000000| Untracked 
|  23|0x0000000747200000, 0x0000000747200000, 0x0000000747400000|  0%| F|  |TAMS 0x0000000747200000, 0x0000000747200000| Untracked 
|  24|0x0000000747400000, 0x0000000747400000, 0x0000000747600000|  0%| F|  |TAMS 0x0000000747400000, 0x0000000747400000| Untracked 
|  25|0x0000000747600000, 0x0000000747600000, 0x0000000747800000|  0%| F|  |TAMS 0x0000000747600000, 0x0000000747600000| Untracked 
|  26|0x0000000747800000, 0x0000000747800000, 0x0000000747a00000|  0%| F|  |TAMS 0x0000000747800000, 0x0000000747800000| Untracked 
|  27|0x0000000747a00000, 0x0000000747a00000, 0x0000000747c00000|  0%| F|  |TAMS 0x0000000747a00000, 0x0000000747a00000| Untracked 
|  28|0x0000000747c00000, 0x0000000747c00000, 0x0000000747e00000|  0%| F|  |TAMS 0x0000000747c00000, 0x0000000747c00000| Untracked 
|  29|0x0000000747e00000, 0x0000000747e00000, 0x0000000748000000|  0%| F|  |TAMS 0x0000000747e00000, 0x0000000747e00000| Untracked 
|  30|0x0000000748000000, 0x0000000748000000, 0x0000000748200000|  0%| F|  |TAMS 0x0000000748000000, 0x0000000748000000| Untracked 
|  31|0x0000000748200000, 0x0000000748200000, 0x0000000748400000|  0%| F|  |TAMS 0x0000000748200000, 0x0000000748200000| Untracked 
|  32|0x0000000748400000, 0x0000000748400000, 0x0000000748600000|  0%| F|  |TAMS 0x0000000748400000, 0x0000000748400000| Untracked 
|  33|0x0000000748600000, 0x0000000748600000, 0x0000000748800000|  0%| F|  |TAMS 0x0000000748600000, 0x0000000748600000| Untracked 
|  34|0x0000000748800000, 0x0000000748800000, 0x0000000748a00000|  0%| F|  |TAMS 0x0000000748800000, 0x0000000748800000| Untracked 
|  35|0x0000000748a00000, 0x0000000748a00000, 0x0000000748c00000|  0%| F|  |TAMS 0x0000000748a00000, 0x0000000748a00000| Untracked 
|  36|0x0000000748c00000, 0x0000000748c00000, 0x0000000748e00000|  0%| F|  |TAMS 0x0000000748c00000, 0x0000000748c00000| Untracked 
|  37|0x0000000748e00000, 0x0000000748e00000, 0x0000000749000000|  0%| F|  |TAMS 0x0000000748e00000, 0x0000000748e00000| Untracked 
|  38|0x0000000749000000, 0x0000000749000000, 0x0000000749200000|  0%| F|  |TAMS 0x0000000749000000, 0x0000000749000000| Untracked 
|  39|0x0000000749200000, 0x0000000749200000, 0x0000000749400000|  0%| F|  |TAMS 0x0000000749200000, 0x0000000749200000| Untracked 
|  40|0x0000000749400000, 0x0000000749400000, 0x0000000749600000|  0%| F|  |TAMS 0x0000000749400000, 0x0000000749400000| Untracked 
|  41|0x0000000749600000, 0x0000000749600000, 0x0000000749800000|  0%| F|  |TAMS 0x0000000749600000, 0x0000000749600000| Untracked 
|  42|0x0000000749800000, 0x0000000749800000, 0x0000000749a00000|  0%| F|  |TAMS 0x0000000749800000, 0x0000000749800000| Untracked 
|  43|0x0000000749a00000, 0x0000000749a00000, 0x0000000749c00000|  0%| F|  |TAMS 0x0000000749a00000, 0x0000000749a00000| Untracked 
|  44|0x0000000749c00000, 0x0000000749c00000, 0x0000000749e00000|  0%| F|  |TAMS 0x0000000749c00000, 0x0000000749c00000| Untracked 
|  45|0x0000000749e00000, 0x0000000749e00000, 0x000000074a000000|  0%| F|  |TAMS 0x0000000749e00000, 0x0000000749e00000| Untracked 
|  46|0x000000074a000000, 0x000000074a000000, 0x000000074a200000|  0%| F|  |TAMS 0x000000074a000000, 0x000000074a000000| Untracked 
|  47|0x000000074a200000, 0x000000074a200000, 0x000000074a400000|  0%| F|  |TAMS 0x000000074a200000, 0x000000074a200000| Untracked 
|  48|0x000000074a400000, 0x000000074a400000, 0x000000074a600000|  0%| F|  |TAMS 0x000000074a400000, 0x000000074a400000| Untracked 
|  49|0x000000074a600000, 0x000000074a600000, 0x000000074a800000|  0%| F|  |TAMS 0x000000074a600000, 0x000000074a600000| Untracked 
|  50|0x000000074a800000, 0x000000074a800000, 0x000000074aa00000|  0%| F|  |TAMS 0x000000074a800000, 0x000000074a800000| Untracked 
|  51|0x000000074aa00000, 0x000000074aa00000, 0x000000074ac00000|  0%| F|  |TAMS 0x000000074aa00000, 0x000000074aa00000| Untracked 
|  52|0x000000074ac00000, 0x000000074ac00000, 0x000000074ae00000|  0%| F|  |TAMS 0x000000074ac00000, 0x000000074ac00000| Untracked 
|  53|0x000000074ae00000, 0x000000074ae00000, 0x000000074b000000|  0%| F|  |TAMS 0x000000074ae00000, 0x000000074ae00000| Untracked 
|  54|0x000000074b000000, 0x000000074b000000, 0x000000074b200000|  0%| F|  |TAMS 0x000000074b000000, 0x000000074b000000| Untracked 
|  55|0x000000074b200000, 0x000000074b200000, 0x000000074b400000|  0%| F|  |TAMS 0x000000074b200000, 0x000000074b200000| Untracked 
|  56|0x000000074b400000, 0x000000074b400000, 0x000000074b600000|  0%| F|  |TAMS 0x000000074b400000, 0x000000074b400000| Untracked 
|  57|0x000000074b600000, 0x000000074b600000, 0x000000074b800000|  0%| F|  |TAMS 0x000000074b600000, 0x000000074b600000| Untracked 
|  58|0x000000074b800000, 0x000000074b800000, 0x000000074ba00000|  0%| F|  |TAMS 0x000000074b800000, 0x000000074b800000| Untracked 
|  59|0x000000074ba00000, 0x000000074ba00000, 0x000000074bc00000|  0%| F|  |TAMS 0x000000074ba00000, 0x000000074ba00000| Untracked 
|  60|0x000000074bc00000, 0x000000074bc00000, 0x000000074be00000|  0%| F|  |TAMS 0x000000074bc00000, 0x000000074bc00000| Untracked 
|  61|0x000000074be00000, 0x000000074be00000, 0x000000074c000000|  0%| F|  |TAMS 0x000000074be00000, 0x000000074be00000| Untracked 
|  62|0x000000074c000000, 0x000000074c000000, 0x000000074c200000|  0%| F|  |TAMS 0x000000074c000000, 0x000000074c000000| Untracked 
|  63|0x000000074c200000, 0x000000074c200000, 0x000000074c400000|  0%| F|  |TAMS 0x000000074c200000, 0x000000074c200000| Untracked 
|  64|0x000000074c400000, 0x000000074c400000, 0x000000074c600000|  0%| F|  |TAMS 0x000000074c400000, 0x000000074c400000| Untracked 
|  65|0x000000074c600000, 0x000000074c600000, 0x000000074c800000|  0%| F|  |TAMS 0x000000074c600000, 0x000000074c600000| Untracked 
|  66|0x000000074c800000, 0x000000074c800000, 0x000000074ca00000|  0%| F|  |TAMS 0x000000074c800000, 0x000000074c800000| Untracked 
|  67|0x000000074ca00000, 0x000000074ca00000, 0x000000074cc00000|  0%| F|  |TAMS 0x000000074ca00000, 0x000000074ca00000| Untracked 
|  68|0x000000074cc00000, 0x000000074cc00000, 0x000000074ce00000|  0%| F|  |TAMS 0x000000074cc00000, 0x000000074cc00000| Untracked 
|  69|0x000000074ce00000, 0x000000074ce00000, 0x000000074d000000|  0%| F|  |TAMS 0x000000074ce00000, 0x000000074ce00000| Untracked 
|  70|0x000000074d000000, 0x000000074d000000, 0x000000074d200000|  0%| F|  |TAMS 0x000000074d000000, 0x000000074d000000| Untracked 
|  71|0x000000074d200000, 0x000000074d200000, 0x000000074d400000|  0%| F|  |TAMS 0x000000074d200000, 0x000000074d200000| Untracked 
|  72|0x000000074d400000, 0x000000074d400000, 0x000000074d600000|  0%| F|  |TAMS 0x000000074d400000, 0x000000074d400000| Untracked 
|  73|0x000000074d600000, 0x000000074d600000, 0x000000074d800000|  0%| F|  |TAMS 0x000000074d600000, 0x000000074d600000| Untracked 
|  74|0x000000074d800000, 0x000000074d800000, 0x000000074da00000|  0%| F|  |TAMS 0x000000074d800000, 0x000000074d800000| Untracked 
|  75|0x000000074da00000, 0x000000074da00000, 0x000000074dc00000|  0%| F|  |TAMS 0x000000074da00000, 0x000000074da00000| Untracked 
|  76|0x000000074dc00000, 0x000000074dc00000, 0x000000074de00000|  0%| F|  |TAMS 0x000000074dc00000, 0x000000074dc00000| Untracked 
|  77|0x000000074de00000, 0x000000074de00000, 0x000000074e000000|  0%| F|  |TAMS 0x000000074de00000, 0x000000074de00000| Untracked 
|  78|0x000000074e000000, 0x000000074e000000, 0x000000074e200000|  0%| F|  |TAMS 0x000000074e000000, 0x000000074e000000| Untracked 
|  79|0x000000074e200000, 0x000000074e200000, 0x000000074e400000|  0%| F|  |TAMS 0x000000074e200000, 0x000000074e200000| Untracked 
|  80|0x000000074e400000, 0x000000074e400000, 0x000000074e600000|  0%| F|  |TAMS 0x000000074e400000, 0x000000074e400000| Untracked 
|  81|0x000000074e600000, 0x000000074e600000, 0x000000074e800000|  0%| F|  |TAMS 0x000000074e600000, 0x000000074e600000| Untracked 
|  82|0x000000074e800000, 0x000000074e800000, 0x000000074ea00000|  0%| F|  |TAMS 0x000000074e800000, 0x000000074e800000| Untracked 
|  83|0x000000074ea00000, 0x000000074ea00000, 0x000000074ec00000|  0%| F|  |TAMS 0x000000074ea00000, 0x000000074ea00000| Untracked 
|  84|0x000000074ec00000, 0x000000074ec00000, 0x000000074ee00000|  0%| F|  |TAMS 0x000000074ec00000, 0x000000074ec00000| Untracked 
|  85|0x000000074ee00000, 0x000000074ee00000, 0x000000074f000000|  0%| F|  |TAMS 0x000000074ee00000, 0x000000074ee00000| Untracked 
|  86|0x000000074f000000, 0x000000074f000000, 0x000000074f200000|  0%| F|  |TAMS 0x000000074f000000, 0x000000074f000000| Untracked 
|  87|0x000000074f200000, 0x000000074f400000, 0x000000074f400000|100%| S|CS|TAMS 0x000000074f200000, 0x000000074f200000| Complete 
|  88|0x000000074f400000, 0x000000074f400000, 0x000000074f600000|  0%| F|  |TAMS 0x000000074f400000, 0x000000074f400000| Untracked 
|  89|0x000000074f600000, 0x000000074f600000, 0x000000074f800000|  0%| F|  |TAMS 0x000000074f600000, 0x000000074f600000| Untracked 
|  90|0x000000074f800000, 0x000000074f800000, 0x000000074fa00000|  0%| F|  |TAMS 0x000000074f800000, 0x000000074f800000| Untracked 
|  91|0x000000074fa00000, 0x000000074fa00000, 0x000000074fc00000|  0%| F|  |TAMS 0x000000074fa00000, 0x000000074fa00000| Untracked 
|  92|0x000000074fc00000, 0x000000074fc00000, 0x000000074fe00000|  0%| F|  |TAMS 0x000000074fc00000, 0x000000074fc00000| Untracked 
|  93|0x000000074fe00000, 0x000000074ff1a3c8, 0x0000000750000000| 55%| E|  |TAMS 0x000000074fe00000, 0x000000074fe00000| Complete 

Card table byte_map: [0x000002a920030000,0x000002a920610000] _byte_map_base: 0x000002a91c60e000

Marking Bits (Prev, Next): (CMBitMap*) 0x000002a90916b590, (CMBitMap*) 0x000002a90916b5d0
 Prev Bits: [0x000002a920bf0000, 0x000002a923ae0000)
 Next Bits: [0x000002a923ae0000, 0x000002a9269d0000)

Polling page: 0x000002a9088e0000

Metaspace:

Usage:
  Non-class:      9.29 MB used.
      Class:      1.16 MB used.
       Both:     10.45 MB used.

Virtual space:
  Non-class space:       64.00 MB reserved,       9.38 MB ( 15%) committed,  1 nodes.
      Class space:        1.00 GB reserved,       1.25 MB ( <1%) committed,  1 nodes.
             Both:        1.06 GB reserved,      10.62 MB ( <1%) committed. 

Chunk freelists:
   Non-Class:  2.46 MB
       Class:  2.72 MB
        Both:  5.17 MB

MaxMetaspaceSize: unlimited
CompressedClassSpaceSize: 1.00 GB
Initial GC threshold: 21.00 MB
Current GC threshold: 21.00 MB
CDS: on
MetaspaceReclaimPolicy: balanced
 - commit_granule_bytes: 65536.
 - commit_granule_words: 8192.
 - virtual_space_node_default_size: 8388608.
 - enlarge_chunks_in_place: 1.
 - new_chunks_are_fully_committed: 0.
 - uncommit_free_chunks: 1.
 - use_allocation_guard: 0.


Internal statistics:

num_allocs_failed_limit: 0.
num_arena_births: 140.
num_arena_deaths: 0.
num_vsnodes_births: 2.
num_vsnodes_deaths: 0.
num_space_committed: 170.
num_space_uncommitted: 0.
num_chunks_returned_to_freelist: 0.
num_chunks_taken_from_freelist: 218.
num_chunk_merges: 0.
num_chunk_splits: 117.
num_chunks_enlarged: 42.
num_inconsistent_stats: 0.

CodeHeap 'non-profiled nmethods': size=120000Kb used=615Kb max_used=615Kb free=119384Kb
 bounds [0x000002a918520000, 0x000002a918790000, 0x000002a91fa50000]
CodeHeap 'profiled nmethods': size=120000Kb used=3124Kb max_used=3124Kb free=116875Kb
 bounds [0x000002a910ff0000, 0x000002a911300000, 0x000002a918520000]
CodeHeap 'non-nmethods': size=5760Kb used=1314Kb max_used=1385Kb free=4445Kb
 bounds [0x000002a910a50000, 0x000002a910cc0000, 0x000002a910ff0000]
 total_blobs=2270 nmethods=1644 adapters=538
 compilation: enabled
              stopped_count=0, restarted_count=0
 full_count=0

Compilation events (20 events):
Event: 11698.913 Thread 0x000002a928ea95e0 1635       1       sun.awt.NullComponentPeer::updateGraphicsData (2 bytes)
Event: 11698.913 Thread 0x000002a928ea95e0 nmethod 1635 0x000002a9185a4290 code [0x000002a9185a4420, 0x000002a9185a44f8]
Event: 11698.914 Thread 0x000002a928ea95e0 1636       3       java.util.HashMap::afterNodeAccess (1 bytes)
Event: 11698.914 Thread 0x000002a928ea95e0 nmethod 1636 0x000002a9112faf90 code [0x000002a9112fb120, 0x000002a9112fb238]
Event: 11699.203 Thread 0x000002a928e37ab0 nmethod 1630 0x000002a9185a4590 code [0x000002a9185a5080, 0x000002a9185b3460]
Event: 11699.203 Thread 0x000002a928e37ab0 1637       4       java.util.HashMap::put (13 bytes)
Event: 11699.204 Thread 0x000002a928e37ab0 nmethod 1637 0x000002a9185b7710 code [0x000002a9185b78a0, 0x000002a9185b79e8]
Event: 11699.204 Thread 0x000002a928e37ab0 1634       4       java.util.ArrayList::iterator (9 bytes)
Event: 11699.205 Thread 0x000002a928e37ab0 nmethod 1634 0x000002a9185b7b10 code [0x000002a9185b7ca0, 0x000002a9185b7d98]
Event: 11764.849 Thread 0x000002a928e37ab0 1638       4       java.util.HashMap::newNode (13 bytes)
Event: 11764.850 Thread 0x000002a928e37ab0 nmethod 1638 0x000002a9185b7e90 code [0x000002a9185b8020, 0x000002a9185b8138]
Event: 11764.879 Thread 0x000002a928e37ab0 1639       4       jdk.internal.logger.SimpleConsoleLogger::isLoggable (29 bytes)
Event: 11764.881 Thread 0x000002a928e37ab0 nmethod 1639 0x000002a9185b8210 code [0x000002a9185b83a0, 0x000002a9185b8498]
Event: 11764.881 Thread 0x000002a928e37ab0 1640       4       jdk.internal.logger.LazyLoggers$LazyLoggerWrapper::platformProxy (10 bytes)
Event: 11764.884 Thread 0x000002a928e37ab0 nmethod 1640 0x000002a9185b8610 code [0x000002a9185b87c0, 0x000002a9185b8fd0]
Event: 11764.884 Thread 0x000002a928e37ab0 1641   !   4       jdk.internal.logger.LazyLoggers$LazyLoggerAccessor::platform (103 bytes)
Event: 11764.887 Thread 0x000002a928e37ab0 nmethod 1641 0x000002a9185b9190 code [0x000002a9185b9340, 0x000002a9185b9b10]
Event: 11764.997 Thread 0x000002a928ea95e0 1642   !   3       java.awt.Toolkit::setDesktopProperty (81 bytes)
Event: 11764.997 Thread 0x000002a928ea95e0 nmethod 1642 0x000002a9112fb310 code [0x000002a9112fb520, 0x000002a9112fbd88]
Event: 14351.519 Thread 0x000002a928e37ab0 1643       4       java.lang.StringLatin1::compareTo (52 bytes)

GC Heap History (2 events):
Event: 6.166 GC heap before
{Heap before GC invocations=0 (full 0):
 garbage-first heap   total 192512K, used 18432K [0x0000000744400000, 0x0000000800000000)
  region size 2048K, 6 young (12288K), 0 survivors (0K)
 Metaspace       used 10601K, committed 10816K, reserved 1114112K
  class space    used 1182K, committed 1280K, reserved 1048576K
}
Event: 6.171 GC heap after
{Heap after GC invocations=1 (full 0):
 garbage-first heap   total 192512K, used 9516K [0x0000000744400000, 0x0000000800000000)
  region size 2048K, 1 young (2048K), 1 survivors (2048K)
 Metaspace       used 10601K, committed 10816K, reserved 1114112K
  class space    used 1182K, committed 1280K, reserved 1048576K
}

Deoptimization events (20 events):
Event: 6.178 Thread 0x000002a92d4bcf90 Uncommon trap: trap_request=0xffffff45 fr.pc=0x000002a91859ed5c relative=0x000000000000005c
Event: 6.178 Thread 0x000002a92d4bcf90 Uncommon trap: reason=unstable_if action=reinterpret pc=0x000002a91859ed5c method=java.lang.ref.ReferenceQueue.poll()Ljava/lang/ref/Reference; @ 4 c2
Event: 6.178 Thread 0x000002a92d4bcf90 DEOPT PACKING pc=0x000002a91859ed5c sp=0x000000aa412fd060
Event: 6.179 Thread 0x000002a92d4bcf90 DEOPT UNPACKING pc=0x000002a910aa5c23 sp=0x000000aa412fcff0 mode 2
Event: 11698.914 Thread 0x000002a92d4bcf90 Uncommon trap: trap_request=0xffffffde fr.pc=0x000002a91857fd50 relative=0x00000000000008b0
Event: 11698.914 Thread 0x000002a92d4bcf90 Uncommon trap: reason=class_check action=maybe_recompile pc=0x000002a91857fd50 method=java.util.HashMap.putVal(ILjava/lang/Object;Ljava/lang/Object;ZZ)Ljava/lang/Object; @ 203 c2
Event: 11698.914 Thread 0x000002a92d4bcf90 DEOPT PACKING pc=0x000002a91857fd50 sp=0x000000aa412fe820
Event: 11698.914 Thread 0x000002a92d4bcf90 DEOPT UNPACKING pc=0x000002a910aa5c23 sp=0x000000aa412fe748 mode 2
Event: 11698.914 Thread 0x000002a92d4bcf90 Uncommon trap: trap_request=0xffffffde fr.pc=0x000002a91857fd50 relative=0x00000000000008b0
Event: 11698.914 Thread 0x000002a92d4bcf90 Uncommon trap: reason=class_check action=maybe_recompile pc=0x000002a91857fd50 method=java.util.HashMap.putVal(ILjava/lang/Object;Ljava/lang/Object;ZZ)Ljava/lang/Object; @ 203 c2
Event: 11698.914 Thread 0x000002a92d4bcf90 DEOPT PACKING pc=0x000002a91857fd50 sp=0x000000aa412fe820
Event: 11698.914 Thread 0x000002a92d4bcf90 DEOPT UNPACKING pc=0x000002a910aa5c23 sp=0x000000aa412fe748 mode 2
Event: 11698.914 Thread 0x000002a92d4bcf90 Uncommon trap: trap_request=0xffffffde fr.pc=0x000002a91857fd50 relative=0x00000000000008b0
Event: 11698.914 Thread 0x000002a92d4bcf90 Uncommon trap: reason=class_check action=maybe_recompile pc=0x000002a91857fd50 method=java.util.HashMap.putVal(ILjava/lang/Object;Ljava/lang/Object;ZZ)Ljava/lang/Object; @ 203 c2
Event: 11698.914 Thread 0x000002a92d4bcf90 DEOPT PACKING pc=0x000002a91857fd50 sp=0x000000aa412fe820
Event: 11698.914 Thread 0x000002a92d4bcf90 DEOPT UNPACKING pc=0x000002a910aa5c23 sp=0x000000aa412fe748 mode 2
Event: 11698.914 Thread 0x000002a92d4bcf90 Uncommon trap: trap_request=0xffffffde fr.pc=0x000002a91857fd50 relative=0x00000000000008b0
Event: 11698.914 Thread 0x000002a92d4bcf90 Uncommon trap: reason=class_check action=maybe_recompile pc=0x000002a91857fd50 method=java.util.HashMap.putVal(ILjava/lang/Object;Ljava/lang/Object;ZZ)Ljava/lang/Object; @ 203 c2
Event: 11698.914 Thread 0x000002a92d4bcf90 DEOPT PACKING pc=0x000002a91857fd50 sp=0x000000aa412fe820
Event: 11698.914 Thread 0x000002a92d4bcf90 DEOPT UNPACKING pc=0x000002a910aa5c23 sp=0x000000aa412fe748 mode 2

Classes loaded (20 events):
Event: 5.009 Loading class javax/swing/text/AbstractDocument$UndoRedoDocumentEvent
Event: 5.011 Loading class javax/swing/text/AbstractDocument$UndoRedoDocumentEvent done
Event: 5.011 Loading class javax/swing/text/DefaultCaret$1
Event: 5.011 Loading class javax/swing/text/DefaultCaret$1 done
Event: 5.011 Loading class javax/swing/event/UndoableEditEvent
Event: 5.011 Loading class javax/swing/event/UndoableEditEvent done
Event: 5.011 Loading class javax/swing/text/AbstractDocument$DefaultDocumentEventUndoableWrapper
Event: 5.011 Loading class sun/swing/text/UndoableEditLockSupport
Event: 5.012 Loading class sun/swing/text/UndoableEditLockSupport done
Event: 5.012 Loading class javax/swing/text/AbstractDocument$DefaultDocumentEventUndoableWrapper done
Event: 5.012 Loading class javax/swing/event/UndoableEditListener
Event: 5.012 Loading class javax/swing/event/UndoableEditListener done
Event: 6.177 Loading class javax/swing/event/ListSelectionEvent
Event: 6.177 Loading class javax/swing/event/ListSelectionEvent done
Event: 11698.814 Loading class java/util/WeakHashMap$KeyIterator
Event: 11698.815 Loading class java/util/WeakHashMap$HashIterator
Event: 11698.818 Loading class java/util/WeakHashMap$HashIterator done
Event: 11698.818 Loading class java/util/WeakHashMap$KeyIterator done
Event: 11698.867 Loading class javax/swing/RepaintManager$DisplayChangedRunnable
Event: 11698.867 Loading class javax/swing/RepaintManager$DisplayChangedRunnable done

Classes unloaded (0 events):
No events

Classes redefined (0 events):
No events

Internal exceptions (16 events):
Event: 0.091 Thread 0x000002a906fcdf80 Exception <a 'java/lang/ClassNotFoundException'{0x000000074ff68f00}: sun/awt/resources/spi/awtProvider> (0x000000074ff68f00) 
thrown [s\open\src\hotspot\share\classfile\systemDictionary.cpp, line 255]
Event: 0.109 Thread 0x000002a906fcdf80 Exception <a 'java/io/FileNotFoundException'{0x000000074ffbe568}> (0x000000074ffbe568) 
thrown [s\open\src\hotspot\share\prims\jni.cpp, line 516]
Event: 0.113 Thread 0x000002a906fcdf80 Exception <a 'java/io/FileNotFoundException'{0x000000074ffeb538}> (0x000000074ffeb538) 
thrown [s\open\src\hotspot\share\prims\jni.cpp, line 516]
Event: 0.143 Thread 0x000002a906fcdf80 Exception <a 'java/lang/NoSuchMethodError'{0x000000074fc2b320}: 'java.lang.Object java.lang.invoke.DirectMethodHandle$Holder.invokeStaticInit(java.lang.Object)'> (0x000000074fc2b320) 
thrown [s\open\src\hotspot\share\interpreter\linkResolver.cpp, line 766]
Event: 0.170 Thread 0x000002a906fcdf80 Exception <a 'java/lang/NoSuchMethodError'{0x000000074fcb2880}: 'void java.lang.invoke.DirectMethodHandle$Holder.invokeSpecial(java.lang.Object, java.lang.Object, java.lang.Object)'> (0x000000074fcb2880) 
thrown [s\open\src\hotspot\share\interpreter\linkResolver.cpp, line 766]
Event: 0.176 Thread 0x000002a906fcdf80 Exception <a 'java/lang/NoSuchMethodError'{0x000000074fcde378}: 'java.lang.Object java.lang.invoke.DirectMethodHandle$Holder.newInvokeSpecial(java.lang.Object, java.lang.Object, java.lang.Object, java.lang.Object, java.lang.Object)'> (0x000000074fcde378) 
thrown [s\open\src\hotspot\share\interpreter\linkResolver.cpp, line 766]
Event: 0.180 Thread 0x000002a906fcdf80 Exception <a 'java/lang/NoSuchMethodError'{0x000000074fd100d8}: 'java.lang.Object java.lang.invoke.DirectMethodHandle$Holder.invokeStatic(java.lang.Object, int, java.lang.Object)'> (0x000000074fd100d8) 
thrown [s\open\src\hotspot\share\interpreter\linkResolver.cpp, line 766]
Event: 0.197 Thread 0x000002a906fcdf80 Exception <a 'java/lang/ClassNotFoundException'{0x000000074fdcd2d8}: com/sun/swing/internal/plaf/metal/resources/spi/metalProvider> (0x000000074fdcd2d8) 
thrown [s\open\src\hotspot\share\classfile\systemDictionary.cpp, line 255]
Event: 0.198 Thread 0x000002a906fcdf80 Exception <a 'java/lang/ClassNotFoundException'{0x000000074fdd1340}: com/sun/swing/internal/plaf/basic/resources/spi/basicProvider> (0x000000074fdd1340) 
thrown [s\open\src\hotspot\share\classfile\systemDictionary.cpp, line 255]
Event: 0.206 Thread 0x000002a906fcdf80 Exception <a 'java/lang/NoSuchMethodError'{0x000000074fdf2080}: 'int java.lang.invoke.Invokers$Holder.invokeExact_MT(java.lang.Object, java.lang.Object)'> (0x000000074fdf2080) 
thrown [s\open\src\hotspot\share\interpreter\linkResolver.cpp, line 766]
Event: 0.319 Thread 0x000002a906fcdf80 Exception <a 'java/lang/NoSuchMethodError'{0x000000074f835318}: 'void java.lang.invoke.DirectMethodHandle$Holder.invokeStaticInit(java.lang.Object)'> (0x000000074f835318) 
thrown [s\open\src\hotspot\share\interpreter\linkResolver.cpp, line 766]
Event: 0.355 Thread 0x000002a92d24cb80 Exception <a 'java/lang/NoSuchMethodError'{0x000000074fc4dc10}: 'void java.lang.invoke.DirectMethodHandle$Holder.invokeVirtual(java.lang.Object, java.lang.Object)'> (0x000000074fc4dc10) 
thrown [s\open\src\hotspot\share\interpreter\linkResolver.cpp, line 766]
Event: 0.443 Thread 0x000002a906fcdf80 Exception <a 'java/lang/NoSuchMethodError'{0x000000074f934fc0}: 'long java.lang.invoke.DirectMethodHandle$Holder.invokeSpecial(java.lang.Object, java.lang.Object)'> (0x000000074f934fc0) 
thrown [s\open\src\hotspot\share\interpreter\linkResolver.cpp, line 766]
Event: 0.443 Thread 0x000002a906fcdf80 Exception <a 'java/lang/NoSuchMethodError'{0x000000074f938658}: 'long java.lang.invoke.Invokers$Holder.invokeExact_MT(java.lang.Object, java.lang.Object)'> (0x000000074f938658) 
thrown [s\open\src\hotspot\share\interpreter\linkResolver.cpp, line 766]
Event: 4.968 Thread 0x000002a92d4bcf90 Exception <a 'java/lang/NoSuchMethodError'{0x000000074f5bd1d8}: 'void java.lang.invoke.DirectMethodHandle$Holder.invokeSpecial(java.lang.Object, java.lang.Object, java.lang.Object, java.lang.Object, java.lang.Object)'> (0x000000074f5bd1d8) 
thrown [s\open\src\hotspot\share\interpreter\linkResolver.cpp, line 766]
Event: 6.177 Thread 0x000002a92d4bcf90 Implicit null exception at 0x000002a91856f309 to 0x000002a918570a0c

VM Operations (20 events):
Event: 4.388 Executing VM operation: Cleanup
Event: 4.388 Executing VM operation: Cleanup done
Event: 5.393 Executing VM operation: Cleanup
Event: 5.393 Executing VM operation: Cleanup done
Event: 6.166 Executing VM operation: G1CollectForAllocation
Event: 6.171 Executing VM operation: G1CollectForAllocation done
Event: 7.183 Executing VM operation: Cleanup
Event: 7.183 Executing VM operation: Cleanup done
Event: 8.190 Executing VM operation: Cleanup
Event: 8.190 Executing VM operation: Cleanup done
Event: 9.202 Executing VM operation: Cleanup
Event: 9.202 Executing VM operation: Cleanup done
Event: 10.215 Executing VM operation: Cleanup
Event: 10.215 Executing VM operation: Cleanup done
Event: 11.227 Executing VM operation: Cleanup
Event: 11.227 Executing VM operation: Cleanup done
Event: 11699.808 Executing VM operation: Cleanup
Event: 11699.808 Executing VM operation: Cleanup done
Event: 11765.324 Executing VM operation: Cleanup
Event: 11765.324 Executing VM operation: Cleanup done

Events (20 events):
Event: 0.039 Thread 0x000002a928ea95e0 Thread added: 0x000002a928ea95e0
Event: 0.039 Thread 0x000002a928eb9ed0 Thread added: 0x000002a928eb9ed0
Event: 0.059 Thread 0x000002a92d19e810 Thread added: 0x000002a92d19e810
Event: 0.063 Thread 0x000002a92d1a4960 Thread added: 0x000002a92d1a4960
Event: 0.077 Loaded shared library C:\Program Files\Java\jdk-18.0.1.1\bin\jimage.dll
Event: 0.080 Loaded shared library C:\Program Files\Java\jdk-18.0.1.1\bin\net.dll
Event: 0.082 Loaded shared library C:\Program Files\Java\jdk-18.0.1.1\bin\nio.dll
Event: 0.085 Loaded shared library C:\Program Files\Java\jdk-18.0.1.1\bin\zip.dll
Event: 0.099 Loaded shared library C:\Program Files\Java\jdk-18.0.1.1\bin\awt.dll
Event: 0.143 Thread 0x000002a92d3ab700 Thread added: 0x000002a92d3ab700
Event: 0.144 Thread 0x000002a92d249c00 Thread added: 0x000002a92d249c00
Event: 0.144 Thread 0x000002a92d24cb80 Thread added: 0x000002a92d24cb80
Event: 0.296 Thread 0x000002a92d4bcf90 Thread added: 0x000002a92d4bcf90
Event: 0.322 Loaded shared library C:\Program Files\Java\jdk-18.0.1.1\bin\freetype.dll
Event: 0.323 Loaded shared library C:\Program Files\Java\jdk-18.0.1.1\bin\fontmanager.dll
Event: 0.490 Thread 0x000002a906fcdf80 Thread exited: 0x000002a906fcdf80
Event: 0.490 Thread 0x000002a92e0ae400 Thread added: 0x000002a92e0ae400
Event: 0.706 Thread 0x000002a92e0abd80 Thread added: 0x000002a92e0abd80
Event: 4.951 Thread 0x000002a92dfec2c0 Thread added: 0x000002a92dfec2c0
Event: 5.397 Thread 0x000002a92dfec2c0 Thread exited: 0x000002a92dfec2c0


Dynamic libraries:
0x00007ff7eff30000 - 0x00007ff7eff40000 	C:\Program Files\Java\jdk-18.0.1.1\bin\javaw.exe
0x00007ffb50460000 - 0x00007ffb50669000 	C:\WINDOWS\SYSTEM32\ntdll.dll
0x00007ffb4f010000 - 0x00007ffb4f0cd000 	C:\WINDOWS\System32\KERNEL32.DLL
0x00007ffb4dc20000 - 0x00007ffb4df99000 	C:\WINDOWS\System32\KERNELBASE.dll
0x00007ffb4e060000 - 0x00007ffb4e171000 	C:\WINDOWS\System32\ucrtbase.dll
0x00007ffb2e430000 - 0x00007ffb2e44a000 	C:\Program Files\Java\jdk-18.0.1.1\bin\VCRUNTIME140.dll
0x00007ffb2e970000 - 0x00007ffb2e988000 	C:\Program Files\Java\jdk-18.0.1.1\bin\jli.dll
0x00007ffb4e410000 - 0x00007ffb4e4be000 	C:\WINDOWS\System32\ADVAPI32.dll
0x00007ffb501c0000 - 0x00007ffb50263000 	C:\WINDOWS\System32\msvcrt.dll
0x00007ffb4ef70000 - 0x00007ffb4f00e000 	C:\WINDOWS\System32\sechost.dll
0x00007ffb4e750000 - 0x00007ffb4e870000 	C:\WINDOWS\System32\RPCRT4.dll
0x00007ffb50270000 - 0x00007ffb5041c000 	C:\WINDOWS\System32\USER32.dll
0x00007ffb4da60000 - 0x00007ffb4da86000 	C:\WINDOWS\System32\win32u.dll
0x00007ffb4e9e0000 - 0x00007ffb4ea09000 	C:\WINDOWS\System32\GDI32.dll
0x00007ffb4da90000 - 0x00007ffb4dba2000 	C:\WINDOWS\System32\gdi32full.dll
0x00007ffb4d9c0000 - 0x00007ffb4da5d000 	C:\WINDOWS\System32\msvcp_win.dll
0x00007ffb26ac0000 - 0x00007ffb26d65000 	C:\WINDOWS\WinSxS\amd64_microsoft.windows.common-controls_6595b64144ccf1df_6.0.22000.120_none_9d947278b86cc467\COMCTL32.dll
0x00007ffb44980000 - 0x00007ffb4498a000 	C:\WINDOWS\SYSTEM32\VERSION.dll
0x00007ffb4f1b0000 - 0x00007ffb4f1e1000 	C:\WINDOWS\System32\IMM32.DLL
0x00007ffb46520000 - 0x00007ffb4652c000 	C:\Program Files\Java\jdk-18.0.1.1\bin\vcruntime140_1.dll
0x00007ffb2e3a0000 - 0x00007ffb2e42d000 	C:\Program Files\Java\jdk-18.0.1.1\bin\msvcp140.dll
0x00007ffaf0860000 - 0x00007ffaf1470000 	C:\Program Files\Java\jdk-18.0.1.1\bin\server\jvm.dll
0x00007ffb4eae0000 - 0x00007ffb4eae8000 	C:\WINDOWS\System32\PSAPI.DLL
0x00007ffb45170000 - 0x00007ffb45179000 	C:\WINDOWS\SYSTEM32\WSOCK32.dll
0x00007ffb4e680000 - 0x00007ffb4e6ef000 	C:\WINDOWS\System32\WS2_32.dll
0x00007ffb45130000 - 0x00007ffb45163000 	C:\WINDOWS\SYSTEM32\WINMM.dll
0x00007ffb4ca30000 - 0x00007ffb4ca48000 	C:\WINDOWS\SYSTEM32\kernel.appcore.dll
0x00007ffb44570000 - 0x00007ffb4457a000 	C:\Program Files\Java\jdk-18.0.1.1\bin\jimage.dll
0x00007ffb4b490000 - 0x00007ffb4b6b1000 	C:\WINDOWS\SYSTEM32\DBGHELP.DLL
0x00007ffb3beb0000 - 0x00007ffb3bee1000 	C:\WINDOWS\SYSTEM32\dbgcore.DLL
0x00007ffb4d940000 - 0x00007ffb4d9bf000 	C:\WINDOWS\System32\bcryptPrimitives.dll
0x00007ffb2e370000 - 0x00007ffb2e395000 	C:\Program Files\Java\jdk-18.0.1.1\bin\java.dll
0x00007ffb02f70000 - 0x00007ffb03046000 	C:\Program Files\Java\jdk-18.0.1.1\bin\jsvml.dll
0x00007ffb4f360000 - 0x00007ffb4fb18000 	C:\WINDOWS\System32\SHELL32.dll
0x00007ffb4bab0000 - 0x00007ffb4c318000 	C:\WINDOWS\SYSTEM32\windows.storage.dll
0x00007ffb4fb20000 - 0x00007ffb4fe99000 	C:\WINDOWS\System32\combase.dll
0x00007ffb4b940000 - 0x00007ffb4baa6000 	C:\WINDOWS\SYSTEM32\wintypes.dll
0x00007ffb4f270000 - 0x00007ffb4f35a000 	C:\WINDOWS\System32\SHCORE.dll
0x00007ffb4f210000 - 0x00007ffb4f26d000 	C:\WINDOWS\System32\shlwapi.dll
0x00007ffb4d870000 - 0x00007ffb4d891000 	C:\WINDOWS\SYSTEM32\profapi.dll
0x00007ffb2e350000 - 0x00007ffb2e363000 	C:\Program Files\Java\jdk-18.0.1.1\bin\net.dll
0x00007ffb46100000 - 0x00007ffb4620c000 	C:\WINDOWS\SYSTEM32\WINHTTP.dll
0x00007ffb4cee0000 - 0x00007ffb4cf47000 	C:\WINDOWS\system32\mswsock.dll
0x00007ffb2e330000 - 0x00007ffb2e346000 	C:\Program Files\Java\jdk-18.0.1.1\bin\nio.dll
0x00007ffb1b280000 - 0x00007ffb1b298000 	C:\Program Files\Java\jdk-18.0.1.1\bin\zip.dll
0x00007ffaf8400000 - 0x00007ffaf858f000 	C:\Program Files\Java\jdk-18.0.1.1\bin\awt.dll
0x00007ffb4f0d0000 - 0x00007ffb4f1a6000 	C:\WINDOWS\System32\OLEAUT32.dll
0x00007ffb4abf0000 - 0x00007ffb4ac81000 	C:\WINDOWS\SYSTEM32\apphelp.dll
0x00007ffb4b030000 - 0x00007ffb4b05f000 	C:\WINDOWS\system32\DWMAPI.DLL
0x00007ffb4acb0000 - 0x00007ffb4ad5c000 	C:\WINDOWS\system32\uxtheme.dll
0x00007ffb09c00000 - 0x00007ffb09d01000 	C:\WINDOWS\system32\opengl32.dll
0x00007ffb0a560000 - 0x00007ffb0a58d000 	C:\WINDOWS\SYSTEM32\GLU32.dll
0x00007ffb4ad90000 - 0x00007ffb4adc8000 	C:\WINDOWS\SYSTEM32\dxcore.dll
0x00007ffb4e2f0000 - 0x00007ffb4e40e000 	C:\WINDOWS\System32\MSCTF.dll
0x00007ffb4fea0000 - 0x00007ffb5003a000 	C:\WINDOWS\System32\ole32.dll
0x00007ffaf9770000 - 0x00007ffaf97f9000 	C:\Program Files\Java\jdk-18.0.1.1\bin\freetype.dll
0x00007ffaf9020000 - 0x00007ffaf90c8000 	C:\Program Files\Java\jdk-18.0.1.1\bin\fontmanager.dll
0x00007ffb08c00000 - 0x00007ffb08d2d000 	C:\WINDOWS\SYSTEM32\textinputframework.dll
0x00007ffb4a900000 - 0x00007ffb4aa32000 	C:\WINDOWS\SYSTEM32\CoreMessaging.dll
0x00007ffb48b70000 - 0x00007ffb48edd000 	C:\WINDOWS\SYSTEM32\CoreUIComponents.dll
0x00007ffb4d140000 - 0x00007ffb4d14c000 	C:\WINDOWS\SYSTEM32\CRYPTBASE.DLL
0x00007ffb4ea30000 - 0x00007ffb4eadf000 	C:\WINDOWS\System32\clbcatq.dll
0x00007ffb47b00000 - 0x00007ffb47cae000 	C:\WINDOWS\SYSTEM32\WindowsCodecs.dll
0x00007ffb003f0000 - 0x00007ffb0044d000 	C:\WINDOWS\system32\dataexchange.dll
0x00007ffb46ee0000 - 0x00007ffb47146000 	C:\WINDOWS\system32\twinapi.appcore.dll

dbghelp: loaded successfully - version: 4.0.5 - missing functions: none
symbol engine: initialized successfully - sym options: 0x614 - pdb path: .;C:\Program Files\Java\jdk-18.0.1.1\bin;C:\WINDOWS\SYSTEM32;C:\WINDOWS\WinSxS\amd64_microsoft.windows.common-controls_6595b64144ccf1df_6.0.22000.120_none_9d947278b86cc467;C:\Program Files\Java\jdk-18.0.1.1\bin\server

VM Arguments:
jvm_args: -Dfile.encoding=UTF-8 -XX:+ShowCodeDetailsInExceptionMessages 
java_command: SistemaVentas.Menu_Principal
java_class_path (initial): C:\Users\jnfg5\eclipse-workspace\Sistema_Ventas2\bin;C:\Users\jnfg5\eclipse-workspace\Sistema_Ventas2\librerias\gson-2.8.5.jar;C:\Users\jnfg5\eclipse-workspace\Sistema_Ventas2\librerias\itextpdf-5.4.0.jar;C:\Users\jnfg5\eclipse-workspace\Sistema_Ventas2\librerias\json-simple-1.1.1.jar
Launcher Type: SUN_STANDARD

[Global flags]
     intx CICompilerCount                          = 3                                         {product} {ergonomic}
     uint ConcGCThreads                            = 1                                         {product} {ergonomic}
     uint G1ConcRefinementThreads                  = 4                                         {product} {ergonomic}
   size_t G1HeapRegionSize                         = 2097152                                   {product} {ergonomic}
    uintx GCDrainStackTargetSize                   = 64                                        {product} {ergonomic}
   size_t InitialHeapSize                          = 197132288                                 {product} {ergonomic}
   size_t MarkStackSize                            = 4194304                                   {product} {ergonomic}
   size_t MaxHeapSize                              = 3149922304                                {product} {ergonomic}
   size_t MaxNewSize                               = 1889533952                                {product} {ergonomic}
   size_t MinHeapDeltaBytes                        = 2097152                                   {product} {ergonomic}
   size_t MinHeapSize                              = 8388608                                   {product} {ergonomic}
    uintx NonNMethodCodeHeapSize                   = 5832780                                {pd product} {ergonomic}
    uintx NonProfiledCodeHeapSize                  = 122912730                              {pd product} {ergonomic}
    uintx ProfiledCodeHeapSize                     = 122912730                              {pd product} {ergonomic}
    uintx ReservedCodeCacheSize                    = 251658240                              {pd product} {ergonomic}
     bool SegmentedCodeCache                       = true                                      {product} {ergonomic}
     bool ShowCodeDetailsInExceptionMessages       = true                                   {manageable} {command line}
   size_t SoftMaxHeapSize                          = 3149922304                             {manageable} {ergonomic}
     bool UseCompressedClassPointers               = true                           {product lp64_product} {ergonomic}
     bool UseCompressedOops                        = true                           {product lp64_product} {ergonomic}
     bool UseG1GC                                  = true                                      {product} {ergonomic}
     bool UseLargePagesIndividualAllocation        = false                                  {pd product} {ergonomic}

Logging:
Log output configuration:
 #0: stdout all=warning uptime,level,tags foldmultilines=false
 #1: stderr all=off uptime,level,tags foldmultilines=false

Environment Variables:
PATH=C:\Program Files\Common Files\Oracle\Java\javapath;C:\WINDOWS\system32;C:\WINDOWS;C:\WINDOWS\System32\Wbem;C:\WINDOWS\System32\WindowsPowerShell\v1.0\;C:\WINDOWS\System32\OpenSSH\;C:\Program Files (x86)\Microsoft SQL Server\150\Tools\Binn\;C:\Program Files\Microsoft SQL Server\150\Tools\Binn\;C:\Program Files (x86)\Microsoft SQL Server\150\DTS\Binn\;C:\Program Files\Microsoft SQL Server\150\DTS\Binn\;C:\Program Files\Microsoft SQL Server\Client SDK\ODBC\170\Tools\Binn\;C:\Program Files\Azure Data Studio\bin;C:\Program Files\Microsoft SQL Server\130\Tools\Binn\;C:\Program Files (x86)\Microsoft SQL Server\110\DTS\Binn\;C:\Program Files (x86)\Microsoft SQL Server\120\DTS\Binn\;C:\Program Files (x86)\Microsoft SQL Server\130\DTS\Binn\;C:\Program Files (x86)\Microsoft SQL Server\140\DTS\Binn\;C:\Program Files\dotnet\;C:\Program Files\nodejs\;C:\Users\jnfg5\AppData\Local\Microsoft\WindowsApps;;C:\Program Files\Azure Data Studio\bin;C:\Users\jnfg5\.dotnet\tools;C:\Users\jnfg5\AppData\Roaming\npm
USERNAME=jnfg5
OS=Windows_NT
PROCESSOR_IDENTIFIER=Intel64 Family 6 Model 140 Stepping 1, GenuineIntel



---------------  S Y S T E M  ---------------

OS:
 Windows 11 , 64 bit Build 22000 (10.0.22000.708)
OS uptime: 1 days 20:04 hours

CPU: total 4 (initial active 4) (2 cores per cpu, 2 threads per core) family 6 model 140 stepping 1 microcode 0xa4, cx8, cmov, fxsr, ht, mmx, 3dnowpref, sse, sse2, sse3, ssse3, sse4.1, sse4.2, popcnt, lzcnt, tsc, tscinvbit, avx, avx2, aes, erms, clmul, bmi1, bmi2, adx, avx512f, avx512dq, avx512cd, avx512bw, avx512vl, sha, fma, vzeroupper, avx512_vpopcntdq, avx512_vpclmulqdq, avx512_vaes, avx512_vnni, clflush, clflushopt, clwb, avx512_vbmi2, avx512_vbmi

Memory: 4k page, system-wide physical 12014M (2291M free)
TotalPageFile size 48878M (AvailPageFile size 0M)
current process WorkingSet (physical memory assigned to process): 48M, peak: 100M
current process commit charge ("private bytes"): 281M, peak: 312M

vm_info: Java HotSpot(TM) 64-Bit Server VM (18.0.1.1+2-6) for windows-amd64 JRE (18.0.1.1+2-6), built on Apr 25 2022 21:53:15 by "mach5one" with MS VC++ 16.8 / 16.9 (VS2019)

END.
